<?xml version="1.0" encoding="UTF-8"?>
<!-- Generated by org.testng.reporters.JUnitXMLReporter -->
<testsuite ignored="1" hostname="LAPTOP-JMEP1M58" failures="2" tests="21" name="Regression Tests" time="407.865" errors="0" timestamp="2025-10-07T22:18:11 IST">
  <testcase classname="test.HomePageTests" name="testHomepageLoadsCorrectly" time="4.886"/>
  <testcase classname="test.HomePageTests" name="testNavigationMenuItems" time="9.246"/>
  <testcase classname="test.HomePageTests" name="testProductCategoriesDisplay" time="16.445"/>
  <testcase classname="test.ProductTests" name="testProductGridDisplay" time="11.223"/>
  <testcase classname="test.ProductTests" name="testProductFilteringByCategory" time="15.576"/>
  <testcase classname="test.ProductTests" name="testProductDetailsPageElements" time="11.543"/>
  <testcase classname="test.ProductTests" name="testProductImageGallery" time="11.415"/>
  <testcase classname="test.ProductTests" name="testProductDescriptionAndSpecs" time="11.569"/>
  <testcase classname="test.ProductTests" name="testQuantitySelection" time="13.164"/>
  <testcase classname="test.ProductTests" name="testAddToCartFunctionality" time="23.271"/>
  <testcase classname="test.ProductTests" name="testProductPriceDisplay" time="11.456"/>
  <testcase classname="test.ProductTests" name="testProductSizeSelection" time="13.094"/>
  <testcase classname="test.CartTests" name="testAddingProductsToCart" time="22.448"/>
  <testcase classname="test.CartTests" name="testUpdatingProductQuantityInCart" time="25.335"/>
  <testcase classname="test.CartTests" name="testRemovingProductsFromCart" time="25.365"/>
  <testcase classname="test.CartTests" name="testCartTotalCalculation" time="22.269"/>
  <testcase classname="test.CartTests" name="testEmptyCartMessage" time="6.305"/>
  <testcase classname="test.CartTests" name="testCartIconBadgeUpdate" time="23.222"/>
  <testcase classname="test.InvalidFeatureTests" name="testProductSortingOptions" time="0.004">
    <failure type="java.lang.AssertionError" message="EXPECTED FAILURE: Product sorting feature is not implemented on Polymer Shop">
      <![CDATA[java.lang.AssertionError: EXPECTED FAILURE: Product sorting feature is not implemented on Polymer Shop
at test.InvalidFeatureTests.testProductSortingOptions(InvalidFeatureTests.java:49)
at java.base/java.util.ArrayList.forEach(ArrayList.java:1511)
... Removed 28 stack frames]]>
    </failure>
  </testcase> <!-- testProductSortingOptions -->
  <testcase classname="test.InvalidFeatureTests" name="testProductPagination" time="0.001">
    <failure type="java.lang.AssertionError" message="EXPECTED FAILURE: Pagination feature is not implemented on Polymer Shop">
      <![CDATA[java.lang.AssertionError: EXPECTED FAILURE: Pagination feature is not implemented on Polymer Shop
at test.InvalidFeatureTests.testProductPagination(InvalidFeatureTests.java:77)
at java.base/java.util.ArrayList.forEach(ArrayList.java:1511)
... Removed 28 stack frames]]>
    </failure>
  </testcase> <!-- testProductPagination -->
  <testcase classname="test.InvalidFeatureTests" name="reportInvalidFeatures" time="0.003"/>
  <testcase classname="test.InvalidFeatureTests" name="testProductSearchResults" time="0.0">
    <ignored/>
  </testcase> <!-- testProductSearchResults -->
</testsuite> <!-- Regression Tests -->
