<?xml version="1.0" encoding="UTF-8"?>
<!-- Generated by org.testng.reporters.JUnitXMLReporter -->
<testsuite ignored="0" hostname="LAPTOP-JMEP1M58" failures="0" tests="25" name="Chrome Tests" time="0.745" errors="0" timestamp="2025-10-04T14:02:53 IST">
  <testcase classname="test.HomePageTests" name="@BeforeMethod setup" time="0.019">
    <failure type="java.lang.NoClassDefFoundError" message="Could not initialize class utils.ConfigReader">
      <![CDATA[java.lang.NoClassDefFoundError: Could not initialize class utils.ConfigReader
at managers.DriverManager.getDriver(DriverManager.java:22)
at test.HomePageTests.setup(HomePageTests.java:23)
at java.base/java.util.ArrayList.forEach(ArrayList.java:1511)
at java.base/java.util.concurrent.FutureTask.run(FutureTask.java:264)
at java.base/java.util.concurrent.ThreadPoolExecutor.runWorker(ThreadPoolExecutor.java:1136)
at java.base/java.util.concurrent.ThreadPoolExecutor$Worker.run(ThreadPoolExecutor.java:635)
at java.base/java.lang.Thread.run(Thread.java:842)
Caused by: java.lang.ExceptionInInitializerError: Exception java.lang.RuntimeException: config.properties file not found at resources/Config.properties [in thread "TestNG-tests-1"]
at utils.ConfigReader.<clinit>(ConfigReader.java:19)
... 28 more
... Removed 21 stack frames]]>
    </failure>
  </testcase> <!-- @BeforeMethod setup -->
  <testcase classname="test.HomePageTests" name="@BeforeMethod setup" time="0.019">
    <failure type="java.lang.ExceptionInInitializerError">
      <![CDATA[java.lang.ExceptionInInitializerError
at managers.DriverManager.getDriver(DriverManager.java:22)
at test.HomePageTests.setup(HomePageTests.java:23)
at java.base/java.util.ArrayList.forEach(ArrayList.java:1511)
at java.base/java.util.concurrent.FutureTask.run(FutureTask.java:264)
at java.base/java.util.concurrent.ThreadPoolExecutor.runWorker(ThreadPoolExecutor.java:1136)
at java.base/java.util.concurrent.ThreadPoolExecutor$Worker.run(ThreadPoolExecutor.java:635)
at java.base/java.lang.Thread.run(Thread.java:842)
Caused by: java.lang.RuntimeException: config.properties file not found at resources/Config.properties
at utils.ConfigReader.<clinit>(ConfigReader.java:19)
... 28 more
... Removed 21 stack frames]]>
    </failure>
  </testcase> <!-- @BeforeMethod setup -->
  <testcase classname="test.HomePageTests" name="@AfterMethod tearDown" time="0.0">
    <skipped/>
  </testcase> <!-- @AfterMethod tearDown -->
  <testcase classname="test.HomePageTests" name="@AfterMethod tearDown" time="0.0">
    <skipped/>
  </testcase> <!-- @AfterMethod tearDown -->
  <testcase classname="test.HomePageTests" name="@BeforeMethod setup" time="0.0">
    <skipped/>
  </testcase> <!-- @BeforeMethod setup -->
  <testcase classname="test.HomePageTests" name="@BeforeMethod setup" time="0.0">
    <skipped/>
  </testcase> <!-- @BeforeMethod setup -->
  <testcase classname="test.HomePageTests" name="@AfterMethod tearDown" time="0.0">
    <skipped/>
  </testcase> <!-- @AfterMethod tearDown -->
  <testcase classname="test.HomePageTests" name="@AfterMethod tearDown" time="0.0">
    <skipped/>
  </testcase> <!-- @AfterMethod tearDown -->
  <testcase classname="test.HomePageTests" name="@BeforeMethod setup" time="0.0">
    <skipped/>
  </testcase> <!-- @BeforeMethod setup -->
  <testcase classname="test.HomePageTests" name="@BeforeMethod setup" time="0.0">
    <skipped/>
  </testcase> <!-- @BeforeMethod setup -->
  <testcase classname="test.HomePageTests" name="@AfterMethod tearDown" time="0.0">
    <skipped/>
  </testcase> <!-- @AfterMethod tearDown -->
  <testcase classname="test.HomePageTests" name="@AfterMethod tearDown" time="0.0">
    <skipped/>
  </testcase> <!-- @AfterMethod tearDown -->
  <testcase classname="test.HomePageTests" name="@BeforeMethod setup" time="0.0">
    <skipped/>
  </testcase> <!-- @BeforeMethod setup -->
  <testcase classname="test.HomePageTests" name="@BeforeMethod setup" time="0.0">
    <skipped/>
  </testcase> <!-- @BeforeMethod setup -->
  <testcase classname="test.HomePageTests" name="@AfterMethod tearDown" time="0.0">
    <skipped/>
  </testcase> <!-- @AfterMethod tearDown -->
  <testcase classname="test.HomePageTests" name="@BeforeMethod setup" time="0.0">
    <skipped/>
  </testcase> <!-- @BeforeMethod setup -->
  <testcase classname="test.HomePageTests" name="@AfterMethod tearDown" time="0.0">
    <skipped/>
  </testcase> <!-- @AfterMethod tearDown -->
  <testcase classname="test.HomePageTests" name="@BeforeMethod setup" time="0.0">
    <skipped/>
  </testcase> <!-- @BeforeMethod setup -->
  <testcase classname="test.HomePageTests" name="@AfterMethod tearDown" time="0.0">
    <skipped/>
  </testcase> <!-- @AfterMethod tearDown -->
  <testcase classname="test.HomePageTests" name="@AfterMethod tearDown" time="0.0">
    <skipped/>
  </testcase> <!-- @AfterMethod tearDown -->
  <testcase classname="test.ProductTests" name="@BeforeMethod setup" time="0.0">
    <failure type="java.lang.NoClassDefFoundError" message="Could not initialize class utils.ConfigReader">
      <![CDATA[java.lang.NoClassDefFoundError: Could not initialize class utils.ConfigReader
at managers.DriverManager.getDriver(DriverManager.java:22)
at test.ProductTests.setup(ProductTests.java:28)
at java.base/java.util.ArrayList.forEach(ArrayList.java:1511)
at java.base/java.util.concurrent.FutureTask.run(FutureTask.java:264)
at java.base/java.util.concurrent.ThreadPoolExecutor.runWorker(ThreadPoolExecutor.java:1136)
at java.base/java.util.concurrent.ThreadPoolExecutor$Worker.run(ThreadPoolExecutor.java:635)
at java.base/java.lang.Thread.run(Thread.java:842)
Caused by: java.lang.ExceptionInInitializerError: Exception java.lang.RuntimeException: config.properties file not found at resources/Config.properties [in thread "TestNG-tests-1"]
at utils.ConfigReader.<clinit>(ConfigReader.java:19)
at managers.DriverManager.getDriver(DriverManager.java:22)
at test.HomePageTests.setup(HomePageTests.java:23)
... 26 more
... Removed 21 stack frames]]>
    </failure>
  </testcase> <!-- @BeforeMethod setup -->
  <testcase classname="test.ProductTests" name="@BeforeMethod setup" time="0.0">
    <failure type="java.lang.NoClassDefFoundError" message="Could not initialize class utils.ConfigReader">
      <![CDATA[java.lang.NoClassDefFoundError: Could not initialize class utils.ConfigReader
at managers.DriverManager.getDriver(DriverManager.java:22)
at test.ProductTests.setup(ProductTests.java:28)
at java.base/java.util.ArrayList.forEach(ArrayList.java:1511)
at java.base/java.util.concurrent.FutureTask.run(FutureTask.java:264)
at java.base/java.util.concurrent.ThreadPoolExecutor.runWorker(ThreadPoolExecutor.java:1136)
at java.base/java.util.concurrent.ThreadPoolExecutor$Worker.run(ThreadPoolExecutor.java:635)
at java.base/java.lang.Thread.run(Thread.java:842)
Caused by: java.lang.ExceptionInInitializerError: Exception java.lang.RuntimeException: config.properties file not found at resources/Config.properties [in thread "TestNG-tests-1"]
at utils.ConfigReader.<clinit>(ConfigReader.java:19)
at managers.DriverManager.getDriver(DriverManager.java:22)
at test.HomePageTests.setup(HomePageTests.java:23)
... 26 more
... Removed 21 stack frames]]>
    </failure>
  </testcase> <!-- @BeforeMethod setup -->
  <testcase classname="test.ProductTests" name="@AfterMethod tearDown" time="0.0">
    <skipped/>
  </testcase> <!-- @AfterMethod tearDown -->
  <testcase classname="test.ProductTests" name="@AfterMethod tearDown" time="0.0">
    <skipped/>
  </testcase> <!-- @AfterMethod tearDown -->
  <testcase classname="test.ProductTests" name="@BeforeMethod setup" time="0.0">
    <skipped/>
  </testcase> <!-- @BeforeMethod setup -->
  <testcase classname="test.ProductTests" name="@BeforeMethod setup" time="0.0">
    <skipped/>
  </testcase> <!-- @BeforeMethod setup -->
  <testcase classname="test.ProductTests" name="@AfterMethod tearDown" time="0.0">
    <skipped/>
  </testcase> <!-- @AfterMethod tearDown -->
  <testcase classname="test.ProductTests" name="@AfterMethod tearDown" time="0.0">
    <skipped/>
  </testcase> <!-- @AfterMethod tearDown -->
  <testcase classname="test.ProductTests" name="@BeforeMethod setup" time="0.0">
    <skipped/>
  </testcase> <!-- @BeforeMethod setup -->
  <testcase classname="test.ProductTests" name="@BeforeMethod setup" time="0.0">
    <skipped/>
  </testcase> <!-- @BeforeMethod setup -->
  <testcase classname="test.ProductTests" name="@AfterMethod tearDown" time="0.0">
    <skipped/>
  </testcase> <!-- @AfterMethod tearDown -->
  <testcase classname="test.ProductTests" name="@AfterMethod tearDown" time="0.0">
    <skipped/>
  </testcase> <!-- @AfterMethod tearDown -->
  <testcase classname="test.ProductTests" name="@BeforeMethod setup" time="0.0">
    <skipped/>
  </testcase> <!-- @BeforeMethod setup -->
  <testcase classname="test.ProductTests" name="@BeforeMethod setup" time="0.0">
    <skipped/>
  </testcase> <!-- @BeforeMethod setup -->
  <testcase classname="test.ProductTests" name="@AfterMethod tearDown" time="0.0">
    <skipped/>
  </testcase> <!-- @AfterMethod tearDown -->
  <testcase classname="test.ProductTests" name="@AfterMethod tearDown" time="0.0">
    <skipped/>
  </testcase> <!-- @AfterMethod tearDown -->
  <testcase classname="test.ProductTests" name="@BeforeMethod setup" time="0.0">
    <skipped/>
  </testcase> <!-- @BeforeMethod setup -->
  <testcase classname="test.ProductTests" name="@BeforeMethod setup" time="0.0">
    <skipped/>
  </testcase> <!-- @BeforeMethod setup -->
  <testcase classname="test.ProductTests" name="@AfterMethod tearDown" time="0.0">
    <skipped/>
  </testcase> <!-- @AfterMethod tearDown -->
  <testcase classname="test.ProductTests" name="@AfterMethod tearDown" time="0.0">
    <skipped/>
  </testcase> <!-- @AfterMethod tearDown -->
  <testcase classname="test.ProductTests" name="@BeforeMethod setup" time="0.0">
    <skipped/>
  </testcase> <!-- @BeforeMethod setup -->
  <testcase classname="test.ProductTests" name="@BeforeMethod setup" time="0.0">
    <skipped/>
  </testcase> <!-- @BeforeMethod setup -->
  <testcase classname="test.ProductTests" name="@AfterMethod tearDown" time="0.0">
    <skipped/>
  </testcase> <!-- @AfterMethod tearDown -->
  <testcase classname="test.ProductTests" name="@AfterMethod tearDown" time="0.0">
    <skipped/>
  </testcase> <!-- @AfterMethod tearDown -->
  <testcase classname="test.ProductTests" name="@BeforeMethod setup" time="0.0">
    <skipped/>
  </testcase> <!-- @BeforeMethod setup -->
  <testcase classname="test.ProductTests" name="@BeforeMethod setup" time="0.0">
    <skipped/>
  </testcase> <!-- @BeforeMethod setup -->
  <testcase classname="test.ProductTests" name="@AfterMethod tearDown" time="0.0">
    <skipped/>
  </testcase> <!-- @AfterMethod tearDown -->
  <testcase classname="test.ProductTests" name="@AfterMethod tearDown" time="0.0">
    <skipped/>
  </testcase> <!-- @AfterMethod tearDown -->
  <testcase classname="test.ProductTests" name="@BeforeMethod setup" time="0.0">
    <skipped/>
  </testcase> <!-- @BeforeMethod setup -->
  <testcase classname="test.ProductTests" name="@BeforeMethod setup" time="0.0">
    <skipped/>
  </testcase> <!-- @BeforeMethod setup -->
  <testcase classname="test.ProductTests" name="@AfterMethod tearDown" time="0.0">
    <skipped/>
  </testcase> <!-- @AfterMethod tearDown -->
  <testcase classname="test.ProductTests" name="@AfterMethod tearDown" time="0.0">
    <skipped/>
  </testcase> <!-- @AfterMethod tearDown -->
  <testcase classname="test.ProductTests" name="@BeforeMethod setup" time="0.0">
    <skipped/>
  </testcase> <!-- @BeforeMethod setup -->
  <testcase classname="test.ProductTests" name="@BeforeMethod setup" time="0.0">
    <skipped/>
  </testcase> <!-- @BeforeMethod setup -->
  <testcase classname="test.ProductTests" name="@AfterMethod tearDown" time="0.0">
    <skipped/>
  </testcase> <!-- @AfterMethod tearDown -->
  <testcase classname="test.ProductTests" name="@AfterMethod tearDown" time="0.0">
    <skipped/>
  </testcase> <!-- @AfterMethod tearDown -->
  <testcase classname="test.ProductTests" name="@BeforeMethod setup" time="0.0">
    <skipped/>
  </testcase> <!-- @BeforeMethod setup -->
  <testcase classname="test.ProductTests" name="@BeforeMethod setup" time="0.0">
    <skipped/>
  </testcase> <!-- @BeforeMethod setup -->
  <testcase classname="test.ProductTests" name="@AfterMethod tearDown" time="0.0">
    <skipped/>
  </testcase> <!-- @AfterMethod tearDown -->
  <testcase classname="test.ProductTests" name="@AfterMethod tearDown" time="0.0">
    <skipped/>
  </testcase> <!-- @AfterMethod tearDown -->
  <testcase classname="test.CartTests" name="@BeforeMethod setup" time="0.001">
    <failure type="java.lang.NoClassDefFoundError" message="Could not initialize class utils.ConfigReader">
      <![CDATA[java.lang.NoClassDefFoundError: Could not initialize class utils.ConfigReader
at managers.DriverManager.getDriver(DriverManager.java:22)
at test.CartTests.setup(CartTests.java:34)
at java.base/java.util.ArrayList.forEach(ArrayList.java:1511)
at java.base/java.util.concurrent.FutureTask.run(FutureTask.java:264)
at java.base/java.util.concurrent.ThreadPoolExecutor.runWorker(ThreadPoolExecutor.java:1136)
at java.base/java.util.concurrent.ThreadPoolExecutor$Worker.run(ThreadPoolExecutor.java:635)
at java.base/java.lang.Thread.run(Thread.java:842)
Caused by: java.lang.ExceptionInInitializerError: Exception java.lang.RuntimeException: config.properties file not found at resources/Config.properties [in thread "TestNG-tests-1"]
at utils.ConfigReader.<clinit>(ConfigReader.java:19)
at managers.DriverManager.getDriver(DriverManager.java:22)
at test.HomePageTests.setup(HomePageTests.java:23)
... 26 more
... Removed 21 stack frames]]>
    </failure>
  </testcase> <!-- @BeforeMethod setup -->
  <testcase classname="test.CartTests" name="@BeforeMethod setup" time="0.0">
    <failure type="java.lang.NoClassDefFoundError" message="Could not initialize class utils.ConfigReader">
      <![CDATA[java.lang.NoClassDefFoundError: Could not initialize class utils.ConfigReader
at managers.DriverManager.getDriver(DriverManager.java:22)
at test.CartTests.setup(CartTests.java:34)
at java.base/java.util.ArrayList.forEach(ArrayList.java:1511)
at java.base/java.util.concurrent.FutureTask.run(FutureTask.java:264)
at java.base/java.util.concurrent.ThreadPoolExecutor.runWorker(ThreadPoolExecutor.java:1136)
at java.base/java.util.concurrent.ThreadPoolExecutor$Worker.run(ThreadPoolExecutor.java:635)
at java.base/java.lang.Thread.run(Thread.java:842)
Caused by: java.lang.ExceptionInInitializerError: Exception java.lang.RuntimeException: config.properties file not found at resources/Config.properties [in thread "TestNG-tests-1"]
at utils.ConfigReader.<clinit>(ConfigReader.java:19)
at managers.DriverManager.getDriver(DriverManager.java:22)
at test.HomePageTests.setup(HomePageTests.java:23)
... 26 more
... Removed 21 stack frames]]>
    </failure>
  </testcase> <!-- @BeforeMethod setup -->
  <testcase classname="test.CartTests" name="@AfterMethod tearDown" time="0.0">
    <skipped/>
  </testcase> <!-- @AfterMethod tearDown -->
  <testcase classname="test.CartTests" name="@BeforeMethod setup" time="0.0">
    <skipped/>
  </testcase> <!-- @BeforeMethod setup -->
  <testcase classname="test.CartTests" name="@AfterMethod tearDown" time="0.0">
    <skipped/>
  </testcase> <!-- @AfterMethod tearDown -->
  <testcase classname="test.CartTests" name="@BeforeMethod setup" time="0.0">
    <skipped/>
  </testcase> <!-- @BeforeMethod setup -->
  <testcase classname="test.CartTests" name="@AfterMethod tearDown" time="0.0">
    <skipped/>
  </testcase> <!-- @AfterMethod tearDown -->
  <testcase classname="test.CartTests" name="@AfterMethod tearDown" time="0.0">
    <skipped/>
  </testcase> <!-- @AfterMethod tearDown -->
  <testcase classname="test.CartTests" name="@BeforeMethod setup" time="0.0">
    <skipped/>
  </testcase> <!-- @BeforeMethod setup -->
  <testcase classname="test.CartTests" name="@BeforeMethod setup" time="0.0">
    <skipped/>
  </testcase> <!-- @BeforeMethod setup -->
  <testcase classname="test.CartTests" name="@AfterMethod tearDown" time="0.0">
    <skipped/>
  </testcase> <!-- @AfterMethod tearDown -->
  <testcase classname="test.CartTests" name="@AfterMethod tearDown" time="0.0">
    <skipped/>
  </testcase> <!-- @AfterMethod tearDown -->
  <testcase classname="test.CartTests" name="@BeforeMethod setup" time="0.0">
    <skipped/>
  </testcase> <!-- @BeforeMethod setup -->
  <testcase classname="test.CartTests" name="@BeforeMethod setup" time="0.0">
    <skipped/>
  </testcase> <!-- @BeforeMethod setup -->
  <testcase classname="test.CartTests" name="@AfterMethod tearDown" time="0.0">
    <skipped/>
  </testcase> <!-- @AfterMethod tearDown -->
  <testcase classname="test.CartTests" name="@AfterMethod tearDown" time="0.0">
    <skipped/>
  </testcase> <!-- @AfterMethod tearDown -->
  <testcase classname="test.CartTests" name="@BeforeMethod setup" time="0.0">
    <skipped/>
  </testcase> <!-- @BeforeMethod setup -->
  <testcase classname="test.CartTests" name="@BeforeMethod setup" time="0.0">
    <skipped/>
  </testcase> <!-- @BeforeMethod setup -->
  <testcase classname="test.CartTests" name="@AfterMethod tearDown" time="0.0">
    <skipped/>
  </testcase> <!-- @AfterMethod tearDown -->
  <testcase classname="test.CartTests" name="@AfterMethod tearDown" time="0.0">
    <skipped/>
  </testcase> <!-- @AfterMethod tearDown -->
  <testcase classname="test.CheckoutTests" name="@BeforeMethod setup" time="0.0">
    <failure type="java.lang.NoClassDefFoundError" message="Could not initialize class utils.ConfigReader">
      <![CDATA[java.lang.NoClassDefFoundError: Could not initialize class utils.ConfigReader
at managers.DriverManager.getDriver(DriverManager.java:22)
at test.CheckoutTests.setup(CheckoutTests.java:31)
at java.base/java.util.ArrayList.forEach(ArrayList.java:1511)
at java.base/java.util.concurrent.FutureTask.run(FutureTask.java:264)
at java.base/java.util.concurrent.ThreadPoolExecutor.runWorker(ThreadPoolExecutor.java:1136)
at java.base/java.util.concurrent.ThreadPoolExecutor$Worker.run(ThreadPoolExecutor.java:635)
at java.base/java.lang.Thread.run(Thread.java:842)
Caused by: java.lang.ExceptionInInitializerError: Exception java.lang.RuntimeException: config.properties file not found at resources/Config.properties [in thread "TestNG-tests-1"]
at utils.ConfigReader.<clinit>(ConfigReader.java:19)
at managers.DriverManager.getDriver(DriverManager.java:22)
at test.HomePageTests.setup(HomePageTests.java:23)
... 26 more
... Removed 21 stack frames]]>
    </failure>
  </testcase> <!-- @BeforeMethod setup -->
  <testcase classname="test.CheckoutTests" name="@BeforeMethod setup" time="0.0">
    <failure type="java.lang.NoClassDefFoundError" message="Could not initialize class utils.ConfigReader">
      <![CDATA[java.lang.NoClassDefFoundError: Could not initialize class utils.ConfigReader
at managers.DriverManager.getDriver(DriverManager.java:22)
at test.CheckoutTests.setup(CheckoutTests.java:31)
at java.base/java.util.ArrayList.forEach(ArrayList.java:1511)
at java.base/java.util.concurrent.FutureTask.run(FutureTask.java:264)
at java.base/java.util.concurrent.ThreadPoolExecutor.runWorker(ThreadPoolExecutor.java:1136)
at java.base/java.util.concurrent.ThreadPoolExecutor$Worker.run(ThreadPoolExecutor.java:635)
at java.base/java.lang.Thread.run(Thread.java:842)
Caused by: java.lang.ExceptionInInitializerError: Exception java.lang.RuntimeException: config.properties file not found at resources/Config.properties [in thread "TestNG-tests-1"]
at utils.ConfigReader.<clinit>(ConfigReader.java:19)
at managers.DriverManager.getDriver(DriverManager.java:22)
at test.HomePageTests.setup(HomePageTests.java:23)
... 26 more
... Removed 21 stack frames]]>
    </failure>
  </testcase> <!-- @BeforeMethod setup -->
  <testcase classname="test.CheckoutTests" name="@AfterMethod tearDown" time="0.0">
    <skipped/>
  </testcase> <!-- @AfterMethod tearDown -->
  <testcase classname="test.CheckoutTests" name="@AfterMethod tearDown" time="0.0">
    <skipped/>
  </testcase> <!-- @AfterMethod tearDown -->
  <testcase classname="test.CheckoutTests" name="@BeforeMethod setup" time="0.0">
    <skipped/>
  </testcase> <!-- @BeforeMethod setup -->
  <testcase classname="test.CheckoutTests" name="@BeforeMethod setup" time="0.0">
    <skipped/>
  </testcase> <!-- @BeforeMethod setup -->
  <testcase classname="test.CheckoutTests" name="@AfterMethod tearDown" time="0.0">
    <skipped/>
  </testcase> <!-- @AfterMethod tearDown -->
  <testcase classname="test.CheckoutTests" name="@BeforeMethod setup" time="0.0">
    <skipped/>
  </testcase> <!-- @BeforeMethod setup -->
  <testcase classname="test.CheckoutTests" name="@AfterMethod tearDown" time="0.0">
    <skipped/>
  </testcase> <!-- @AfterMethod tearDown -->
  <testcase classname="test.CheckoutTests" name="@BeforeMethod setup" time="0.0">
    <skipped/>
  </testcase> <!-- @BeforeMethod setup -->
  <testcase classname="test.CheckoutTests" name="@AfterMethod tearDown" time="0.0">
    <skipped/>
  </testcase> <!-- @AfterMethod tearDown -->
  <testcase classname="test.CheckoutTests" name="@BeforeMethod setup" time="0.0">
    <skipped/>
  </testcase> <!-- @BeforeMethod setup -->
  <testcase classname="test.CheckoutTests" name="@AfterMethod tearDown" time="0.0">
    <skipped/>
  </testcase> <!-- @AfterMethod tearDown -->
  <testcase classname="test.CheckoutTests" name="@BeforeMethod setup" time="0.0">
    <skipped/>
  </testcase> <!-- @BeforeMethod setup -->
  <testcase classname="test.CheckoutTests" name="@AfterMethod tearDown" time="0.0">
    <skipped/>
  </testcase> <!-- @AfterMethod tearDown -->
  <testcase classname="test.CheckoutTests" name="@AfterMethod tearDown" time="0.0">
    <skipped/>
  </testcase> <!-- @AfterMethod tearDown -->
  <testcase classname="test.CheckoutTests" name="@BeforeMethod setup" time="0.0">
    <skipped/>
  </testcase> <!-- @BeforeMethod setup -->
  <testcase classname="test.CheckoutTests" name="@BeforeMethod setup" time="0.0">
    <skipped/>
  </testcase> <!-- @BeforeMethod setup -->
  <testcase classname="test.CheckoutTests" name="@AfterMethod tearDown" time="0.0">
    <skipped/>
  </testcase> <!-- @AfterMethod tearDown -->
  <testcase classname="test.CheckoutTests" name="@AfterMethod tearDown" time="0.0">
    <skipped/>
  </testcase> <!-- @AfterMethod tearDown -->
  <testcase classname="test.HomePageTests" name="testFeaturedProductsDisplay" time="0.0">
    <skipped/>
  </testcase> <!-- testFeaturedProductsDisplay -->
  <testcase classname="test.HomePageTests" name="testHomePageLoads" time="0.001">
    <skipped/>
  </testcase> <!-- testHomePageLoads -->
  <testcase classname="test.HomePageTests" name="testNavigationMenuPresence" time="0.0">
    <skipped/>
  </testcase> <!-- testNavigationMenuPresence -->
  <testcase classname="test.HomePageTests" name="testProductCategoriesDisplay" time="0.0">
    <skipped/>
  </testcase> <!-- testProductCategoriesDisplay -->
  <testcase classname="test.HomePageTests" name="testSearchFunctionality" time="0.0">
    <skipped/>
  </testcase> <!-- testSearchFunctionality -->
  <testcase classname="test.ProductTests" name="testAddProductToCartFromDetailsPage" time="0.0">
    <skipped/>
  </testcase> <!-- testAddProductToCartFromDetailsPage -->
  <testcase classname="test.ProductTests" name="testProductDescriptionAndSpecs" time="0.0">
    <skipped/>
  </testcase> <!-- testProductDescriptionAndSpecs -->
  <testcase classname="test.ProductTests" name="testProductDetailPageElements" time="0.0">
    <skipped/>
  </testcase> <!-- testProductDetailPageElements -->
  <testcase classname="test.ProductTests" name="testProductFilteringByCategory" time="0.0">
    <skipped/>
  </testcase> <!-- testProductFilteringByCategory -->
  <testcase classname="test.ProductTests" name="testProductGridDisplay" time="0.0">
    <skipped/>
  </testcase> <!-- testProductGridDisplay -->
  <testcase classname="test.ProductTests" name="testProductImageGallery" time="0.0">
    <skipped/>
  </testcase> <!-- testProductImageGallery -->
  <testcase classname="test.ProductTests" name="testProductPagination" time="0.0">
    <skipped/>
  </testcase> <!-- testProductPagination -->
  <testcase classname="test.ProductTests" name="testProductSearchResults" time="0.0">
    <skipped/>
  </testcase> <!-- testProductSearchResults -->
  <testcase classname="test.ProductTests" name="testProductSortingOptions" time="0.001">
    <skipped/>
  </testcase> <!-- testProductSortingOptions -->
  <testcase classname="test.ProductTests" name="testQuantitySelection" time="0.0">
    <skipped/>
  </testcase> <!-- testQuantitySelection -->
  <testcase classname="test.CartTests" name="testAddingProductsToCart" time="0.0">
    <skipped/>
  </testcase> <!-- testAddingProductsToCart -->
  <testcase classname="test.CartTests" name="testCartTotalCalculation" time="0.0">
    <skipped/>
  </testcase> <!-- testCartTotalCalculation -->
  <testcase classname="test.CartTests" name="testEmptyCartMessage" time="0.0">
    <skipped/>
  </testcase> <!-- testEmptyCartMessage -->
  <testcase classname="test.CartTests" name="testRemovingProductsFromCart" time="0.001">
    <skipped/>
  </testcase> <!-- testRemovingProductsFromCart -->
  <testcase classname="test.CartTests" name="testUpdateProductQuantity" time="0.001">
    <skipped/>
  </testcase> <!-- testUpdateProductQuantity -->
  <testcase classname="test.CheckoutTests" name="testCheckoutButtonFunctionality" time="0.0">
    <skipped/>
  </testcase> <!-- testCheckoutButtonFunctionality -->
  <testcase classname="test.CheckoutTests" name="testOrderConfirmation" time="0.0">
    <skipped/>
  </testcase> <!-- testOrderConfirmation -->
  <testcase classname="test.CheckoutTests" name="testOrderSummaryInCheckout" time="0.0">
    <skipped/>
  </testcase> <!-- testOrderSummaryInCheckout -->
  <testcase classname="test.CheckoutTests" name="testPaymentMethodSelection" time="0.0">
    <skipped/>
  </testcase> <!-- testPaymentMethodSelection -->
  <testcase classname="test.CheckoutTests" name="testShippingFormValidation" time="0.0">
    <skipped/>
  </testcase> <!-- testShippingFormValidation -->
</testsuite> <!-- Chrome Tests -->
