<html>
<head>
<title>TestNG:  Chrome Tests</title>
<link href="../testng.css" rel="stylesheet" type="text/css" />
<link href="../my-testng.css" rel="stylesheet" type="text/css" />

<style type="text/css">
.log { display: none;} 
.stack-trace { display: none;} 
</style>
<script type="text/javascript">
<!--
function flip(e) {
  current = e.style.display;
  if (current == 'block') {
    e.style.display = 'none';
    return 0;
  }
  else {
    e.style.display = 'block';
    return 1;
  }
}

function toggleBox(szDivId, elem, msg1, msg2)
{
  var res = -1;  if (document.getElementById) {
    res = flip(document.getElementById(szDivId));
  }
  else if (document.all) {
    // this is the way old msie versions work
    res = flip(document.all[szDivId]);
  }
  if(elem) {
    if(res == 0) elem.innerHTML = msg1; else elem.innerHTML = msg2;
  }

}

function toggleAllBoxes() {
  if (document.getElementsByTagName) {
    d = document.getElementsByTagName('div');
    for (i = 0; i < d.length; i++) {
      if (d[i].className == 'log') {
        flip(d[i]);
      }
    }
  }
}

// -->
</script>

</head>
<body>
<h2 align='center'>Chrome Tests</h2><table border='1' align="center">
<tr>
<td>Tests passed/Failed/Skipped:</td><td>0/0/25</td>
</tr><tr>
<td>Started on:</td><td>Fri Oct 03 16:39:37 IST 2025</td>
</tr>
<tr><td>Total time:</td><td>0 seconds (269 ms)</td>
</tr><tr>
<td>Included groups:</td><td></td>
</tr><tr>
<td>Excluded groups:</td><td></td>
</tr>
</table><p/>
<small><i>(Hover the method name to see the test class name)</i></small><p/>
<table width='100%' border='1' class='invocation-failed'>
<tr><td colspan='4' align='center'><b>FAILED CONFIGURATIONS</b></td></tr>
<tr><td><b>Test method</b></td>
<td><b>Attribute(s)</b></td>
<td width="30%"><b>Exception</b></td>
<td width="10%"><b>Time (seconds)</b></td>
<td><b>Instance</b></td>
</tr>
<tr>
<td title='test.CheckoutTests.setup()'><b>setup</b><br>Test class: test.CheckoutTests</td>
<td><div><pre>java.lang.NoClassDefFoundError: Could not initialize class utils.ConfigReader
	at managers.DriverManager.getDriver(DriverManager.java:24)
	at test.CheckoutTests.setup(CheckoutTests.java:31)
	at java.base/java.util.ArrayList.forEach(ArrayList.java:1511)
	at java.base/java.util.concurrent.FutureTask.run(FutureTask.java:264)
	at java.base/java.util.concurrent.ThreadPoolExecutor.runWorker(ThreadPoolExecutor.java:1136)
	at java.base/java.util.concurrent.ThreadPoolExecutor$Worker.run(ThreadPoolExecutor.java:635)
	at java.base/java.lang.Thread.run(Thread.java:842)
Caused by: java.lang.ExceptionInInitializerError: Exception java.lang.RuntimeException: config.properties file not found at resources/Config.properties [in thread &quot;TestNG-tests-1&quot;]
	at utils.ConfigReader.&lt;clinit&gt;(ConfigReader.java:19)
	at managers.DriverManager.getDriver(DriverManager.java:24)
	at test.HomePageTests.setup(HomePageTests.java:23)
	... 26 more
... Removed 21 stack frames</pre></div><a href='#' onClick='toggleBox("stack-trace1472641331", this, "Click to show all stack frames", "Click to hide stack frames")'>Click to show all stack frames</a>
<div class='stack-trace' id='stack-trace1472641331'><pre>java.lang.NoClassDefFoundError: Could not initialize class utils.ConfigReader
	at managers.DriverManager.getDriver(DriverManager.java:24)
	at test.CheckoutTests.setup(CheckoutTests.java:31)
	at java.base/jdk.internal.reflect.NativeMethodAccessorImpl.invoke0(Native Method)
	at java.base/jdk.internal.reflect.NativeMethodAccessorImpl.invoke(NativeMethodAccessorImpl.java:77)
	at java.base/jdk.internal.reflect.DelegatingMethodAccessorImpl.invoke(DelegatingMethodAccessorImpl.java:43)
	at java.base/java.lang.reflect.Method.invoke(Method.java:568)
	at org.testng.internal.invokers.MethodInvocationHelper.invokeMethod(MethodInvocationHelper.java:141)
	at org.testng.internal.invokers.MethodInvocationHelper.invokeMethodConsideringTimeout(MethodInvocationHelper.java:71)
	at org.testng.internal.invokers.ConfigInvoker.invokeConfigurationMethod(ConfigInvoker.java:400)
	at org.testng.internal.invokers.ConfigInvoker.invokeConfigurations(ConfigInvoker.java:333)
	at org.testng.internal.invokers.TestInvoker.runConfigMethods(TestInvoker.java:836)
	at org.testng.internal.invokers.TestInvoker.invokeMethod(TestInvoker.java:601)
	at org.testng.internal.invokers.TestInvoker.invokeTestMethod(TestInvoker.java:230)
	at org.testng.internal.invokers.MethodRunner.runInSequence(MethodRunner.java:63)
	at org.testng.internal.invokers.TestInvoker$MethodInvocationAgent.invoke(TestInvoker.java:995)
	at org.testng.internal.invokers.TestInvoker.invokeTestMethods(TestInvoker.java:203)
	at org.testng.internal.invokers.TestMethodWorker.invokeTestMethods(TestMethodWorker.java:154)
	at org.testng.internal.invokers.TestMethodWorker.run(TestMethodWorker.java:134)
	at java.base/java.util.ArrayList.forEach(ArrayList.java:1511)
	at org.testng.TestRunner.privateRun(TestRunner.java:741)
	at org.testng.TestRunner.run(TestRunner.java:616)
	at org.testng.SuiteRunner.runTest(SuiteRunner.java:421)
	at org.testng.SuiteRunner$SuiteWorker.run(SuiteRunner.java:463)
	at org.testng.internal.thread.ThreadUtil.lambda$execute$0(ThreadUtil.java:64)
	at java.base/java.util.concurrent.FutureTask.run(FutureTask.java:264)
	at java.base/java.util.concurrent.ThreadPoolExecutor.runWorker(ThreadPoolExecutor.java:1136)
	at java.base/java.util.concurrent.ThreadPoolExecutor$Worker.run(ThreadPoolExecutor.java:635)
	at java.base/java.lang.Thread.run(Thread.java:842)
Caused by: java.lang.ExceptionInInitializerError: Exception java.lang.RuntimeException: config.properties file not found at resources/Config.properties [in thread &quot;TestNG-tests-1&quot;]
	at utils.ConfigReader.&lt;clinit&gt;(ConfigReader.java:19)
	at managers.DriverManager.getDriver(DriverManager.java:24)
	at test.HomePageTests.setup(HomePageTests.java:23)
	... 26 more
</pre></div></td>
<td>0</td>
<td>test.CheckoutTests@477b4cdf</td></tr>
<tr>
<td title='test.ProductTests.setup()'><b>setup</b><br>Test class: test.ProductTests</td>
<td><div><pre>java.lang.NoClassDefFoundError: Could not initialize class utils.ConfigReader
	at managers.DriverManager.getDriver(DriverManager.java:24)
	at test.ProductTests.setup(ProductTests.java:28)
	at java.base/java.util.ArrayList.forEach(ArrayList.java:1511)
	at java.base/java.util.concurrent.FutureTask.run(FutureTask.java:264)
	at java.base/java.util.concurrent.ThreadPoolExecutor.runWorker(ThreadPoolExecutor.java:1136)
	at java.base/java.util.concurrent.ThreadPoolExecutor$Worker.run(ThreadPoolExecutor.java:635)
	at java.base/java.lang.Thread.run(Thread.java:842)
Caused by: java.lang.ExceptionInInitializerError: Exception java.lang.RuntimeException: config.properties file not found at resources/Config.properties [in thread &quot;TestNG-tests-1&quot;]
	at utils.ConfigReader.&lt;clinit&gt;(ConfigReader.java:19)
	at managers.DriverManager.getDriver(DriverManager.java:24)
	at test.HomePageTests.setup(HomePageTests.java:23)
	... 26 more
... Removed 21 stack frames</pre></div><a href='#' onClick='toggleBox("stack-trace1619364511", this, "Click to show all stack frames", "Click to hide stack frames")'>Click to show all stack frames</a>
<div class='stack-trace' id='stack-trace1619364511'><pre>java.lang.NoClassDefFoundError: Could not initialize class utils.ConfigReader
	at managers.DriverManager.getDriver(DriverManager.java:24)
	at test.ProductTests.setup(ProductTests.java:28)
	at java.base/jdk.internal.reflect.NativeMethodAccessorImpl.invoke0(Native Method)
	at java.base/jdk.internal.reflect.NativeMethodAccessorImpl.invoke(NativeMethodAccessorImpl.java:77)
	at java.base/jdk.internal.reflect.DelegatingMethodAccessorImpl.invoke(DelegatingMethodAccessorImpl.java:43)
	at java.base/java.lang.reflect.Method.invoke(Method.java:568)
	at org.testng.internal.invokers.MethodInvocationHelper.invokeMethod(MethodInvocationHelper.java:141)
	at org.testng.internal.invokers.MethodInvocationHelper.invokeMethodConsideringTimeout(MethodInvocationHelper.java:71)
	at org.testng.internal.invokers.ConfigInvoker.invokeConfigurationMethod(ConfigInvoker.java:400)
	at org.testng.internal.invokers.ConfigInvoker.invokeConfigurations(ConfigInvoker.java:333)
	at org.testng.internal.invokers.TestInvoker.runConfigMethods(TestInvoker.java:836)
	at org.testng.internal.invokers.TestInvoker.invokeMethod(TestInvoker.java:601)
	at org.testng.internal.invokers.TestInvoker.invokeTestMethod(TestInvoker.java:230)
	at org.testng.internal.invokers.MethodRunner.runInSequence(MethodRunner.java:63)
	at org.testng.internal.invokers.TestInvoker$MethodInvocationAgent.invoke(TestInvoker.java:995)
	at org.testng.internal.invokers.TestInvoker.invokeTestMethods(TestInvoker.java:203)
	at org.testng.internal.invokers.TestMethodWorker.invokeTestMethods(TestMethodWorker.java:154)
	at org.testng.internal.invokers.TestMethodWorker.run(TestMethodWorker.java:134)
	at java.base/java.util.ArrayList.forEach(ArrayList.java:1511)
	at org.testng.TestRunner.privateRun(TestRunner.java:741)
	at org.testng.TestRunner.run(TestRunner.java:616)
	at org.testng.SuiteRunner.runTest(SuiteRunner.java:421)
	at org.testng.SuiteRunner$SuiteWorker.run(SuiteRunner.java:463)
	at org.testng.internal.thread.ThreadUtil.lambda$execute$0(ThreadUtil.java:64)
	at java.base/java.util.concurrent.FutureTask.run(FutureTask.java:264)
	at java.base/java.util.concurrent.ThreadPoolExecutor.runWorker(ThreadPoolExecutor.java:1136)
	at java.base/java.util.concurrent.ThreadPoolExecutor$Worker.run(ThreadPoolExecutor.java:635)
	at java.base/java.lang.Thread.run(Thread.java:842)
Caused by: java.lang.ExceptionInInitializerError: Exception java.lang.RuntimeException: config.properties file not found at resources/Config.properties [in thread &quot;TestNG-tests-1&quot;]
	at utils.ConfigReader.&lt;clinit&gt;(ConfigReader.java:19)
	at managers.DriverManager.getDriver(DriverManager.java:24)
	at test.HomePageTests.setup(HomePageTests.java:23)
	... 26 more
</pre></div></td>
<td>0</td>
<td>test.ProductTests@6743e411</td></tr>
<tr>
<td title='test.CartTests.setup()'><b>setup</b><br>Test class: test.CartTests</td>
<td><div><pre>java.lang.NoClassDefFoundError: Could not initialize class utils.ConfigReader
	at managers.DriverManager.getDriver(DriverManager.java:24)
	at test.CartTests.setup(CartTests.java:34)
	at java.base/java.util.ArrayList.forEach(ArrayList.java:1511)
	at java.base/java.util.concurrent.FutureTask.run(FutureTask.java:264)
	at java.base/java.util.concurrent.ThreadPoolExecutor.runWorker(ThreadPoolExecutor.java:1136)
	at java.base/java.util.concurrent.ThreadPoolExecutor$Worker.run(ThreadPoolExecutor.java:635)
	at java.base/java.lang.Thread.run(Thread.java:842)
Caused by: java.lang.ExceptionInInitializerError: Exception java.lang.RuntimeException: config.properties file not found at resources/Config.properties [in thread &quot;TestNG-tests-1&quot;]
	at utils.ConfigReader.&lt;clinit&gt;(ConfigReader.java:19)
	at managers.DriverManager.getDriver(DriverManager.java:24)
	at test.HomePageTests.setup(HomePageTests.java:23)
	... 26 more
... Removed 21 stack frames</pre></div><a href='#' onClick='toggleBox("stack-trace1180865592", this, "Click to show all stack frames", "Click to hide stack frames")'>Click to show all stack frames</a>
<div class='stack-trace' id='stack-trace1180865592'><pre>java.lang.NoClassDefFoundError: Could not initialize class utils.ConfigReader
	at managers.DriverManager.getDriver(DriverManager.java:24)
	at test.CartTests.setup(CartTests.java:34)
	at java.base/jdk.internal.reflect.NativeMethodAccessorImpl.invoke0(Native Method)
	at java.base/jdk.internal.reflect.NativeMethodAccessorImpl.invoke(NativeMethodAccessorImpl.java:77)
	at java.base/jdk.internal.reflect.DelegatingMethodAccessorImpl.invoke(DelegatingMethodAccessorImpl.java:43)
	at java.base/java.lang.reflect.Method.invoke(Method.java:568)
	at org.testng.internal.invokers.MethodInvocationHelper.invokeMethod(MethodInvocationHelper.java:141)
	at org.testng.internal.invokers.MethodInvocationHelper.invokeMethodConsideringTimeout(MethodInvocationHelper.java:71)
	at org.testng.internal.invokers.ConfigInvoker.invokeConfigurationMethod(ConfigInvoker.java:400)
	at org.testng.internal.invokers.ConfigInvoker.invokeConfigurations(ConfigInvoker.java:333)
	at org.testng.internal.invokers.TestInvoker.runConfigMethods(TestInvoker.java:836)
	at org.testng.internal.invokers.TestInvoker.invokeMethod(TestInvoker.java:601)
	at org.testng.internal.invokers.TestInvoker.invokeTestMethod(TestInvoker.java:230)
	at org.testng.internal.invokers.MethodRunner.runInSequence(MethodRunner.java:63)
	at org.testng.internal.invokers.TestInvoker$MethodInvocationAgent.invoke(TestInvoker.java:995)
	at org.testng.internal.invokers.TestInvoker.invokeTestMethods(TestInvoker.java:203)
	at org.testng.internal.invokers.TestMethodWorker.invokeTestMethods(TestMethodWorker.java:154)
	at org.testng.internal.invokers.TestMethodWorker.run(TestMethodWorker.java:134)
	at java.base/java.util.ArrayList.forEach(ArrayList.java:1511)
	at org.testng.TestRunner.privateRun(TestRunner.java:741)
	at org.testng.TestRunner.run(TestRunner.java:616)
	at org.testng.SuiteRunner.runTest(SuiteRunner.java:421)
	at org.testng.SuiteRunner$SuiteWorker.run(SuiteRunner.java:463)
	at org.testng.internal.thread.ThreadUtil.lambda$execute$0(ThreadUtil.java:64)
	at java.base/java.util.concurrent.FutureTask.run(FutureTask.java:264)
	at java.base/java.util.concurrent.ThreadPoolExecutor.runWorker(ThreadPoolExecutor.java:1136)
	at java.base/java.util.concurrent.ThreadPoolExecutor$Worker.run(ThreadPoolExecutor.java:635)
	at java.base/java.lang.Thread.run(Thread.java:842)
Caused by: java.lang.ExceptionInInitializerError: Exception java.lang.RuntimeException: config.properties file not found at resources/Config.properties [in thread &quot;TestNG-tests-1&quot;]
	at utils.ConfigReader.&lt;clinit&gt;(ConfigReader.java:19)
	at managers.DriverManager.getDriver(DriverManager.java:24)
	at test.HomePageTests.setup(HomePageTests.java:23)
	... 26 more
</pre></div></td>
<td>0</td>
<td>test.CartTests@3eb25e1a</td></tr>
<tr>
<td title='test.HomePageTests.setup()'><b>setup</b><br>Test class: test.HomePageTests</td>
<td><div><pre>java.lang.ExceptionInInitializerError
	at managers.DriverManager.getDriver(DriverManager.java:24)
	at test.HomePageTests.setup(HomePageTests.java:23)
	at java.base/java.util.ArrayList.forEach(ArrayList.java:1511)
	at java.base/java.util.concurrent.FutureTask.run(FutureTask.java:264)
	at java.base/java.util.concurrent.ThreadPoolExecutor.runWorker(ThreadPoolExecutor.java:1136)
	at java.base/java.util.concurrent.ThreadPoolExecutor$Worker.run(ThreadPoolExecutor.java:635)
	at java.base/java.lang.Thread.run(Thread.java:842)
Caused by: java.lang.RuntimeException: config.properties file not found at resources/Config.properties
	at utils.ConfigReader.&lt;clinit&gt;(ConfigReader.java:19)
	... 28 more
... Removed 21 stack frames</pre></div><a href='#' onClick='toggleBox("stack-trace1798440125", this, "Click to show all stack frames", "Click to hide stack frames")'>Click to show all stack frames</a>
<div class='stack-trace' id='stack-trace1798440125'><pre>java.lang.ExceptionInInitializerError
	at managers.DriverManager.getDriver(DriverManager.java:24)
	at test.HomePageTests.setup(HomePageTests.java:23)
	at java.base/jdk.internal.reflect.NativeMethodAccessorImpl.invoke0(Native Method)
	at java.base/jdk.internal.reflect.NativeMethodAccessorImpl.invoke(NativeMethodAccessorImpl.java:77)
	at java.base/jdk.internal.reflect.DelegatingMethodAccessorImpl.invoke(DelegatingMethodAccessorImpl.java:43)
	at java.base/java.lang.reflect.Method.invoke(Method.java:568)
	at org.testng.internal.invokers.MethodInvocationHelper.invokeMethod(MethodInvocationHelper.java:141)
	at org.testng.internal.invokers.MethodInvocationHelper.invokeMethodConsideringTimeout(MethodInvocationHelper.java:71)
	at org.testng.internal.invokers.ConfigInvoker.invokeConfigurationMethod(ConfigInvoker.java:400)
	at org.testng.internal.invokers.ConfigInvoker.invokeConfigurations(ConfigInvoker.java:333)
	at org.testng.internal.invokers.TestInvoker.runConfigMethods(TestInvoker.java:836)
	at org.testng.internal.invokers.TestInvoker.invokeMethod(TestInvoker.java:601)
	at org.testng.internal.invokers.TestInvoker.invokeTestMethod(TestInvoker.java:230)
	at org.testng.internal.invokers.MethodRunner.runInSequence(MethodRunner.java:63)
	at org.testng.internal.invokers.TestInvoker$MethodInvocationAgent.invoke(TestInvoker.java:995)
	at org.testng.internal.invokers.TestInvoker.invokeTestMethods(TestInvoker.java:203)
	at org.testng.internal.invokers.TestMethodWorker.invokeTestMethods(TestMethodWorker.java:154)
	at org.testng.internal.invokers.TestMethodWorker.run(TestMethodWorker.java:134)
	at java.base/java.util.ArrayList.forEach(ArrayList.java:1511)
	at org.testng.TestRunner.privateRun(TestRunner.java:741)
	at org.testng.TestRunner.run(TestRunner.java:616)
	at org.testng.SuiteRunner.runTest(SuiteRunner.java:421)
	at org.testng.SuiteRunner$SuiteWorker.run(SuiteRunner.java:463)
	at org.testng.internal.thread.ThreadUtil.lambda$execute$0(ThreadUtil.java:64)
	at java.base/java.util.concurrent.FutureTask.run(FutureTask.java:264)
	at java.base/java.util.concurrent.ThreadPoolExecutor.runWorker(ThreadPoolExecutor.java:1136)
	at java.base/java.util.concurrent.ThreadPoolExecutor$Worker.run(ThreadPoolExecutor.java:635)
	at java.base/java.lang.Thread.run(Thread.java:842)
Caused by: java.lang.RuntimeException: config.properties file not found at resources/Config.properties
	at utils.ConfigReader.&lt;clinit&gt;(ConfigReader.java:19)
	... 28 more
</pre></div></td>
<td>0</td>
<td>test.HomePageTests@28701274</td></tr>
</table><p>
<table width='100%' border='1' class='invocation-skipped'>
<tr><td colspan='4' align='center'><b>SKIPPED CONFIGURATIONS</b></td></tr>
<tr><td><b>Test method</b></td>
<td><b>Attribute(s)</b></td>
<td width="30%"><b>Exception</b></td>
<td width="10%"><b>Time (seconds)</b></td>
<td><b>Instance</b></td>
</tr>
<tr>
<td title='test.CartTests.tearDown()'><b>tearDown</b><br>Test class: test.CartTests</td>
<td></td>
<td>0</td>
<td>test.CartTests@3eb25e1a</td></tr>
<tr>
<td title='test.CartTests.tearDown()'><b>tearDown</b><br>Test class: test.CartTests</td>
<td></td>
<td>0</td>
<td>test.CartTests@3eb25e1a</td></tr>
<tr>
<td title='test.CartTests.setup()'><b>setup</b><br>Test class: test.CartTests</td>
<td></td>
<td>0</td>
<td>test.CartTests@3eb25e1a</td></tr>
<tr>
<td title='test.CartTests.tearDown()'><b>tearDown</b><br>Test class: test.CartTests</td>
<td></td>
<td>0</td>
<td>test.CartTests@3eb25e1a</td></tr>
<tr>
<td title='test.HomePageTests.tearDown()'><b>tearDown</b><br>Test class: test.HomePageTests</td>
<td></td>
<td>0</td>
<td>test.HomePageTests@28701274</td></tr>
<tr>
<td title='test.HomePageTests.tearDown()'><b>tearDown</b><br>Test class: test.HomePageTests</td>
<td></td>
<td>0</td>
<td>test.HomePageTests@28701274</td></tr>
<tr>
<td title='test.ProductTests.tearDown()'><b>tearDown</b><br>Test class: test.ProductTests</td>
<td></td>
<td>0</td>
<td>test.ProductTests@6743e411</td></tr>
<tr>
<td title='test.CheckoutTests.setup()'><b>setup</b><br>Test class: test.CheckoutTests</td>
<td></td>
<td>0</td>
<td>test.CheckoutTests@477b4cdf</td></tr>
<tr>
<td title='test.CheckoutTests.setup()'><b>setup</b><br>Test class: test.CheckoutTests</td>
<td></td>
<td>0</td>
<td>test.CheckoutTests@477b4cdf</td></tr>
<tr>
<td title='test.ProductTests.setup()'><b>setup</b><br>Test class: test.ProductTests</td>
<td></td>
<td>0</td>
<td>test.ProductTests@6743e411</td></tr>
<tr>
<td title='test.CheckoutTests.tearDown()'><b>tearDown</b><br>Test class: test.CheckoutTests</td>
<td></td>
<td>0</td>
<td>test.CheckoutTests@477b4cdf</td></tr>
<tr>
<td title='test.ProductTests.tearDown()'><b>tearDown</b><br>Test class: test.ProductTests</td>
<td></td>
<td>0</td>
<td>test.ProductTests@6743e411</td></tr>
<tr>
<td title='test.CheckoutTests.tearDown()'><b>tearDown</b><br>Test class: test.CheckoutTests</td>
<td></td>
<td>0</td>
<td>test.CheckoutTests@477b4cdf</td></tr>
<tr>
<td title='test.ProductTests.setup()'><b>setup</b><br>Test class: test.ProductTests</td>
<td></td>
<td>0</td>
<td>test.ProductTests@6743e411</td></tr>
<tr>
<td title='test.HomePageTests.setup()'><b>setup</b><br>Test class: test.HomePageTests</td>
<td></td>
<td>0</td>
<td>test.HomePageTests@28701274</td></tr>
<tr>
<td title='test.HomePageTests.tearDown()'><b>tearDown</b><br>Test class: test.HomePageTests</td>
<td></td>
<td>0</td>
<td>test.HomePageTests@28701274</td></tr>
<tr>
<td title='test.ProductTests.tearDown()'><b>tearDown</b><br>Test class: test.ProductTests</td>
<td></td>
<td>0</td>
<td>test.ProductTests@6743e411</td></tr>
<tr>
<td title='test.ProductTests.tearDown()'><b>tearDown</b><br>Test class: test.ProductTests</td>
<td></td>
<td>0</td>
<td>test.ProductTests@6743e411</td></tr>
<tr>
<td title='test.ProductTests.setup()'><b>setup</b><br>Test class: test.ProductTests</td>
<td></td>
<td>0</td>
<td>test.ProductTests@6743e411</td></tr>
<tr>
<td title='test.ProductTests.setup()'><b>setup</b><br>Test class: test.ProductTests</td>
<td></td>
<td>0</td>
<td>test.ProductTests@6743e411</td></tr>
<tr>
<td title='test.ProductTests.setup()'><b>setup</b><br>Test class: test.ProductTests</td>
<td></td>
<td>0</td>
<td>test.ProductTests@6743e411</td></tr>
<tr>
<td title='test.CartTests.setup()'><b>setup</b><br>Test class: test.CartTests</td>
<td></td>
<td>0</td>
<td>test.CartTests@3eb25e1a</td></tr>
<tr>
<td title='test.CheckoutTests.tearDown()'><b>tearDown</b><br>Test class: test.CheckoutTests</td>
<td></td>
<td>0</td>
<td>test.CheckoutTests@477b4cdf</td></tr>
<tr>
<td title='test.ProductTests.setup()'><b>setup</b><br>Test class: test.ProductTests</td>
<td></td>
<td>0</td>
<td>test.ProductTests@6743e411</td></tr>
<tr>
<td title='test.HomePageTests.tearDown()'><b>tearDown</b><br>Test class: test.HomePageTests</td>
<td></td>
<td>0</td>
<td>test.HomePageTests@28701274</td></tr>
<tr>
<td title='test.ProductTests.setup()'><b>setup</b><br>Test class: test.ProductTests</td>
<td></td>
<td>0</td>
<td>test.ProductTests@6743e411</td></tr>
<tr>
<td title='test.ProductTests.setup()'><b>setup</b><br>Test class: test.ProductTests</td>
<td></td>
<td>0</td>
<td>test.ProductTests@6743e411</td></tr>
<tr>
<td title='test.CheckoutTests.tearDown()'><b>tearDown</b><br>Test class: test.CheckoutTests</td>
<td></td>
<td>0</td>
<td>test.CheckoutTests@477b4cdf</td></tr>
<tr>
<td title='test.ProductTests.setup()'><b>setup</b><br>Test class: test.ProductTests</td>
<td></td>
<td>0</td>
<td>test.ProductTests@6743e411</td></tr>
<tr>
<td title='test.ProductTests.tearDown()'><b>tearDown</b><br>Test class: test.ProductTests</td>
<td></td>
<td>0</td>
<td>test.ProductTests@6743e411</td></tr>
<tr>
<td title='test.CheckoutTests.setup()'><b>setup</b><br>Test class: test.CheckoutTests</td>
<td></td>
<td>0</td>
<td>test.CheckoutTests@477b4cdf</td></tr>
<tr>
<td title='test.HomePageTests.setup()'><b>setup</b><br>Test class: test.HomePageTests</td>
<td></td>
<td>0</td>
<td>test.HomePageTests@28701274</td></tr>
<tr>
<td title='test.ProductTests.tearDown()'><b>tearDown</b><br>Test class: test.ProductTests</td>
<td></td>
<td>0</td>
<td>test.ProductTests@6743e411</td></tr>
<tr>
<td title='test.ProductTests.tearDown()'><b>tearDown</b><br>Test class: test.ProductTests</td>
<td></td>
<td>0</td>
<td>test.ProductTests@6743e411</td></tr>
<tr>
<td title='test.ProductTests.tearDown()'><b>tearDown</b><br>Test class: test.ProductTests</td>
<td></td>
<td>0</td>
<td>test.ProductTests@6743e411</td></tr>
<tr>
<td title='test.ProductTests.tearDown()'><b>tearDown</b><br>Test class: test.ProductTests</td>
<td></td>
<td>0</td>
<td>test.ProductTests@6743e411</td></tr>
<tr>
<td title='test.HomePageTests.setup()'><b>setup</b><br>Test class: test.HomePageTests</td>
<td></td>
<td>0</td>
<td>test.HomePageTests@28701274</td></tr>
<tr>
<td title='test.CartTests.tearDown()'><b>tearDown</b><br>Test class: test.CartTests</td>
<td></td>
<td>0</td>
<td>test.CartTests@3eb25e1a</td></tr>
<tr>
<td title='test.CartTests.setup()'><b>setup</b><br>Test class: test.CartTests</td>
<td></td>
<td>0</td>
<td>test.CartTests@3eb25e1a</td></tr>
<tr>
<td title='test.CartTests.setup()'><b>setup</b><br>Test class: test.CartTests</td>
<td></td>
<td>0</td>
<td>test.CartTests@3eb25e1a</td></tr>
<tr>
<td title='test.HomePageTests.setup()'><b>setup</b><br>Test class: test.HomePageTests</td>
<td></td>
<td>0</td>
<td>test.HomePageTests@28701274</td></tr>
<tr>
<td title='test.ProductTests.tearDown()'><b>tearDown</b><br>Test class: test.ProductTests</td>
<td></td>
<td>0</td>
<td>test.ProductTests@6743e411</td></tr>
<tr>
<td title='test.CheckoutTests.setup()'><b>setup</b><br>Test class: test.CheckoutTests</td>
<td></td>
<td>0</td>
<td>test.CheckoutTests@477b4cdf</td></tr>
<tr>
<td title='test.HomePageTests.tearDown()'><b>tearDown</b><br>Test class: test.HomePageTests</td>
<td></td>
<td>0</td>
<td>test.HomePageTests@28701274</td></tr>
<tr>
<td title='test.CheckoutTests.tearDown()'><b>tearDown</b><br>Test class: test.CheckoutTests</td>
<td></td>
<td>0</td>
<td>test.CheckoutTests@477b4cdf</td></tr>
<tr>
<td title='test.CartTests.tearDown()'><b>tearDown</b><br>Test class: test.CartTests</td>
<td></td>
<td>0</td>
<td>test.CartTests@3eb25e1a</td></tr>
</table><p>
<table width='100%' border='1' class='invocation-skipped'>
<tr><td colspan='4' align='center'><b>SKIPPED TESTS</b></td></tr>
<tr><td><b>Test method</b></td>
<td><b>Attribute(s)</b></td>
<td width="30%"><b>Exception</b></td>
<td width="10%"><b>Time (seconds)</b></td>
<td><b>Instance</b></td>
</tr>
<tr>
<td title='test.ProductTests.testProductGridDisplay()'><b>testProductGridDisplay</b><br>Test class: test.ProductTests<br>Test method: Verify product grid display</td>
<td><div><pre>java.lang.NoClassDefFoundError: Could not initialize class utils.ConfigReader
	at managers.DriverManager.getDriver(DriverManager.java:24)
	at test.ProductTests.setup(ProductTests.java:28)
	at java.base/java.util.ArrayList.forEach(ArrayList.java:1511)
	at java.base/java.util.concurrent.FutureTask.run(FutureTask.java:264)
	at java.base/java.util.concurrent.ThreadPoolExecutor.runWorker(ThreadPoolExecutor.java:1136)
	at java.base/java.util.concurrent.ThreadPoolExecutor$Worker.run(ThreadPoolExecutor.java:635)
	at java.base/java.lang.Thread.run(Thread.java:842)
Caused by: java.lang.ExceptionInInitializerError: Exception java.lang.RuntimeException: config.properties file not found at resources/Config.properties [in thread &quot;TestNG-tests-1&quot;]
	at utils.ConfigReader.&lt;clinit&gt;(ConfigReader.java:19)
	at managers.DriverManager.getDriver(DriverManager.java:24)
	at test.HomePageTests.setup(HomePageTests.java:23)
	... 26 more
... Removed 21 stack frames</pre></div><a href='#' onClick='toggleBox("stack-trace234199669", this, "Click to show all stack frames", "Click to hide stack frames")'>Click to show all stack frames</a>
<div class='stack-trace' id='stack-trace234199669'><pre>java.lang.NoClassDefFoundError: Could not initialize class utils.ConfigReader
	at managers.DriverManager.getDriver(DriverManager.java:24)
	at test.ProductTests.setup(ProductTests.java:28)
	at java.base/jdk.internal.reflect.NativeMethodAccessorImpl.invoke0(Native Method)
	at java.base/jdk.internal.reflect.NativeMethodAccessorImpl.invoke(NativeMethodAccessorImpl.java:77)
	at java.base/jdk.internal.reflect.DelegatingMethodAccessorImpl.invoke(DelegatingMethodAccessorImpl.java:43)
	at java.base/java.lang.reflect.Method.invoke(Method.java:568)
	at org.testng.internal.invokers.MethodInvocationHelper.invokeMethod(MethodInvocationHelper.java:141)
	at org.testng.internal.invokers.MethodInvocationHelper.invokeMethodConsideringTimeout(MethodInvocationHelper.java:71)
	at org.testng.internal.invokers.ConfigInvoker.invokeConfigurationMethod(ConfigInvoker.java:400)
	at org.testng.internal.invokers.ConfigInvoker.invokeConfigurations(ConfigInvoker.java:333)
	at org.testng.internal.invokers.TestInvoker.runConfigMethods(TestInvoker.java:836)
	at org.testng.internal.invokers.TestInvoker.invokeMethod(TestInvoker.java:601)
	at org.testng.internal.invokers.TestInvoker.invokeTestMethod(TestInvoker.java:230)
	at org.testng.internal.invokers.MethodRunner.runInSequence(MethodRunner.java:63)
	at org.testng.internal.invokers.TestInvoker$MethodInvocationAgent.invoke(TestInvoker.java:995)
	at org.testng.internal.invokers.TestInvoker.invokeTestMethods(TestInvoker.java:203)
	at org.testng.internal.invokers.TestMethodWorker.invokeTestMethods(TestMethodWorker.java:154)
	at org.testng.internal.invokers.TestMethodWorker.run(TestMethodWorker.java:134)
	at java.base/java.util.ArrayList.forEach(ArrayList.java:1511)
	at org.testng.TestRunner.privateRun(TestRunner.java:741)
	at org.testng.TestRunner.run(TestRunner.java:616)
	at org.testng.SuiteRunner.runTest(SuiteRunner.java:421)
	at org.testng.SuiteRunner$SuiteWorker.run(SuiteRunner.java:463)
	at org.testng.internal.thread.ThreadUtil.lambda$execute$0(ThreadUtil.java:64)
	at java.base/java.util.concurrent.FutureTask.run(FutureTask.java:264)
	at java.base/java.util.concurrent.ThreadPoolExecutor.runWorker(ThreadPoolExecutor.java:1136)
	at java.base/java.util.concurrent.ThreadPoolExecutor$Worker.run(ThreadPoolExecutor.java:635)
	at java.base/java.lang.Thread.run(Thread.java:842)
Caused by: java.lang.ExceptionInInitializerError: Exception java.lang.RuntimeException: config.properties file not found at resources/Config.properties [in thread &quot;TestNG-tests-1&quot;]
	at utils.ConfigReader.&lt;clinit&gt;(ConfigReader.java:19)
	at managers.DriverManager.getDriver(DriverManager.java:24)
	at test.HomePageTests.setup(HomePageTests.java:23)
	... 26 more
</pre></div></td>
<td>0</td>
<td>test.ProductTests@6743e411</td></tr>
<tr>
<td title='test.CheckoutTests.testPaymentMethodSelection()'><b>testPaymentMethodSelection</b><br>Test class: test.CheckoutTests<br>Test method: Verify payment method selection (by checking section presence)</td>
<td><div><pre>java.lang.NoClassDefFoundError: Could not initialize class utils.ConfigReader
	at managers.DriverManager.getDriver(DriverManager.java:24)
	at test.CheckoutTests.setup(CheckoutTests.java:31)
	at java.base/java.util.ArrayList.forEach(ArrayList.java:1511)
	at java.base/java.util.concurrent.FutureTask.run(FutureTask.java:264)
	at java.base/java.util.concurrent.ThreadPoolExecutor.runWorker(ThreadPoolExecutor.java:1136)
	at java.base/java.util.concurrent.ThreadPoolExecutor$Worker.run(ThreadPoolExecutor.java:635)
	at java.base/java.lang.Thread.run(Thread.java:842)
Caused by: java.lang.ExceptionInInitializerError: Exception java.lang.RuntimeException: config.properties file not found at resources/Config.properties [in thread &quot;TestNG-tests-1&quot;]
	at utils.ConfigReader.&lt;clinit&gt;(ConfigReader.java:19)
	at managers.DriverManager.getDriver(DriverManager.java:24)
	at test.HomePageTests.setup(HomePageTests.java:23)
	... 26 more
... Removed 21 stack frames</pre></div><a href='#' onClick='toggleBox("stack-trace298362120", this, "Click to show all stack frames", "Click to hide stack frames")'>Click to show all stack frames</a>
<div class='stack-trace' id='stack-trace298362120'><pre>java.lang.NoClassDefFoundError: Could not initialize class utils.ConfigReader
	at managers.DriverManager.getDriver(DriverManager.java:24)
	at test.CheckoutTests.setup(CheckoutTests.java:31)
	at java.base/jdk.internal.reflect.NativeMethodAccessorImpl.invoke0(Native Method)
	at java.base/jdk.internal.reflect.NativeMethodAccessorImpl.invoke(NativeMethodAccessorImpl.java:77)
	at java.base/jdk.internal.reflect.DelegatingMethodAccessorImpl.invoke(DelegatingMethodAccessorImpl.java:43)
	at java.base/java.lang.reflect.Method.invoke(Method.java:568)
	at org.testng.internal.invokers.MethodInvocationHelper.invokeMethod(MethodInvocationHelper.java:141)
	at org.testng.internal.invokers.MethodInvocationHelper.invokeMethodConsideringTimeout(MethodInvocationHelper.java:71)
	at org.testng.internal.invokers.ConfigInvoker.invokeConfigurationMethod(ConfigInvoker.java:400)
	at org.testng.internal.invokers.ConfigInvoker.invokeConfigurations(ConfigInvoker.java:333)
	at org.testng.internal.invokers.TestInvoker.runConfigMethods(TestInvoker.java:836)
	at org.testng.internal.invokers.TestInvoker.invokeMethod(TestInvoker.java:601)
	at org.testng.internal.invokers.TestInvoker.invokeTestMethod(TestInvoker.java:230)
	at org.testng.internal.invokers.MethodRunner.runInSequence(MethodRunner.java:63)
	at org.testng.internal.invokers.TestInvoker$MethodInvocationAgent.invoke(TestInvoker.java:995)
	at org.testng.internal.invokers.TestInvoker.invokeTestMethods(TestInvoker.java:203)
	at org.testng.internal.invokers.TestMethodWorker.invokeTestMethods(TestMethodWorker.java:154)
	at org.testng.internal.invokers.TestMethodWorker.run(TestMethodWorker.java:134)
	at java.base/java.util.ArrayList.forEach(ArrayList.java:1511)
	at org.testng.TestRunner.privateRun(TestRunner.java:741)
	at org.testng.TestRunner.run(TestRunner.java:616)
	at org.testng.SuiteRunner.runTest(SuiteRunner.java:421)
	at org.testng.SuiteRunner$SuiteWorker.run(SuiteRunner.java:463)
	at org.testng.internal.thread.ThreadUtil.lambda$execute$0(ThreadUtil.java:64)
	at java.base/java.util.concurrent.FutureTask.run(FutureTask.java:264)
	at java.base/java.util.concurrent.ThreadPoolExecutor.runWorker(ThreadPoolExecutor.java:1136)
	at java.base/java.util.concurrent.ThreadPoolExecutor$Worker.run(ThreadPoolExecutor.java:635)
	at java.base/java.lang.Thread.run(Thread.java:842)
Caused by: java.lang.ExceptionInInitializerError: Exception java.lang.RuntimeException: config.properties file not found at resources/Config.properties [in thread &quot;TestNG-tests-1&quot;]
	at utils.ConfigReader.&lt;clinit&gt;(ConfigReader.java:19)
	at managers.DriverManager.getDriver(DriverManager.java:24)
	at test.HomePageTests.setup(HomePageTests.java:23)
	... 26 more
</pre></div></td>
<td>0</td>
<td>test.CheckoutTests@477b4cdf</td></tr>
<tr>
<td title='test.ProductTests.testProductDescriptionAndSpecs()'><b>testProductDescriptionAndSpecs</b><br>Test class: test.ProductTests<br>Test method: Verify product description and specs (Size selector)</td>
<td><div><pre>java.lang.NoClassDefFoundError: Could not initialize class utils.ConfigReader
	at managers.DriverManager.getDriver(DriverManager.java:24)
	at test.ProductTests.setup(ProductTests.java:28)
	at java.base/java.util.ArrayList.forEach(ArrayList.java:1511)
	at java.base/java.util.concurrent.FutureTask.run(FutureTask.java:264)
	at java.base/java.util.concurrent.ThreadPoolExecutor.runWorker(ThreadPoolExecutor.java:1136)
	at java.base/java.util.concurrent.ThreadPoolExecutor$Worker.run(ThreadPoolExecutor.java:635)
	at java.base/java.lang.Thread.run(Thread.java:842)
Caused by: java.lang.ExceptionInInitializerError: Exception java.lang.RuntimeException: config.properties file not found at resources/Config.properties [in thread &quot;TestNG-tests-1&quot;]
	at utils.ConfigReader.&lt;clinit&gt;(ConfigReader.java:19)
	at managers.DriverManager.getDriver(DriverManager.java:24)
	at test.HomePageTests.setup(HomePageTests.java:23)
	... 26 more
... Removed 21 stack frames</pre></div><a href='#' onClick='toggleBox("stack-trace2043083269", this, "Click to show all stack frames", "Click to hide stack frames")'>Click to show all stack frames</a>
<div class='stack-trace' id='stack-trace2043083269'><pre>java.lang.NoClassDefFoundError: Could not initialize class utils.ConfigReader
	at managers.DriverManager.getDriver(DriverManager.java:24)
	at test.ProductTests.setup(ProductTests.java:28)
	at java.base/jdk.internal.reflect.NativeMethodAccessorImpl.invoke0(Native Method)
	at java.base/jdk.internal.reflect.NativeMethodAccessorImpl.invoke(NativeMethodAccessorImpl.java:77)
	at java.base/jdk.internal.reflect.DelegatingMethodAccessorImpl.invoke(DelegatingMethodAccessorImpl.java:43)
	at java.base/java.lang.reflect.Method.invoke(Method.java:568)
	at org.testng.internal.invokers.MethodInvocationHelper.invokeMethod(MethodInvocationHelper.java:141)
	at org.testng.internal.invokers.MethodInvocationHelper.invokeMethodConsideringTimeout(MethodInvocationHelper.java:71)
	at org.testng.internal.invokers.ConfigInvoker.invokeConfigurationMethod(ConfigInvoker.java:400)
	at org.testng.internal.invokers.ConfigInvoker.invokeConfigurations(ConfigInvoker.java:333)
	at org.testng.internal.invokers.TestInvoker.runConfigMethods(TestInvoker.java:836)
	at org.testng.internal.invokers.TestInvoker.invokeMethod(TestInvoker.java:601)
	at org.testng.internal.invokers.TestInvoker.invokeTestMethod(TestInvoker.java:230)
	at org.testng.internal.invokers.MethodRunner.runInSequence(MethodRunner.java:63)
	at org.testng.internal.invokers.TestInvoker$MethodInvocationAgent.invoke(TestInvoker.java:995)
	at org.testng.internal.invokers.TestInvoker.invokeTestMethods(TestInvoker.java:203)
	at org.testng.internal.invokers.TestMethodWorker.invokeTestMethods(TestMethodWorker.java:154)
	at org.testng.internal.invokers.TestMethodWorker.run(TestMethodWorker.java:134)
	at java.base/java.util.ArrayList.forEach(ArrayList.java:1511)
	at org.testng.TestRunner.privateRun(TestRunner.java:741)
	at org.testng.TestRunner.run(TestRunner.java:616)
	at org.testng.SuiteRunner.runTest(SuiteRunner.java:421)
	at org.testng.SuiteRunner$SuiteWorker.run(SuiteRunner.java:463)
	at org.testng.internal.thread.ThreadUtil.lambda$execute$0(ThreadUtil.java:64)
	at java.base/java.util.concurrent.FutureTask.run(FutureTask.java:264)
	at java.base/java.util.concurrent.ThreadPoolExecutor.runWorker(ThreadPoolExecutor.java:1136)
	at java.base/java.util.concurrent.ThreadPoolExecutor$Worker.run(ThreadPoolExecutor.java:635)
	at java.base/java.lang.Thread.run(Thread.java:842)
Caused by: java.lang.ExceptionInInitializerError: Exception java.lang.RuntimeException: config.properties file not found at resources/Config.properties [in thread &quot;TestNG-tests-1&quot;]
	at utils.ConfigReader.&lt;clinit&gt;(ConfigReader.java:19)
	at managers.DriverManager.getDriver(DriverManager.java:24)
	at test.HomePageTests.setup(HomePageTests.java:23)
	... 26 more
</pre></div></td>
<td>0</td>
<td>test.ProductTests@6743e411</td></tr>
<tr>
<td title='test.ProductTests.testProductFilteringByCategory()'><b>testProductFilteringByCategory</b><br>Test class: test.ProductTests<br>Test method: Verify product filtering by category</td>
<td><div><pre>java.lang.NoClassDefFoundError: Could not initialize class utils.ConfigReader
	at managers.DriverManager.getDriver(DriverManager.java:24)
	at test.ProductTests.setup(ProductTests.java:28)
	at java.base/java.util.ArrayList.forEach(ArrayList.java:1511)
	at java.base/java.util.concurrent.FutureTask.run(FutureTask.java:264)
	at java.base/java.util.concurrent.ThreadPoolExecutor.runWorker(ThreadPoolExecutor.java:1136)
	at java.base/java.util.concurrent.ThreadPoolExecutor$Worker.run(ThreadPoolExecutor.java:635)
	at java.base/java.lang.Thread.run(Thread.java:842)
Caused by: java.lang.ExceptionInInitializerError: Exception java.lang.RuntimeException: config.properties file not found at resources/Config.properties [in thread &quot;TestNG-tests-1&quot;]
	at utils.ConfigReader.&lt;clinit&gt;(ConfigReader.java:19)
	at managers.DriverManager.getDriver(DriverManager.java:24)
	at test.HomePageTests.setup(HomePageTests.java:23)
	... 26 more
... Removed 21 stack frames</pre></div><a href='#' onClick='toggleBox("stack-trace236799259", this, "Click to show all stack frames", "Click to hide stack frames")'>Click to show all stack frames</a>
<div class='stack-trace' id='stack-trace236799259'><pre>java.lang.NoClassDefFoundError: Could not initialize class utils.ConfigReader
	at managers.DriverManager.getDriver(DriverManager.java:24)
	at test.ProductTests.setup(ProductTests.java:28)
	at java.base/jdk.internal.reflect.NativeMethodAccessorImpl.invoke0(Native Method)
	at java.base/jdk.internal.reflect.NativeMethodAccessorImpl.invoke(NativeMethodAccessorImpl.java:77)
	at java.base/jdk.internal.reflect.DelegatingMethodAccessorImpl.invoke(DelegatingMethodAccessorImpl.java:43)
	at java.base/java.lang.reflect.Method.invoke(Method.java:568)
	at org.testng.internal.invokers.MethodInvocationHelper.invokeMethod(MethodInvocationHelper.java:141)
	at org.testng.internal.invokers.MethodInvocationHelper.invokeMethodConsideringTimeout(MethodInvocationHelper.java:71)
	at org.testng.internal.invokers.ConfigInvoker.invokeConfigurationMethod(ConfigInvoker.java:400)
	at org.testng.internal.invokers.ConfigInvoker.invokeConfigurations(ConfigInvoker.java:333)
	at org.testng.internal.invokers.TestInvoker.runConfigMethods(TestInvoker.java:836)
	at org.testng.internal.invokers.TestInvoker.invokeMethod(TestInvoker.java:601)
	at org.testng.internal.invokers.TestInvoker.invokeTestMethod(TestInvoker.java:230)
	at org.testng.internal.invokers.MethodRunner.runInSequence(MethodRunner.java:63)
	at org.testng.internal.invokers.TestInvoker$MethodInvocationAgent.invoke(TestInvoker.java:995)
	at org.testng.internal.invokers.TestInvoker.invokeTestMethods(TestInvoker.java:203)
	at org.testng.internal.invokers.TestMethodWorker.invokeTestMethods(TestMethodWorker.java:154)
	at org.testng.internal.invokers.TestMethodWorker.run(TestMethodWorker.java:134)
	at java.base/java.util.ArrayList.forEach(ArrayList.java:1511)
	at org.testng.TestRunner.privateRun(TestRunner.java:741)
	at org.testng.TestRunner.run(TestRunner.java:616)
	at org.testng.SuiteRunner.runTest(SuiteRunner.java:421)
	at org.testng.SuiteRunner$SuiteWorker.run(SuiteRunner.java:463)
	at org.testng.internal.thread.ThreadUtil.lambda$execute$0(ThreadUtil.java:64)
	at java.base/java.util.concurrent.FutureTask.run(FutureTask.java:264)
	at java.base/java.util.concurrent.ThreadPoolExecutor.runWorker(ThreadPoolExecutor.java:1136)
	at java.base/java.util.concurrent.ThreadPoolExecutor$Worker.run(ThreadPoolExecutor.java:635)
	at java.base/java.lang.Thread.run(Thread.java:842)
Caused by: java.lang.ExceptionInInitializerError: Exception java.lang.RuntimeException: config.properties file not found at resources/Config.properties [in thread &quot;TestNG-tests-1&quot;]
	at utils.ConfigReader.&lt;clinit&gt;(ConfigReader.java:19)
	at managers.DriverManager.getDriver(DriverManager.java:24)
	at test.HomePageTests.setup(HomePageTests.java:23)
	... 26 more
</pre></div></td>
<td>0</td>
<td>test.ProductTests@6743e411</td></tr>
<tr>
<td title='test.ProductTests.testProductSearchResults()'><b>testProductSearchResults</b><br>Test class: test.ProductTests<br>Test method: Verify product search results (simulated via URL)</td>
<td><div><pre>java.lang.NoClassDefFoundError: Could not initialize class utils.ConfigReader
	at managers.DriverManager.getDriver(DriverManager.java:24)
	at test.ProductTests.setup(ProductTests.java:28)
	at java.base/java.util.ArrayList.forEach(ArrayList.java:1511)
	at java.base/java.util.concurrent.FutureTask.run(FutureTask.java:264)
	at java.base/java.util.concurrent.ThreadPoolExecutor.runWorker(ThreadPoolExecutor.java:1136)
	at java.base/java.util.concurrent.ThreadPoolExecutor$Worker.run(ThreadPoolExecutor.java:635)
	at java.base/java.lang.Thread.run(Thread.java:842)
Caused by: java.lang.ExceptionInInitializerError: Exception java.lang.RuntimeException: config.properties file not found at resources/Config.properties [in thread &quot;TestNG-tests-1&quot;]
	at utils.ConfigReader.&lt;clinit&gt;(ConfigReader.java:19)
	at managers.DriverManager.getDriver(DriverManager.java:24)
	at test.HomePageTests.setup(HomePageTests.java:23)
	... 26 more
... Removed 21 stack frames</pre></div><a href='#' onClick='toggleBox("stack-trace1740864197", this, "Click to show all stack frames", "Click to hide stack frames")'>Click to show all stack frames</a>
<div class='stack-trace' id='stack-trace1740864197'><pre>java.lang.NoClassDefFoundError: Could not initialize class utils.ConfigReader
	at managers.DriverManager.getDriver(DriverManager.java:24)
	at test.ProductTests.setup(ProductTests.java:28)
	at java.base/jdk.internal.reflect.NativeMethodAccessorImpl.invoke0(Native Method)
	at java.base/jdk.internal.reflect.NativeMethodAccessorImpl.invoke(NativeMethodAccessorImpl.java:77)
	at java.base/jdk.internal.reflect.DelegatingMethodAccessorImpl.invoke(DelegatingMethodAccessorImpl.java:43)
	at java.base/java.lang.reflect.Method.invoke(Method.java:568)
	at org.testng.internal.invokers.MethodInvocationHelper.invokeMethod(MethodInvocationHelper.java:141)
	at org.testng.internal.invokers.MethodInvocationHelper.invokeMethodConsideringTimeout(MethodInvocationHelper.java:71)
	at org.testng.internal.invokers.ConfigInvoker.invokeConfigurationMethod(ConfigInvoker.java:400)
	at org.testng.internal.invokers.ConfigInvoker.invokeConfigurations(ConfigInvoker.java:333)
	at org.testng.internal.invokers.TestInvoker.runConfigMethods(TestInvoker.java:836)
	at org.testng.internal.invokers.TestInvoker.invokeMethod(TestInvoker.java:601)
	at org.testng.internal.invokers.TestInvoker.invokeTestMethod(TestInvoker.java:230)
	at org.testng.internal.invokers.MethodRunner.runInSequence(MethodRunner.java:63)
	at org.testng.internal.invokers.TestInvoker$MethodInvocationAgent.invoke(TestInvoker.java:995)
	at org.testng.internal.invokers.TestInvoker.invokeTestMethods(TestInvoker.java:203)
	at org.testng.internal.invokers.TestMethodWorker.invokeTestMethods(TestMethodWorker.java:154)
	at org.testng.internal.invokers.TestMethodWorker.run(TestMethodWorker.java:134)
	at java.base/java.util.ArrayList.forEach(ArrayList.java:1511)
	at org.testng.TestRunner.privateRun(TestRunner.java:741)
	at org.testng.TestRunner.run(TestRunner.java:616)
	at org.testng.SuiteRunner.runTest(SuiteRunner.java:421)
	at org.testng.SuiteRunner$SuiteWorker.run(SuiteRunner.java:463)
	at org.testng.internal.thread.ThreadUtil.lambda$execute$0(ThreadUtil.java:64)
	at java.base/java.util.concurrent.FutureTask.run(FutureTask.java:264)
	at java.base/java.util.concurrent.ThreadPoolExecutor.runWorker(ThreadPoolExecutor.java:1136)
	at java.base/java.util.concurrent.ThreadPoolExecutor$Worker.run(ThreadPoolExecutor.java:635)
	at java.base/java.lang.Thread.run(Thread.java:842)
Caused by: java.lang.ExceptionInInitializerError: Exception java.lang.RuntimeException: config.properties file not found at resources/Config.properties [in thread &quot;TestNG-tests-1&quot;]
	at utils.ConfigReader.&lt;clinit&gt;(ConfigReader.java:19)
	at managers.DriverManager.getDriver(DriverManager.java:24)
	at test.HomePageTests.setup(HomePageTests.java:23)
	... 26 more
</pre></div></td>
<td>0</td>
<td>test.ProductTests@6743e411</td></tr>
<tr>
<td title='test.HomePageTests.testSearchFunctionality()'><b>testSearchFunctionality</b><br>Test class: test.HomePageTests<br>Test method: Verify search functionality</td>
<td><div><pre>java.lang.ExceptionInInitializerError
	at managers.DriverManager.getDriver(DriverManager.java:24)
	at test.HomePageTests.setup(HomePageTests.java:23)
	at java.base/java.util.ArrayList.forEach(ArrayList.java:1511)
	at java.base/java.util.concurrent.FutureTask.run(FutureTask.java:264)
	at java.base/java.util.concurrent.ThreadPoolExecutor.runWorker(ThreadPoolExecutor.java:1136)
	at java.base/java.util.concurrent.ThreadPoolExecutor$Worker.run(ThreadPoolExecutor.java:635)
	at java.base/java.lang.Thread.run(Thread.java:842)
Caused by: java.lang.RuntimeException: config.properties file not found at resources/Config.properties
	at utils.ConfigReader.&lt;clinit&gt;(ConfigReader.java:19)
	... 28 more
... Removed 21 stack frames</pre></div><a href='#' onClick='toggleBox("stack-trace1877138405", this, "Click to show all stack frames", "Click to hide stack frames")'>Click to show all stack frames</a>
<div class='stack-trace' id='stack-trace1877138405'><pre>java.lang.ExceptionInInitializerError
	at managers.DriverManager.getDriver(DriverManager.java:24)
	at test.HomePageTests.setup(HomePageTests.java:23)
	at java.base/jdk.internal.reflect.NativeMethodAccessorImpl.invoke0(Native Method)
	at java.base/jdk.internal.reflect.NativeMethodAccessorImpl.invoke(NativeMethodAccessorImpl.java:77)
	at java.base/jdk.internal.reflect.DelegatingMethodAccessorImpl.invoke(DelegatingMethodAccessorImpl.java:43)
	at java.base/java.lang.reflect.Method.invoke(Method.java:568)
	at org.testng.internal.invokers.MethodInvocationHelper.invokeMethod(MethodInvocationHelper.java:141)
	at org.testng.internal.invokers.MethodInvocationHelper.invokeMethodConsideringTimeout(MethodInvocationHelper.java:71)
	at org.testng.internal.invokers.ConfigInvoker.invokeConfigurationMethod(ConfigInvoker.java:400)
	at org.testng.internal.invokers.ConfigInvoker.invokeConfigurations(ConfigInvoker.java:333)
	at org.testng.internal.invokers.TestInvoker.runConfigMethods(TestInvoker.java:836)
	at org.testng.internal.invokers.TestInvoker.invokeMethod(TestInvoker.java:601)
	at org.testng.internal.invokers.TestInvoker.invokeTestMethod(TestInvoker.java:230)
	at org.testng.internal.invokers.MethodRunner.runInSequence(MethodRunner.java:63)
	at org.testng.internal.invokers.TestInvoker$MethodInvocationAgent.invoke(TestInvoker.java:995)
	at org.testng.internal.invokers.TestInvoker.invokeTestMethods(TestInvoker.java:203)
	at org.testng.internal.invokers.TestMethodWorker.invokeTestMethods(TestMethodWorker.java:154)
	at org.testng.internal.invokers.TestMethodWorker.run(TestMethodWorker.java:134)
	at java.base/java.util.ArrayList.forEach(ArrayList.java:1511)
	at org.testng.TestRunner.privateRun(TestRunner.java:741)
	at org.testng.TestRunner.run(TestRunner.java:616)
	at org.testng.SuiteRunner.runTest(SuiteRunner.java:421)
	at org.testng.SuiteRunner$SuiteWorker.run(SuiteRunner.java:463)
	at org.testng.internal.thread.ThreadUtil.lambda$execute$0(ThreadUtil.java:64)
	at java.base/java.util.concurrent.FutureTask.run(FutureTask.java:264)
	at java.base/java.util.concurrent.ThreadPoolExecutor.runWorker(ThreadPoolExecutor.java:1136)
	at java.base/java.util.concurrent.ThreadPoolExecutor$Worker.run(ThreadPoolExecutor.java:635)
	at java.base/java.lang.Thread.run(Thread.java:842)
Caused by: java.lang.RuntimeException: config.properties file not found at resources/Config.properties
	at utils.ConfigReader.&lt;clinit&gt;(ConfigReader.java:19)
	... 28 more
</pre></div></td>
<td>0</td>
<td>test.HomePageTests@28701274</td></tr>
<tr>
<td title='test.CartTests.testAddingProductsToCart()'><b>testAddingProductsToCart</b><br>Test class: test.CartTests<br>Test method: Verify adding products to cart</td>
<td><div><pre>java.lang.NoClassDefFoundError: Could not initialize class utils.ConfigReader
	at managers.DriverManager.getDriver(DriverManager.java:24)
	at test.CartTests.setup(CartTests.java:34)
	at java.base/java.util.ArrayList.forEach(ArrayList.java:1511)
	at java.base/java.util.concurrent.FutureTask.run(FutureTask.java:264)
	at java.base/java.util.concurrent.ThreadPoolExecutor.runWorker(ThreadPoolExecutor.java:1136)
	at java.base/java.util.concurrent.ThreadPoolExecutor$Worker.run(ThreadPoolExecutor.java:635)
	at java.base/java.lang.Thread.run(Thread.java:842)
Caused by: java.lang.ExceptionInInitializerError: Exception java.lang.RuntimeException: config.properties file not found at resources/Config.properties [in thread &quot;TestNG-tests-1&quot;]
	at utils.ConfigReader.&lt;clinit&gt;(ConfigReader.java:19)
	at managers.DriverManager.getDriver(DriverManager.java:24)
	at test.HomePageTests.setup(HomePageTests.java:23)
	... 26 more
... Removed 21 stack frames</pre></div><a href='#' onClick='toggleBox("stack-trace2016582453", this, "Click to show all stack frames", "Click to hide stack frames")'>Click to show all stack frames</a>
<div class='stack-trace' id='stack-trace2016582453'><pre>java.lang.NoClassDefFoundError: Could not initialize class utils.ConfigReader
	at managers.DriverManager.getDriver(DriverManager.java:24)
	at test.CartTests.setup(CartTests.java:34)
	at java.base/jdk.internal.reflect.NativeMethodAccessorImpl.invoke0(Native Method)
	at java.base/jdk.internal.reflect.NativeMethodAccessorImpl.invoke(NativeMethodAccessorImpl.java:77)
	at java.base/jdk.internal.reflect.DelegatingMethodAccessorImpl.invoke(DelegatingMethodAccessorImpl.java:43)
	at java.base/java.lang.reflect.Method.invoke(Method.java:568)
	at org.testng.internal.invokers.MethodInvocationHelper.invokeMethod(MethodInvocationHelper.java:141)
	at org.testng.internal.invokers.MethodInvocationHelper.invokeMethodConsideringTimeout(MethodInvocationHelper.java:71)
	at org.testng.internal.invokers.ConfigInvoker.invokeConfigurationMethod(ConfigInvoker.java:400)
	at org.testng.internal.invokers.ConfigInvoker.invokeConfigurations(ConfigInvoker.java:333)
	at org.testng.internal.invokers.TestInvoker.runConfigMethods(TestInvoker.java:836)
	at org.testng.internal.invokers.TestInvoker.invokeMethod(TestInvoker.java:601)
	at org.testng.internal.invokers.TestInvoker.invokeTestMethod(TestInvoker.java:230)
	at org.testng.internal.invokers.MethodRunner.runInSequence(MethodRunner.java:63)
	at org.testng.internal.invokers.TestInvoker$MethodInvocationAgent.invoke(TestInvoker.java:995)
	at org.testng.internal.invokers.TestInvoker.invokeTestMethods(TestInvoker.java:203)
	at org.testng.internal.invokers.TestMethodWorker.invokeTestMethods(TestMethodWorker.java:154)
	at org.testng.internal.invokers.TestMethodWorker.run(TestMethodWorker.java:134)
	at java.base/java.util.ArrayList.forEach(ArrayList.java:1511)
	at org.testng.TestRunner.privateRun(TestRunner.java:741)
	at org.testng.TestRunner.run(TestRunner.java:616)
	at org.testng.SuiteRunner.runTest(SuiteRunner.java:421)
	at org.testng.SuiteRunner$SuiteWorker.run(SuiteRunner.java:463)
	at org.testng.internal.thread.ThreadUtil.lambda$execute$0(ThreadUtil.java:64)
	at java.base/java.util.concurrent.FutureTask.run(FutureTask.java:264)
	at java.base/java.util.concurrent.ThreadPoolExecutor.runWorker(ThreadPoolExecutor.java:1136)
	at java.base/java.util.concurrent.ThreadPoolExecutor$Worker.run(ThreadPoolExecutor.java:635)
	at java.base/java.lang.Thread.run(Thread.java:842)
Caused by: java.lang.ExceptionInInitializerError: Exception java.lang.RuntimeException: config.properties file not found at resources/Config.properties [in thread &quot;TestNG-tests-1&quot;]
	at utils.ConfigReader.&lt;clinit&gt;(ConfigReader.java:19)
	at managers.DriverManager.getDriver(DriverManager.java:24)
	at test.HomePageTests.setup(HomePageTests.java:23)
	... 26 more
</pre></div></td>
<td>0</td>
<td>test.CartTests@3eb25e1a</td></tr>
<tr>
<td title='test.CartTests.testRemovingProductsFromCart()'><b>testRemovingProductsFromCart</b><br>Test class: test.CartTests<br>Test method: Verify removing products from cart</td>
<td><div><pre>java.lang.NoClassDefFoundError: Could not initialize class utils.ConfigReader
	at managers.DriverManager.getDriver(DriverManager.java:24)
	at test.CartTests.setup(CartTests.java:34)
	at java.base/java.util.ArrayList.forEach(ArrayList.java:1511)
	at java.base/java.util.concurrent.FutureTask.run(FutureTask.java:264)
	at java.base/java.util.concurrent.ThreadPoolExecutor.runWorker(ThreadPoolExecutor.java:1136)
	at java.base/java.util.concurrent.ThreadPoolExecutor$Worker.run(ThreadPoolExecutor.java:635)
	at java.base/java.lang.Thread.run(Thread.java:842)
Caused by: java.lang.ExceptionInInitializerError: Exception java.lang.RuntimeException: config.properties file not found at resources/Config.properties [in thread &quot;TestNG-tests-1&quot;]
	at utils.ConfigReader.&lt;clinit&gt;(ConfigReader.java:19)
	at managers.DriverManager.getDriver(DriverManager.java:24)
	at test.HomePageTests.setup(HomePageTests.java:23)
	... 26 more
... Removed 21 stack frames</pre></div><a href='#' onClick='toggleBox("stack-trace1770901701", this, "Click to show all stack frames", "Click to hide stack frames")'>Click to show all stack frames</a>
<div class='stack-trace' id='stack-trace1770901701'><pre>java.lang.NoClassDefFoundError: Could not initialize class utils.ConfigReader
	at managers.DriverManager.getDriver(DriverManager.java:24)
	at test.CartTests.setup(CartTests.java:34)
	at java.base/jdk.internal.reflect.NativeMethodAccessorImpl.invoke0(Native Method)
	at java.base/jdk.internal.reflect.NativeMethodAccessorImpl.invoke(NativeMethodAccessorImpl.java:77)
	at java.base/jdk.internal.reflect.DelegatingMethodAccessorImpl.invoke(DelegatingMethodAccessorImpl.java:43)
	at java.base/java.lang.reflect.Method.invoke(Method.java:568)
	at org.testng.internal.invokers.MethodInvocationHelper.invokeMethod(MethodInvocationHelper.java:141)
	at org.testng.internal.invokers.MethodInvocationHelper.invokeMethodConsideringTimeout(MethodInvocationHelper.java:71)
	at org.testng.internal.invokers.ConfigInvoker.invokeConfigurationMethod(ConfigInvoker.java:400)
	at org.testng.internal.invokers.ConfigInvoker.invokeConfigurations(ConfigInvoker.java:333)
	at org.testng.internal.invokers.TestInvoker.runConfigMethods(TestInvoker.java:836)
	at org.testng.internal.invokers.TestInvoker.invokeMethod(TestInvoker.java:601)
	at org.testng.internal.invokers.TestInvoker.invokeTestMethod(TestInvoker.java:230)
	at org.testng.internal.invokers.MethodRunner.runInSequence(MethodRunner.java:63)
	at org.testng.internal.invokers.TestInvoker$MethodInvocationAgent.invoke(TestInvoker.java:995)
	at org.testng.internal.invokers.TestInvoker.invokeTestMethods(TestInvoker.java:203)
	at org.testng.internal.invokers.TestMethodWorker.invokeTestMethods(TestMethodWorker.java:154)
	at org.testng.internal.invokers.TestMethodWorker.run(TestMethodWorker.java:134)
	at java.base/java.util.ArrayList.forEach(ArrayList.java:1511)
	at org.testng.TestRunner.privateRun(TestRunner.java:741)
	at org.testng.TestRunner.run(TestRunner.java:616)
	at org.testng.SuiteRunner.runTest(SuiteRunner.java:421)
	at org.testng.SuiteRunner$SuiteWorker.run(SuiteRunner.java:463)
	at org.testng.internal.thread.ThreadUtil.lambda$execute$0(ThreadUtil.java:64)
	at java.base/java.util.concurrent.FutureTask.run(FutureTask.java:264)
	at java.base/java.util.concurrent.ThreadPoolExecutor.runWorker(ThreadPoolExecutor.java:1136)
	at java.base/java.util.concurrent.ThreadPoolExecutor$Worker.run(ThreadPoolExecutor.java:635)
	at java.base/java.lang.Thread.run(Thread.java:842)
Caused by: java.lang.ExceptionInInitializerError: Exception java.lang.RuntimeException: config.properties file not found at resources/Config.properties [in thread &quot;TestNG-tests-1&quot;]
	at utils.ConfigReader.&lt;clinit&gt;(ConfigReader.java:19)
	at managers.DriverManager.getDriver(DriverManager.java:24)
	at test.HomePageTests.setup(HomePageTests.java:23)
	... 26 more
</pre></div></td>
<td>0</td>
<td>test.CartTests@3eb25e1a</td></tr>
<tr>
<td title='test.CheckoutTests.testOrderSummaryInCheckout()'><b>testOrderSummaryInCheckout</b><br>Test class: test.CheckoutTests<br>Test method: Verify order summary in checkout</td>
<td><div><pre>java.lang.NoClassDefFoundError: Could not initialize class utils.ConfigReader
	at managers.DriverManager.getDriver(DriverManager.java:24)
	at test.CheckoutTests.setup(CheckoutTests.java:31)
	at java.base/java.util.ArrayList.forEach(ArrayList.java:1511)
	at java.base/java.util.concurrent.FutureTask.run(FutureTask.java:264)
	at java.base/java.util.concurrent.ThreadPoolExecutor.runWorker(ThreadPoolExecutor.java:1136)
	at java.base/java.util.concurrent.ThreadPoolExecutor$Worker.run(ThreadPoolExecutor.java:635)
	at java.base/java.lang.Thread.run(Thread.java:842)
Caused by: java.lang.ExceptionInInitializerError: Exception java.lang.RuntimeException: config.properties file not found at resources/Config.properties [in thread &quot;TestNG-tests-1&quot;]
	at utils.ConfigReader.&lt;clinit&gt;(ConfigReader.java:19)
	at managers.DriverManager.getDriver(DriverManager.java:24)
	at test.HomePageTests.setup(HomePageTests.java:23)
	... 26 more
... Removed 21 stack frames</pre></div><a href='#' onClick='toggleBox("stack-trace1033050712", this, "Click to show all stack frames", "Click to hide stack frames")'>Click to show all stack frames</a>
<div class='stack-trace' id='stack-trace1033050712'><pre>java.lang.NoClassDefFoundError: Could not initialize class utils.ConfigReader
	at managers.DriverManager.getDriver(DriverManager.java:24)
	at test.CheckoutTests.setup(CheckoutTests.java:31)
	at java.base/jdk.internal.reflect.NativeMethodAccessorImpl.invoke0(Native Method)
	at java.base/jdk.internal.reflect.NativeMethodAccessorImpl.invoke(NativeMethodAccessorImpl.java:77)
	at java.base/jdk.internal.reflect.DelegatingMethodAccessorImpl.invoke(DelegatingMethodAccessorImpl.java:43)
	at java.base/java.lang.reflect.Method.invoke(Method.java:568)
	at org.testng.internal.invokers.MethodInvocationHelper.invokeMethod(MethodInvocationHelper.java:141)
	at org.testng.internal.invokers.MethodInvocationHelper.invokeMethodConsideringTimeout(MethodInvocationHelper.java:71)
	at org.testng.internal.invokers.ConfigInvoker.invokeConfigurationMethod(ConfigInvoker.java:400)
	at org.testng.internal.invokers.ConfigInvoker.invokeConfigurations(ConfigInvoker.java:333)
	at org.testng.internal.invokers.TestInvoker.runConfigMethods(TestInvoker.java:836)
	at org.testng.internal.invokers.TestInvoker.invokeMethod(TestInvoker.java:601)
	at org.testng.internal.invokers.TestInvoker.invokeTestMethod(TestInvoker.java:230)
	at org.testng.internal.invokers.MethodRunner.runInSequence(MethodRunner.java:63)
	at org.testng.internal.invokers.TestInvoker$MethodInvocationAgent.invoke(TestInvoker.java:995)
	at org.testng.internal.invokers.TestInvoker.invokeTestMethods(TestInvoker.java:203)
	at org.testng.internal.invokers.TestMethodWorker.invokeTestMethods(TestMethodWorker.java:154)
	at org.testng.internal.invokers.TestMethodWorker.run(TestMethodWorker.java:134)
	at java.base/java.util.ArrayList.forEach(ArrayList.java:1511)
	at org.testng.TestRunner.privateRun(TestRunner.java:741)
	at org.testng.TestRunner.run(TestRunner.java:616)
	at org.testng.SuiteRunner.runTest(SuiteRunner.java:421)
	at org.testng.SuiteRunner$SuiteWorker.run(SuiteRunner.java:463)
	at org.testng.internal.thread.ThreadUtil.lambda$execute$0(ThreadUtil.java:64)
	at java.base/java.util.concurrent.FutureTask.run(FutureTask.java:264)
	at java.base/java.util.concurrent.ThreadPoolExecutor.runWorker(ThreadPoolExecutor.java:1136)
	at java.base/java.util.concurrent.ThreadPoolExecutor$Worker.run(ThreadPoolExecutor.java:635)
	at java.base/java.lang.Thread.run(Thread.java:842)
Caused by: java.lang.ExceptionInInitializerError: Exception java.lang.RuntimeException: config.properties file not found at resources/Config.properties [in thread &quot;TestNG-tests-1&quot;]
	at utils.ConfigReader.&lt;clinit&gt;(ConfigReader.java:19)
	at managers.DriverManager.getDriver(DriverManager.java:24)
	at test.HomePageTests.setup(HomePageTests.java:23)
	... 26 more
</pre></div></td>
<td>0</td>
<td>test.CheckoutTests@477b4cdf</td></tr>
<tr>
<td title='test.HomePageTests.testProductCategoriesDisplay()'><b>testProductCategoriesDisplay</b><br>Test class: test.HomePageTests<br>Test method: Verify product categories display</td>
<td><div><pre>java.lang.ExceptionInInitializerError
	at managers.DriverManager.getDriver(DriverManager.java:24)
	at test.HomePageTests.setup(HomePageTests.java:23)
	at java.base/java.util.ArrayList.forEach(ArrayList.java:1511)
	at java.base/java.util.concurrent.FutureTask.run(FutureTask.java:264)
	at java.base/java.util.concurrent.ThreadPoolExecutor.runWorker(ThreadPoolExecutor.java:1136)
	at java.base/java.util.concurrent.ThreadPoolExecutor$Worker.run(ThreadPoolExecutor.java:635)
	at java.base/java.lang.Thread.run(Thread.java:842)
Caused by: java.lang.RuntimeException: config.properties file not found at resources/Config.properties
	at utils.ConfigReader.&lt;clinit&gt;(ConfigReader.java:19)
	... 28 more
... Removed 21 stack frames</pre></div><a href='#' onClick='toggleBox("stack-trace1512859233", this, "Click to show all stack frames", "Click to hide stack frames")'>Click to show all stack frames</a>
<div class='stack-trace' id='stack-trace1512859233'><pre>java.lang.ExceptionInInitializerError
	at managers.DriverManager.getDriver(DriverManager.java:24)
	at test.HomePageTests.setup(HomePageTests.java:23)
	at java.base/jdk.internal.reflect.NativeMethodAccessorImpl.invoke0(Native Method)
	at java.base/jdk.internal.reflect.NativeMethodAccessorImpl.invoke(NativeMethodAccessorImpl.java:77)
	at java.base/jdk.internal.reflect.DelegatingMethodAccessorImpl.invoke(DelegatingMethodAccessorImpl.java:43)
	at java.base/java.lang.reflect.Method.invoke(Method.java:568)
	at org.testng.internal.invokers.MethodInvocationHelper.invokeMethod(MethodInvocationHelper.java:141)
	at org.testng.internal.invokers.MethodInvocationHelper.invokeMethodConsideringTimeout(MethodInvocationHelper.java:71)
	at org.testng.internal.invokers.ConfigInvoker.invokeConfigurationMethod(ConfigInvoker.java:400)
	at org.testng.internal.invokers.ConfigInvoker.invokeConfigurations(ConfigInvoker.java:333)
	at org.testng.internal.invokers.TestInvoker.runConfigMethods(TestInvoker.java:836)
	at org.testng.internal.invokers.TestInvoker.invokeMethod(TestInvoker.java:601)
	at org.testng.internal.invokers.TestInvoker.invokeTestMethod(TestInvoker.java:230)
	at org.testng.internal.invokers.MethodRunner.runInSequence(MethodRunner.java:63)
	at org.testng.internal.invokers.TestInvoker$MethodInvocationAgent.invoke(TestInvoker.java:995)
	at org.testng.internal.invokers.TestInvoker.invokeTestMethods(TestInvoker.java:203)
	at org.testng.internal.invokers.TestMethodWorker.invokeTestMethods(TestMethodWorker.java:154)
	at org.testng.internal.invokers.TestMethodWorker.run(TestMethodWorker.java:134)
	at java.base/java.util.ArrayList.forEach(ArrayList.java:1511)
	at org.testng.TestRunner.privateRun(TestRunner.java:741)
	at org.testng.TestRunner.run(TestRunner.java:616)
	at org.testng.SuiteRunner.runTest(SuiteRunner.java:421)
	at org.testng.SuiteRunner$SuiteWorker.run(SuiteRunner.java:463)
	at org.testng.internal.thread.ThreadUtil.lambda$execute$0(ThreadUtil.java:64)
	at java.base/java.util.concurrent.FutureTask.run(FutureTask.java:264)
	at java.base/java.util.concurrent.ThreadPoolExecutor.runWorker(ThreadPoolExecutor.java:1136)
	at java.base/java.util.concurrent.ThreadPoolExecutor$Worker.run(ThreadPoolExecutor.java:635)
	at java.base/java.lang.Thread.run(Thread.java:842)
Caused by: java.lang.RuntimeException: config.properties file not found at resources/Config.properties
	at utils.ConfigReader.&lt;clinit&gt;(ConfigReader.java:19)
	... 28 more
</pre></div></td>
<td>0</td>
<td>test.HomePageTests@28701274</td></tr>
<tr>
<td title='test.ProductTests.testProductImageGallery()'><b>testProductImageGallery</b><br>Test class: test.ProductTests<br>Test method: Verify product image gallery</td>
<td><div><pre>java.lang.NoClassDefFoundError: Could not initialize class utils.ConfigReader
	at managers.DriverManager.getDriver(DriverManager.java:24)
	at test.ProductTests.setup(ProductTests.java:28)
	at java.base/java.util.ArrayList.forEach(ArrayList.java:1511)
	at java.base/java.util.concurrent.FutureTask.run(FutureTask.java:264)
	at java.base/java.util.concurrent.ThreadPoolExecutor.runWorker(ThreadPoolExecutor.java:1136)
	at java.base/java.util.concurrent.ThreadPoolExecutor$Worker.run(ThreadPoolExecutor.java:635)
	at java.base/java.lang.Thread.run(Thread.java:842)
Caused by: java.lang.ExceptionInInitializerError: Exception java.lang.RuntimeException: config.properties file not found at resources/Config.properties [in thread &quot;TestNG-tests-1&quot;]
	at utils.ConfigReader.&lt;clinit&gt;(ConfigReader.java:19)
	at managers.DriverManager.getDriver(DriverManager.java:24)
	at test.HomePageTests.setup(HomePageTests.java:23)
	... 26 more
... Removed 21 stack frames</pre></div><a href='#' onClick='toggleBox("stack-trace1562730984", this, "Click to show all stack frames", "Click to hide stack frames")'>Click to show all stack frames</a>
<div class='stack-trace' id='stack-trace1562730984'><pre>java.lang.NoClassDefFoundError: Could not initialize class utils.ConfigReader
	at managers.DriverManager.getDriver(DriverManager.java:24)
	at test.ProductTests.setup(ProductTests.java:28)
	at java.base/jdk.internal.reflect.NativeMethodAccessorImpl.invoke0(Native Method)
	at java.base/jdk.internal.reflect.NativeMethodAccessorImpl.invoke(NativeMethodAccessorImpl.java:77)
	at java.base/jdk.internal.reflect.DelegatingMethodAccessorImpl.invoke(DelegatingMethodAccessorImpl.java:43)
	at java.base/java.lang.reflect.Method.invoke(Method.java:568)
	at org.testng.internal.invokers.MethodInvocationHelper.invokeMethod(MethodInvocationHelper.java:141)
	at org.testng.internal.invokers.MethodInvocationHelper.invokeMethodConsideringTimeout(MethodInvocationHelper.java:71)
	at org.testng.internal.invokers.ConfigInvoker.invokeConfigurationMethod(ConfigInvoker.java:400)
	at org.testng.internal.invokers.ConfigInvoker.invokeConfigurations(ConfigInvoker.java:333)
	at org.testng.internal.invokers.TestInvoker.runConfigMethods(TestInvoker.java:836)
	at org.testng.internal.invokers.TestInvoker.invokeMethod(TestInvoker.java:601)
	at org.testng.internal.invokers.TestInvoker.invokeTestMethod(TestInvoker.java:230)
	at org.testng.internal.invokers.MethodRunner.runInSequence(MethodRunner.java:63)
	at org.testng.internal.invokers.TestInvoker$MethodInvocationAgent.invoke(TestInvoker.java:995)
	at org.testng.internal.invokers.TestInvoker.invokeTestMethods(TestInvoker.java:203)
	at org.testng.internal.invokers.TestMethodWorker.invokeTestMethods(TestMethodWorker.java:154)
	at org.testng.internal.invokers.TestMethodWorker.run(TestMethodWorker.java:134)
	at java.base/java.util.ArrayList.forEach(ArrayList.java:1511)
	at org.testng.TestRunner.privateRun(TestRunner.java:741)
	at org.testng.TestRunner.run(TestRunner.java:616)
	at org.testng.SuiteRunner.runTest(SuiteRunner.java:421)
	at org.testng.SuiteRunner$SuiteWorker.run(SuiteRunner.java:463)
	at org.testng.internal.thread.ThreadUtil.lambda$execute$0(ThreadUtil.java:64)
	at java.base/java.util.concurrent.FutureTask.run(FutureTask.java:264)
	at java.base/java.util.concurrent.ThreadPoolExecutor.runWorker(ThreadPoolExecutor.java:1136)
	at java.base/java.util.concurrent.ThreadPoolExecutor$Worker.run(ThreadPoolExecutor.java:635)
	at java.base/java.lang.Thread.run(Thread.java:842)
Caused by: java.lang.ExceptionInInitializerError: Exception java.lang.RuntimeException: config.properties file not found at resources/Config.properties [in thread &quot;TestNG-tests-1&quot;]
	at utils.ConfigReader.&lt;clinit&gt;(ConfigReader.java:19)
	at managers.DriverManager.getDriver(DriverManager.java:24)
	at test.HomePageTests.setup(HomePageTests.java:23)
	... 26 more
</pre></div></td>
<td>0</td>
<td>test.ProductTests@6743e411</td></tr>
<tr>
<td title='test.CartTests.testUpdateProductQuantity()'><b>testUpdateProductQuantity</b><br>Test class: test.CartTests<br>Test method: Verify updating product quantity in cart</td>
<td><div><pre>java.lang.NoClassDefFoundError: Could not initialize class utils.ConfigReader
	at managers.DriverManager.getDriver(DriverManager.java:24)
	at test.CartTests.setup(CartTests.java:34)
	at java.base/java.util.ArrayList.forEach(ArrayList.java:1511)
	at java.base/java.util.concurrent.FutureTask.run(FutureTask.java:264)
	at java.base/java.util.concurrent.ThreadPoolExecutor.runWorker(ThreadPoolExecutor.java:1136)
	at java.base/java.util.concurrent.ThreadPoolExecutor$Worker.run(ThreadPoolExecutor.java:635)
	at java.base/java.lang.Thread.run(Thread.java:842)
Caused by: java.lang.ExceptionInInitializerError: Exception java.lang.RuntimeException: config.properties file not found at resources/Config.properties [in thread &quot;TestNG-tests-1&quot;]
	at utils.ConfigReader.&lt;clinit&gt;(ConfigReader.java:19)
	at managers.DriverManager.getDriver(DriverManager.java:24)
	at test.HomePageTests.setup(HomePageTests.java:23)
	... 26 more
... Removed 21 stack frames</pre></div><a href='#' onClick='toggleBox("stack-trace142159095", this, "Click to show all stack frames", "Click to hide stack frames")'>Click to show all stack frames</a>
<div class='stack-trace' id='stack-trace142159095'><pre>java.lang.NoClassDefFoundError: Could not initialize class utils.ConfigReader
	at managers.DriverManager.getDriver(DriverManager.java:24)
	at test.CartTests.setup(CartTests.java:34)
	at java.base/jdk.internal.reflect.NativeMethodAccessorImpl.invoke0(Native Method)
	at java.base/jdk.internal.reflect.NativeMethodAccessorImpl.invoke(NativeMethodAccessorImpl.java:77)
	at java.base/jdk.internal.reflect.DelegatingMethodAccessorImpl.invoke(DelegatingMethodAccessorImpl.java:43)
	at java.base/java.lang.reflect.Method.invoke(Method.java:568)
	at org.testng.internal.invokers.MethodInvocationHelper.invokeMethod(MethodInvocationHelper.java:141)
	at org.testng.internal.invokers.MethodInvocationHelper.invokeMethodConsideringTimeout(MethodInvocationHelper.java:71)
	at org.testng.internal.invokers.ConfigInvoker.invokeConfigurationMethod(ConfigInvoker.java:400)
	at org.testng.internal.invokers.ConfigInvoker.invokeConfigurations(ConfigInvoker.java:333)
	at org.testng.internal.invokers.TestInvoker.runConfigMethods(TestInvoker.java:836)
	at org.testng.internal.invokers.TestInvoker.invokeMethod(TestInvoker.java:601)
	at org.testng.internal.invokers.TestInvoker.invokeTestMethod(TestInvoker.java:230)
	at org.testng.internal.invokers.MethodRunner.runInSequence(MethodRunner.java:63)
	at org.testng.internal.invokers.TestInvoker$MethodInvocationAgent.invoke(TestInvoker.java:995)
	at org.testng.internal.invokers.TestInvoker.invokeTestMethods(TestInvoker.java:203)
	at org.testng.internal.invokers.TestMethodWorker.invokeTestMethods(TestMethodWorker.java:154)
	at org.testng.internal.invokers.TestMethodWorker.run(TestMethodWorker.java:134)
	at java.base/java.util.ArrayList.forEach(ArrayList.java:1511)
	at org.testng.TestRunner.privateRun(TestRunner.java:741)
	at org.testng.TestRunner.run(TestRunner.java:616)
	at org.testng.SuiteRunner.runTest(SuiteRunner.java:421)
	at org.testng.SuiteRunner$SuiteWorker.run(SuiteRunner.java:463)
	at org.testng.internal.thread.ThreadUtil.lambda$execute$0(ThreadUtil.java:64)
	at java.base/java.util.concurrent.FutureTask.run(FutureTask.java:264)
	at java.base/java.util.concurrent.ThreadPoolExecutor.runWorker(ThreadPoolExecutor.java:1136)
	at java.base/java.util.concurrent.ThreadPoolExecutor$Worker.run(ThreadPoolExecutor.java:635)
	at java.base/java.lang.Thread.run(Thread.java:842)
Caused by: java.lang.ExceptionInInitializerError: Exception java.lang.RuntimeException: config.properties file not found at resources/Config.properties [in thread &quot;TestNG-tests-1&quot;]
	at utils.ConfigReader.&lt;clinit&gt;(ConfigReader.java:19)
	at managers.DriverManager.getDriver(DriverManager.java:24)
	at test.HomePageTests.setup(HomePageTests.java:23)
	... 26 more
</pre></div></td>
<td>0</td>
<td>test.CartTests@3eb25e1a</td></tr>
<tr>
<td title='test.CartTests.testCartTotalCalculation()'><b>testCartTotalCalculation</b><br>Test class: test.CartTests<br>Test method: Verify cart total calculation</td>
<td><div><pre>java.lang.NoClassDefFoundError: Could not initialize class utils.ConfigReader
	at managers.DriverManager.getDriver(DriverManager.java:24)
	at test.CartTests.setup(CartTests.java:34)
	at java.base/java.util.ArrayList.forEach(ArrayList.java:1511)
	at java.base/java.util.concurrent.FutureTask.run(FutureTask.java:264)
	at java.base/java.util.concurrent.ThreadPoolExecutor.runWorker(ThreadPoolExecutor.java:1136)
	at java.base/java.util.concurrent.ThreadPoolExecutor$Worker.run(ThreadPoolExecutor.java:635)
	at java.base/java.lang.Thread.run(Thread.java:842)
Caused by: java.lang.ExceptionInInitializerError: Exception java.lang.RuntimeException: config.properties file not found at resources/Config.properties [in thread &quot;TestNG-tests-1&quot;]
	at utils.ConfigReader.&lt;clinit&gt;(ConfigReader.java:19)
	at managers.DriverManager.getDriver(DriverManager.java:24)
	at test.HomePageTests.setup(HomePageTests.java:23)
	... 26 more
... Removed 21 stack frames</pre></div><a href='#' onClick='toggleBox("stack-trace346629693", this, "Click to show all stack frames", "Click to hide stack frames")'>Click to show all stack frames</a>
<div class='stack-trace' id='stack-trace346629693'><pre>java.lang.NoClassDefFoundError: Could not initialize class utils.ConfigReader
	at managers.DriverManager.getDriver(DriverManager.java:24)
	at test.CartTests.setup(CartTests.java:34)
	at java.base/jdk.internal.reflect.NativeMethodAccessorImpl.invoke0(Native Method)
	at java.base/jdk.internal.reflect.NativeMethodAccessorImpl.invoke(NativeMethodAccessorImpl.java:77)
	at java.base/jdk.internal.reflect.DelegatingMethodAccessorImpl.invoke(DelegatingMethodAccessorImpl.java:43)
	at java.base/java.lang.reflect.Method.invoke(Method.java:568)
	at org.testng.internal.invokers.MethodInvocationHelper.invokeMethod(MethodInvocationHelper.java:141)
	at org.testng.internal.invokers.MethodInvocationHelper.invokeMethodConsideringTimeout(MethodInvocationHelper.java:71)
	at org.testng.internal.invokers.ConfigInvoker.invokeConfigurationMethod(ConfigInvoker.java:400)
	at org.testng.internal.invokers.ConfigInvoker.invokeConfigurations(ConfigInvoker.java:333)
	at org.testng.internal.invokers.TestInvoker.runConfigMethods(TestInvoker.java:836)
	at org.testng.internal.invokers.TestInvoker.invokeMethod(TestInvoker.java:601)
	at org.testng.internal.invokers.TestInvoker.invokeTestMethod(TestInvoker.java:230)
	at org.testng.internal.invokers.MethodRunner.runInSequence(MethodRunner.java:63)
	at org.testng.internal.invokers.TestInvoker$MethodInvocationAgent.invoke(TestInvoker.java:995)
	at org.testng.internal.invokers.TestInvoker.invokeTestMethods(TestInvoker.java:203)
	at org.testng.internal.invokers.TestMethodWorker.invokeTestMethods(TestMethodWorker.java:154)
	at org.testng.internal.invokers.TestMethodWorker.run(TestMethodWorker.java:134)
	at java.base/java.util.ArrayList.forEach(ArrayList.java:1511)
	at org.testng.TestRunner.privateRun(TestRunner.java:741)
	at org.testng.TestRunner.run(TestRunner.java:616)
	at org.testng.SuiteRunner.runTest(SuiteRunner.java:421)
	at org.testng.SuiteRunner$SuiteWorker.run(SuiteRunner.java:463)
	at org.testng.internal.thread.ThreadUtil.lambda$execute$0(ThreadUtil.java:64)
	at java.base/java.util.concurrent.FutureTask.run(FutureTask.java:264)
	at java.base/java.util.concurrent.ThreadPoolExecutor.runWorker(ThreadPoolExecutor.java:1136)
	at java.base/java.util.concurrent.ThreadPoolExecutor$Worker.run(ThreadPoolExecutor.java:635)
	at java.base/java.lang.Thread.run(Thread.java:842)
Caused by: java.lang.ExceptionInInitializerError: Exception java.lang.RuntimeException: config.properties file not found at resources/Config.properties [in thread &quot;TestNG-tests-1&quot;]
	at utils.ConfigReader.&lt;clinit&gt;(ConfigReader.java:19)
	at managers.DriverManager.getDriver(DriverManager.java:24)
	at test.HomePageTests.setup(HomePageTests.java:23)
	... 26 more
</pre></div></td>
<td>0</td>
<td>test.CartTests@3eb25e1a</td></tr>
<tr>
<td title='test.CheckoutTests.testOrderConfirmation()'><b>testOrderConfirmation</b><br>Test class: test.CheckoutTests<br>Test method: Verify order confirmation</td>
<td><div><pre>java.lang.NoClassDefFoundError: Could not initialize class utils.ConfigReader
	at managers.DriverManager.getDriver(DriverManager.java:24)
	at test.CheckoutTests.setup(CheckoutTests.java:31)
	at java.base/java.util.ArrayList.forEach(ArrayList.java:1511)
	at java.base/java.util.concurrent.FutureTask.run(FutureTask.java:264)
	at java.base/java.util.concurrent.ThreadPoolExecutor.runWorker(ThreadPoolExecutor.java:1136)
	at java.base/java.util.concurrent.ThreadPoolExecutor$Worker.run(ThreadPoolExecutor.java:635)
	at java.base/java.lang.Thread.run(Thread.java:842)
Caused by: java.lang.ExceptionInInitializerError: Exception java.lang.RuntimeException: config.properties file not found at resources/Config.properties [in thread &quot;TestNG-tests-1&quot;]
	at utils.ConfigReader.&lt;clinit&gt;(ConfigReader.java:19)
	at managers.DriverManager.getDriver(DriverManager.java:24)
	at test.HomePageTests.setup(HomePageTests.java:23)
	... 26 more
... Removed 21 stack frames</pre></div><a href='#' onClick='toggleBox("stack-trace1598531154", this, "Click to show all stack frames", "Click to hide stack frames")'>Click to show all stack frames</a>
<div class='stack-trace' id='stack-trace1598531154'><pre>java.lang.NoClassDefFoundError: Could not initialize class utils.ConfigReader
	at managers.DriverManager.getDriver(DriverManager.java:24)
	at test.CheckoutTests.setup(CheckoutTests.java:31)
	at java.base/jdk.internal.reflect.NativeMethodAccessorImpl.invoke0(Native Method)
	at java.base/jdk.internal.reflect.NativeMethodAccessorImpl.invoke(NativeMethodAccessorImpl.java:77)
	at java.base/jdk.internal.reflect.DelegatingMethodAccessorImpl.invoke(DelegatingMethodAccessorImpl.java:43)
	at java.base/java.lang.reflect.Method.invoke(Method.java:568)
	at org.testng.internal.invokers.MethodInvocationHelper.invokeMethod(MethodInvocationHelper.java:141)
	at org.testng.internal.invokers.MethodInvocationHelper.invokeMethodConsideringTimeout(MethodInvocationHelper.java:71)
	at org.testng.internal.invokers.ConfigInvoker.invokeConfigurationMethod(ConfigInvoker.java:400)
	at org.testng.internal.invokers.ConfigInvoker.invokeConfigurations(ConfigInvoker.java:333)
	at org.testng.internal.invokers.TestInvoker.runConfigMethods(TestInvoker.java:836)
	at org.testng.internal.invokers.TestInvoker.invokeMethod(TestInvoker.java:601)
	at org.testng.internal.invokers.TestInvoker.invokeTestMethod(TestInvoker.java:230)
	at org.testng.internal.invokers.MethodRunner.runInSequence(MethodRunner.java:63)
	at org.testng.internal.invokers.TestInvoker$MethodInvocationAgent.invoke(TestInvoker.java:995)
	at org.testng.internal.invokers.TestInvoker.invokeTestMethods(TestInvoker.java:203)
	at org.testng.internal.invokers.TestMethodWorker.invokeTestMethods(TestMethodWorker.java:154)
	at org.testng.internal.invokers.TestMethodWorker.run(TestMethodWorker.java:134)
	at java.base/java.util.ArrayList.forEach(ArrayList.java:1511)
	at org.testng.TestRunner.privateRun(TestRunner.java:741)
	at org.testng.TestRunner.run(TestRunner.java:616)
	at org.testng.SuiteRunner.runTest(SuiteRunner.java:421)
	at org.testng.SuiteRunner$SuiteWorker.run(SuiteRunner.java:463)
	at org.testng.internal.thread.ThreadUtil.lambda$execute$0(ThreadUtil.java:64)
	at java.base/java.util.concurrent.FutureTask.run(FutureTask.java:264)
	at java.base/java.util.concurrent.ThreadPoolExecutor.runWorker(ThreadPoolExecutor.java:1136)
	at java.base/java.util.concurrent.ThreadPoolExecutor$Worker.run(ThreadPoolExecutor.java:635)
	at java.base/java.lang.Thread.run(Thread.java:842)
Caused by: java.lang.ExceptionInInitializerError: Exception java.lang.RuntimeException: config.properties file not found at resources/Config.properties [in thread &quot;TestNG-tests-1&quot;]
	at utils.ConfigReader.&lt;clinit&gt;(ConfigReader.java:19)
	at managers.DriverManager.getDriver(DriverManager.java:24)
	at test.HomePageTests.setup(HomePageTests.java:23)
	... 26 more
</pre></div></td>
<td>0</td>
<td>test.CheckoutTests@477b4cdf</td></tr>
<tr>
<td title='test.ProductTests.testAddProductToCartFromDetailsPage()'><b>testAddProductToCartFromDetailsPage</b><br>Test class: test.ProductTests<br>Test method: Verify add to cart functionality from details page</td>
<td><div><pre>java.lang.NoClassDefFoundError: Could not initialize class utils.ConfigReader
	at managers.DriverManager.getDriver(DriverManager.java:24)
	at test.ProductTests.setup(ProductTests.java:28)
	at java.base/java.util.ArrayList.forEach(ArrayList.java:1511)
	at java.base/java.util.concurrent.FutureTask.run(FutureTask.java:264)
	at java.base/java.util.concurrent.ThreadPoolExecutor.runWorker(ThreadPoolExecutor.java:1136)
	at java.base/java.util.concurrent.ThreadPoolExecutor$Worker.run(ThreadPoolExecutor.java:635)
	at java.base/java.lang.Thread.run(Thread.java:842)
Caused by: java.lang.ExceptionInInitializerError: Exception java.lang.RuntimeException: config.properties file not found at resources/Config.properties [in thread &quot;TestNG-tests-1&quot;]
	at utils.ConfigReader.&lt;clinit&gt;(ConfigReader.java:19)
	at managers.DriverManager.getDriver(DriverManager.java:24)
	at test.HomePageTests.setup(HomePageTests.java:23)
	... 26 more
... Removed 21 stack frames</pre></div><a href='#' onClick='toggleBox("stack-trace1720849476", this, "Click to show all stack frames", "Click to hide stack frames")'>Click to show all stack frames</a>
<div class='stack-trace' id='stack-trace1720849476'><pre>java.lang.NoClassDefFoundError: Could not initialize class utils.ConfigReader
	at managers.DriverManager.getDriver(DriverManager.java:24)
	at test.ProductTests.setup(ProductTests.java:28)
	at java.base/jdk.internal.reflect.NativeMethodAccessorImpl.invoke0(Native Method)
	at java.base/jdk.internal.reflect.NativeMethodAccessorImpl.invoke(NativeMethodAccessorImpl.java:77)
	at java.base/jdk.internal.reflect.DelegatingMethodAccessorImpl.invoke(DelegatingMethodAccessorImpl.java:43)
	at java.base/java.lang.reflect.Method.invoke(Method.java:568)
	at org.testng.internal.invokers.MethodInvocationHelper.invokeMethod(MethodInvocationHelper.java:141)
	at org.testng.internal.invokers.MethodInvocationHelper.invokeMethodConsideringTimeout(MethodInvocationHelper.java:71)
	at org.testng.internal.invokers.ConfigInvoker.invokeConfigurationMethod(ConfigInvoker.java:400)
	at org.testng.internal.invokers.ConfigInvoker.invokeConfigurations(ConfigInvoker.java:333)
	at org.testng.internal.invokers.TestInvoker.runConfigMethods(TestInvoker.java:836)
	at org.testng.internal.invokers.TestInvoker.invokeMethod(TestInvoker.java:601)
	at org.testng.internal.invokers.TestInvoker.invokeTestMethod(TestInvoker.java:230)
	at org.testng.internal.invokers.MethodRunner.runInSequence(MethodRunner.java:63)
	at org.testng.internal.invokers.TestInvoker$MethodInvocationAgent.invoke(TestInvoker.java:995)
	at org.testng.internal.invokers.TestInvoker.invokeTestMethods(TestInvoker.java:203)
	at org.testng.internal.invokers.TestMethodWorker.invokeTestMethods(TestMethodWorker.java:154)
	at org.testng.internal.invokers.TestMethodWorker.run(TestMethodWorker.java:134)
	at java.base/java.util.ArrayList.forEach(ArrayList.java:1511)
	at org.testng.TestRunner.privateRun(TestRunner.java:741)
	at org.testng.TestRunner.run(TestRunner.java:616)
	at org.testng.SuiteRunner.runTest(SuiteRunner.java:421)
	at org.testng.SuiteRunner$SuiteWorker.run(SuiteRunner.java:463)
	at org.testng.internal.thread.ThreadUtil.lambda$execute$0(ThreadUtil.java:64)
	at java.base/java.util.concurrent.FutureTask.run(FutureTask.java:264)
	at java.base/java.util.concurrent.ThreadPoolExecutor.runWorker(ThreadPoolExecutor.java:1136)
	at java.base/java.util.concurrent.ThreadPoolExecutor$Worker.run(ThreadPoolExecutor.java:635)
	at java.base/java.lang.Thread.run(Thread.java:842)
Caused by: java.lang.ExceptionInInitializerError: Exception java.lang.RuntimeException: config.properties file not found at resources/Config.properties [in thread &quot;TestNG-tests-1&quot;]
	at utils.ConfigReader.&lt;clinit&gt;(ConfigReader.java:19)
	at managers.DriverManager.getDriver(DriverManager.java:24)
	at test.HomePageTests.setup(HomePageTests.java:23)
	... 26 more
</pre></div></td>
<td>0</td>
<td>test.ProductTests@6743e411</td></tr>
<tr>
<td title='test.ProductTests.testProductPagination()'><b>testProductPagination</b><br>Test class: test.ProductTests<br>Test method: Verify product pagination</td>
<td><div><pre>java.lang.NoClassDefFoundError: Could not initialize class utils.ConfigReader
	at managers.DriverManager.getDriver(DriverManager.java:24)
	at test.ProductTests.setup(ProductTests.java:28)
	at java.base/java.util.ArrayList.forEach(ArrayList.java:1511)
	at java.base/java.util.concurrent.FutureTask.run(FutureTask.java:264)
	at java.base/java.util.concurrent.ThreadPoolExecutor.runWorker(ThreadPoolExecutor.java:1136)
	at java.base/java.util.concurrent.ThreadPoolExecutor$Worker.run(ThreadPoolExecutor.java:635)
	at java.base/java.lang.Thread.run(Thread.java:842)
Caused by: java.lang.ExceptionInInitializerError: Exception java.lang.RuntimeException: config.properties file not found at resources/Config.properties [in thread &quot;TestNG-tests-1&quot;]
	at utils.ConfigReader.&lt;clinit&gt;(ConfigReader.java:19)
	at managers.DriverManager.getDriver(DriverManager.java:24)
	at test.HomePageTests.setup(HomePageTests.java:23)
	... 26 more
... Removed 21 stack frames</pre></div><a href='#' onClick='toggleBox("stack-trace1849829723", this, "Click to show all stack frames", "Click to hide stack frames")'>Click to show all stack frames</a>
<div class='stack-trace' id='stack-trace1849829723'><pre>java.lang.NoClassDefFoundError: Could not initialize class utils.ConfigReader
	at managers.DriverManager.getDriver(DriverManager.java:24)
	at test.ProductTests.setup(ProductTests.java:28)
	at java.base/jdk.internal.reflect.NativeMethodAccessorImpl.invoke0(Native Method)
	at java.base/jdk.internal.reflect.NativeMethodAccessorImpl.invoke(NativeMethodAccessorImpl.java:77)
	at java.base/jdk.internal.reflect.DelegatingMethodAccessorImpl.invoke(DelegatingMethodAccessorImpl.java:43)
	at java.base/java.lang.reflect.Method.invoke(Method.java:568)
	at org.testng.internal.invokers.MethodInvocationHelper.invokeMethod(MethodInvocationHelper.java:141)
	at org.testng.internal.invokers.MethodInvocationHelper.invokeMethodConsideringTimeout(MethodInvocationHelper.java:71)
	at org.testng.internal.invokers.ConfigInvoker.invokeConfigurationMethod(ConfigInvoker.java:400)
	at org.testng.internal.invokers.ConfigInvoker.invokeConfigurations(ConfigInvoker.java:333)
	at org.testng.internal.invokers.TestInvoker.runConfigMethods(TestInvoker.java:836)
	at org.testng.internal.invokers.TestInvoker.invokeMethod(TestInvoker.java:601)
	at org.testng.internal.invokers.TestInvoker.invokeTestMethod(TestInvoker.java:230)
	at org.testng.internal.invokers.MethodRunner.runInSequence(MethodRunner.java:63)
	at org.testng.internal.invokers.TestInvoker$MethodInvocationAgent.invoke(TestInvoker.java:995)
	at org.testng.internal.invokers.TestInvoker.invokeTestMethods(TestInvoker.java:203)
	at org.testng.internal.invokers.TestMethodWorker.invokeTestMethods(TestMethodWorker.java:154)
	at org.testng.internal.invokers.TestMethodWorker.run(TestMethodWorker.java:134)
	at java.base/java.util.ArrayList.forEach(ArrayList.java:1511)
	at org.testng.TestRunner.privateRun(TestRunner.java:741)
	at org.testng.TestRunner.run(TestRunner.java:616)
	at org.testng.SuiteRunner.runTest(SuiteRunner.java:421)
	at org.testng.SuiteRunner$SuiteWorker.run(SuiteRunner.java:463)
	at org.testng.internal.thread.ThreadUtil.lambda$execute$0(ThreadUtil.java:64)
	at java.base/java.util.concurrent.FutureTask.run(FutureTask.java:264)
	at java.base/java.util.concurrent.ThreadPoolExecutor.runWorker(ThreadPoolExecutor.java:1136)
	at java.base/java.util.concurrent.ThreadPoolExecutor$Worker.run(ThreadPoolExecutor.java:635)
	at java.base/java.lang.Thread.run(Thread.java:842)
Caused by: java.lang.ExceptionInInitializerError: Exception java.lang.RuntimeException: config.properties file not found at resources/Config.properties [in thread &quot;TestNG-tests-1&quot;]
	at utils.ConfigReader.&lt;clinit&gt;(ConfigReader.java:19)
	at managers.DriverManager.getDriver(DriverManager.java:24)
	at test.HomePageTests.setup(HomePageTests.java:23)
	... 26 more
</pre></div></td>
<td>0</td>
<td>test.ProductTests@6743e411</td></tr>
<tr>
<td title='test.CartTests.testEmptyCartMessage()'><b>testEmptyCartMessage</b><br>Test class: test.CartTests<br>Test method: Verify empty cart message</td>
<td><div><pre>java.lang.NoClassDefFoundError: Could not initialize class utils.ConfigReader
	at managers.DriverManager.getDriver(DriverManager.java:24)
	at test.CartTests.setup(CartTests.java:34)
	at java.base/java.util.ArrayList.forEach(ArrayList.java:1511)
	at java.base/java.util.concurrent.FutureTask.run(FutureTask.java:264)
	at java.base/java.util.concurrent.ThreadPoolExecutor.runWorker(ThreadPoolExecutor.java:1136)
	at java.base/java.util.concurrent.ThreadPoolExecutor$Worker.run(ThreadPoolExecutor.java:635)
	at java.base/java.lang.Thread.run(Thread.java:842)
Caused by: java.lang.ExceptionInInitializerError: Exception java.lang.RuntimeException: config.properties file not found at resources/Config.properties [in thread &quot;TestNG-tests-1&quot;]
	at utils.ConfigReader.&lt;clinit&gt;(ConfigReader.java:19)
	at managers.DriverManager.getDriver(DriverManager.java:24)
	at test.HomePageTests.setup(HomePageTests.java:23)
	... 26 more
... Removed 21 stack frames</pre></div><a href='#' onClick='toggleBox("stack-trace646796244", this, "Click to show all stack frames", "Click to hide stack frames")'>Click to show all stack frames</a>
<div class='stack-trace' id='stack-trace646796244'><pre>java.lang.NoClassDefFoundError: Could not initialize class utils.ConfigReader
	at managers.DriverManager.getDriver(DriverManager.java:24)
	at test.CartTests.setup(CartTests.java:34)
	at java.base/jdk.internal.reflect.NativeMethodAccessorImpl.invoke0(Native Method)
	at java.base/jdk.internal.reflect.NativeMethodAccessorImpl.invoke(NativeMethodAccessorImpl.java:77)
	at java.base/jdk.internal.reflect.DelegatingMethodAccessorImpl.invoke(DelegatingMethodAccessorImpl.java:43)
	at java.base/java.lang.reflect.Method.invoke(Method.java:568)
	at org.testng.internal.invokers.MethodInvocationHelper.invokeMethod(MethodInvocationHelper.java:141)
	at org.testng.internal.invokers.MethodInvocationHelper.invokeMethodConsideringTimeout(MethodInvocationHelper.java:71)
	at org.testng.internal.invokers.ConfigInvoker.invokeConfigurationMethod(ConfigInvoker.java:400)
	at org.testng.internal.invokers.ConfigInvoker.invokeConfigurations(ConfigInvoker.java:333)
	at org.testng.internal.invokers.TestInvoker.runConfigMethods(TestInvoker.java:836)
	at org.testng.internal.invokers.TestInvoker.invokeMethod(TestInvoker.java:601)
	at org.testng.internal.invokers.TestInvoker.invokeTestMethod(TestInvoker.java:230)
	at org.testng.internal.invokers.MethodRunner.runInSequence(MethodRunner.java:63)
	at org.testng.internal.invokers.TestInvoker$MethodInvocationAgent.invoke(TestInvoker.java:995)
	at org.testng.internal.invokers.TestInvoker.invokeTestMethods(TestInvoker.java:203)
	at org.testng.internal.invokers.TestMethodWorker.invokeTestMethods(TestMethodWorker.java:154)
	at org.testng.internal.invokers.TestMethodWorker.run(TestMethodWorker.java:134)
	at java.base/java.util.ArrayList.forEach(ArrayList.java:1511)
	at org.testng.TestRunner.privateRun(TestRunner.java:741)
	at org.testng.TestRunner.run(TestRunner.java:616)
	at org.testng.SuiteRunner.runTest(SuiteRunner.java:421)
	at org.testng.SuiteRunner$SuiteWorker.run(SuiteRunner.java:463)
	at org.testng.internal.thread.ThreadUtil.lambda$execute$0(ThreadUtil.java:64)
	at java.base/java.util.concurrent.FutureTask.run(FutureTask.java:264)
	at java.base/java.util.concurrent.ThreadPoolExecutor.runWorker(ThreadPoolExecutor.java:1136)
	at java.base/java.util.concurrent.ThreadPoolExecutor$Worker.run(ThreadPoolExecutor.java:635)
	at java.base/java.lang.Thread.run(Thread.java:842)
Caused by: java.lang.ExceptionInInitializerError: Exception java.lang.RuntimeException: config.properties file not found at resources/Config.properties [in thread &quot;TestNG-tests-1&quot;]
	at utils.ConfigReader.&lt;clinit&gt;(ConfigReader.java:19)
	at managers.DriverManager.getDriver(DriverManager.java:24)
	at test.HomePageTests.setup(HomePageTests.java:23)
	... 26 more
</pre></div></td>
<td>0</td>
<td>test.CartTests@3eb25e1a</td></tr>
<tr>
<td title='test.CheckoutTests.testShippingFormValidation()'><b>testShippingFormValidation</b><br>Test class: test.CheckoutTests<br>Test method: Verify shipping form validation</td>
<td><div><pre>java.lang.NoClassDefFoundError: Could not initialize class utils.ConfigReader
	at managers.DriverManager.getDriver(DriverManager.java:24)
	at test.CheckoutTests.setup(CheckoutTests.java:31)
	at java.base/java.util.ArrayList.forEach(ArrayList.java:1511)
	at java.base/java.util.concurrent.FutureTask.run(FutureTask.java:264)
	at java.base/java.util.concurrent.ThreadPoolExecutor.runWorker(ThreadPoolExecutor.java:1136)
	at java.base/java.util.concurrent.ThreadPoolExecutor$Worker.run(ThreadPoolExecutor.java:635)
	at java.base/java.lang.Thread.run(Thread.java:842)
Caused by: java.lang.ExceptionInInitializerError: Exception java.lang.RuntimeException: config.properties file not found at resources/Config.properties [in thread &quot;TestNG-tests-1&quot;]
	at utils.ConfigReader.&lt;clinit&gt;(ConfigReader.java:19)
	at managers.DriverManager.getDriver(DriverManager.java:24)
	at test.HomePageTests.setup(HomePageTests.java:23)
	... 26 more
... Removed 21 stack frames</pre></div><a href='#' onClick='toggleBox("stack-trace1884885765", this, "Click to show all stack frames", "Click to hide stack frames")'>Click to show all stack frames</a>
<div class='stack-trace' id='stack-trace1884885765'><pre>java.lang.NoClassDefFoundError: Could not initialize class utils.ConfigReader
	at managers.DriverManager.getDriver(DriverManager.java:24)
	at test.CheckoutTests.setup(CheckoutTests.java:31)
	at java.base/jdk.internal.reflect.NativeMethodAccessorImpl.invoke0(Native Method)
	at java.base/jdk.internal.reflect.NativeMethodAccessorImpl.invoke(NativeMethodAccessorImpl.java:77)
	at java.base/jdk.internal.reflect.DelegatingMethodAccessorImpl.invoke(DelegatingMethodAccessorImpl.java:43)
	at java.base/java.lang.reflect.Method.invoke(Method.java:568)
	at org.testng.internal.invokers.MethodInvocationHelper.invokeMethod(MethodInvocationHelper.java:141)
	at org.testng.internal.invokers.MethodInvocationHelper.invokeMethodConsideringTimeout(MethodInvocationHelper.java:71)
	at org.testng.internal.invokers.ConfigInvoker.invokeConfigurationMethod(ConfigInvoker.java:400)
	at org.testng.internal.invokers.ConfigInvoker.invokeConfigurations(ConfigInvoker.java:333)
	at org.testng.internal.invokers.TestInvoker.runConfigMethods(TestInvoker.java:836)
	at org.testng.internal.invokers.TestInvoker.invokeMethod(TestInvoker.java:601)
	at org.testng.internal.invokers.TestInvoker.invokeTestMethod(TestInvoker.java:230)
	at org.testng.internal.invokers.MethodRunner.runInSequence(MethodRunner.java:63)
	at org.testng.internal.invokers.TestInvoker$MethodInvocationAgent.invoke(TestInvoker.java:995)
	at org.testng.internal.invokers.TestInvoker.invokeTestMethods(TestInvoker.java:203)
	at org.testng.internal.invokers.TestMethodWorker.invokeTestMethods(TestMethodWorker.java:154)
	at org.testng.internal.invokers.TestMethodWorker.run(TestMethodWorker.java:134)
	at java.base/java.util.ArrayList.forEach(ArrayList.java:1511)
	at org.testng.TestRunner.privateRun(TestRunner.java:741)
	at org.testng.TestRunner.run(TestRunner.java:616)
	at org.testng.SuiteRunner.runTest(SuiteRunner.java:421)
	at org.testng.SuiteRunner$SuiteWorker.run(SuiteRunner.java:463)
	at org.testng.internal.thread.ThreadUtil.lambda$execute$0(ThreadUtil.java:64)
	at java.base/java.util.concurrent.FutureTask.run(FutureTask.java:264)
	at java.base/java.util.concurrent.ThreadPoolExecutor.runWorker(ThreadPoolExecutor.java:1136)
	at java.base/java.util.concurrent.ThreadPoolExecutor$Worker.run(ThreadPoolExecutor.java:635)
	at java.base/java.lang.Thread.run(Thread.java:842)
Caused by: java.lang.ExceptionInInitializerError: Exception java.lang.RuntimeException: config.properties file not found at resources/Config.properties [in thread &quot;TestNG-tests-1&quot;]
	at utils.ConfigReader.&lt;clinit&gt;(ConfigReader.java:19)
	at managers.DriverManager.getDriver(DriverManager.java:24)
	at test.HomePageTests.setup(HomePageTests.java:23)
	... 26 more
</pre></div></td>
<td>0</td>
<td>test.CheckoutTests@477b4cdf</td></tr>
<tr>
<td title='test.ProductTests.testQuantitySelection()'><b>testQuantitySelection</b><br>Test class: test.ProductTests<br>Test method: Verify quantity selection</td>
<td><div><pre>java.lang.NoClassDefFoundError: Could not initialize class utils.ConfigReader
	at managers.DriverManager.getDriver(DriverManager.java:24)
	at test.ProductTests.setup(ProductTests.java:28)
	at java.base/java.util.ArrayList.forEach(ArrayList.java:1511)
	at java.base/java.util.concurrent.FutureTask.run(FutureTask.java:264)
	at java.base/java.util.concurrent.ThreadPoolExecutor.runWorker(ThreadPoolExecutor.java:1136)
	at java.base/java.util.concurrent.ThreadPoolExecutor$Worker.run(ThreadPoolExecutor.java:635)
	at java.base/java.lang.Thread.run(Thread.java:842)
Caused by: java.lang.ExceptionInInitializerError: Exception java.lang.RuntimeException: config.properties file not found at resources/Config.properties [in thread &quot;TestNG-tests-1&quot;]
	at utils.ConfigReader.&lt;clinit&gt;(ConfigReader.java:19)
	at managers.DriverManager.getDriver(DriverManager.java:24)
	at test.HomePageTests.setup(HomePageTests.java:23)
	... 26 more
... Removed 21 stack frames</pre></div><a href='#' onClick='toggleBox("stack-trace1695582899", this, "Click to show all stack frames", "Click to hide stack frames")'>Click to show all stack frames</a>
<div class='stack-trace' id='stack-trace1695582899'><pre>java.lang.NoClassDefFoundError: Could not initialize class utils.ConfigReader
	at managers.DriverManager.getDriver(DriverManager.java:24)
	at test.ProductTests.setup(ProductTests.java:28)
	at java.base/jdk.internal.reflect.NativeMethodAccessorImpl.invoke0(Native Method)
	at java.base/jdk.internal.reflect.NativeMethodAccessorImpl.invoke(NativeMethodAccessorImpl.java:77)
	at java.base/jdk.internal.reflect.DelegatingMethodAccessorImpl.invoke(DelegatingMethodAccessorImpl.java:43)
	at java.base/java.lang.reflect.Method.invoke(Method.java:568)
	at org.testng.internal.invokers.MethodInvocationHelper.invokeMethod(MethodInvocationHelper.java:141)
	at org.testng.internal.invokers.MethodInvocationHelper.invokeMethodConsideringTimeout(MethodInvocationHelper.java:71)
	at org.testng.internal.invokers.ConfigInvoker.invokeConfigurationMethod(ConfigInvoker.java:400)
	at org.testng.internal.invokers.ConfigInvoker.invokeConfigurations(ConfigInvoker.java:333)
	at org.testng.internal.invokers.TestInvoker.runConfigMethods(TestInvoker.java:836)
	at org.testng.internal.invokers.TestInvoker.invokeMethod(TestInvoker.java:601)
	at org.testng.internal.invokers.TestInvoker.invokeTestMethod(TestInvoker.java:230)
	at org.testng.internal.invokers.MethodRunner.runInSequence(MethodRunner.java:63)
	at org.testng.internal.invokers.TestInvoker$MethodInvocationAgent.invoke(TestInvoker.java:995)
	at org.testng.internal.invokers.TestInvoker.invokeTestMethods(TestInvoker.java:203)
	at org.testng.internal.invokers.TestMethodWorker.invokeTestMethods(TestMethodWorker.java:154)
	at org.testng.internal.invokers.TestMethodWorker.run(TestMethodWorker.java:134)
	at java.base/java.util.ArrayList.forEach(ArrayList.java:1511)
	at org.testng.TestRunner.privateRun(TestRunner.java:741)
	at org.testng.TestRunner.run(TestRunner.java:616)
	at org.testng.SuiteRunner.runTest(SuiteRunner.java:421)
	at org.testng.SuiteRunner$SuiteWorker.run(SuiteRunner.java:463)
	at org.testng.internal.thread.ThreadUtil.lambda$execute$0(ThreadUtil.java:64)
	at java.base/java.util.concurrent.FutureTask.run(FutureTask.java:264)
	at java.base/java.util.concurrent.ThreadPoolExecutor.runWorker(ThreadPoolExecutor.java:1136)
	at java.base/java.util.concurrent.ThreadPoolExecutor$Worker.run(ThreadPoolExecutor.java:635)
	at java.base/java.lang.Thread.run(Thread.java:842)
Caused by: java.lang.ExceptionInInitializerError: Exception java.lang.RuntimeException: config.properties file not found at resources/Config.properties [in thread &quot;TestNG-tests-1&quot;]
	at utils.ConfigReader.&lt;clinit&gt;(ConfigReader.java:19)
	at managers.DriverManager.getDriver(DriverManager.java:24)
	at test.HomePageTests.setup(HomePageTests.java:23)
	... 26 more
</pre></div></td>
<td>0</td>
<td>test.ProductTests@6743e411</td></tr>
<tr>
<td title='test.CheckoutTests.testCheckoutButtonFunctionality()'><b>testCheckoutButtonFunctionality</b><br>Test class: test.CheckoutTests<br>Test method: Verify checkout button functionality</td>
<td><div><pre>java.lang.NoClassDefFoundError: Could not initialize class utils.ConfigReader
	at managers.DriverManager.getDriver(DriverManager.java:24)
	at test.CheckoutTests.setup(CheckoutTests.java:31)
	at java.base/java.util.ArrayList.forEach(ArrayList.java:1511)
	at java.base/java.util.concurrent.FutureTask.run(FutureTask.java:264)
	at java.base/java.util.concurrent.ThreadPoolExecutor.runWorker(ThreadPoolExecutor.java:1136)
	at java.base/java.util.concurrent.ThreadPoolExecutor$Worker.run(ThreadPoolExecutor.java:635)
	at java.base/java.lang.Thread.run(Thread.java:842)
Caused by: java.lang.ExceptionInInitializerError: Exception java.lang.RuntimeException: config.properties file not found at resources/Config.properties [in thread &quot;TestNG-tests-1&quot;]
	at utils.ConfigReader.&lt;clinit&gt;(ConfigReader.java:19)
	at managers.DriverManager.getDriver(DriverManager.java:24)
	at test.HomePageTests.setup(HomePageTests.java:23)
	... 26 more
... Removed 21 stack frames</pre></div><a href='#' onClick='toggleBox("stack-trace935059032", this, "Click to show all stack frames", "Click to hide stack frames")'>Click to show all stack frames</a>
<div class='stack-trace' id='stack-trace935059032'><pre>java.lang.NoClassDefFoundError: Could not initialize class utils.ConfigReader
	at managers.DriverManager.getDriver(DriverManager.java:24)
	at test.CheckoutTests.setup(CheckoutTests.java:31)
	at java.base/jdk.internal.reflect.NativeMethodAccessorImpl.invoke0(Native Method)
	at java.base/jdk.internal.reflect.NativeMethodAccessorImpl.invoke(NativeMethodAccessorImpl.java:77)
	at java.base/jdk.internal.reflect.DelegatingMethodAccessorImpl.invoke(DelegatingMethodAccessorImpl.java:43)
	at java.base/java.lang.reflect.Method.invoke(Method.java:568)
	at org.testng.internal.invokers.MethodInvocationHelper.invokeMethod(MethodInvocationHelper.java:141)
	at org.testng.internal.invokers.MethodInvocationHelper.invokeMethodConsideringTimeout(MethodInvocationHelper.java:71)
	at org.testng.internal.invokers.ConfigInvoker.invokeConfigurationMethod(ConfigInvoker.java:400)
	at org.testng.internal.invokers.ConfigInvoker.invokeConfigurations(ConfigInvoker.java:333)
	at org.testng.internal.invokers.TestInvoker.runConfigMethods(TestInvoker.java:836)
	at org.testng.internal.invokers.TestInvoker.invokeMethod(TestInvoker.java:601)
	at org.testng.internal.invokers.TestInvoker.invokeTestMethod(TestInvoker.java:230)
	at org.testng.internal.invokers.MethodRunner.runInSequence(MethodRunner.java:63)
	at org.testng.internal.invokers.TestInvoker$MethodInvocationAgent.invoke(TestInvoker.java:995)
	at org.testng.internal.invokers.TestInvoker.invokeTestMethods(TestInvoker.java:203)
	at org.testng.internal.invokers.TestMethodWorker.invokeTestMethods(TestMethodWorker.java:154)
	at org.testng.internal.invokers.TestMethodWorker.run(TestMethodWorker.java:134)
	at java.base/java.util.ArrayList.forEach(ArrayList.java:1511)
	at org.testng.TestRunner.privateRun(TestRunner.java:741)
	at org.testng.TestRunner.run(TestRunner.java:616)
	at org.testng.SuiteRunner.runTest(SuiteRunner.java:421)
	at org.testng.SuiteRunner$SuiteWorker.run(SuiteRunner.java:463)
	at org.testng.internal.thread.ThreadUtil.lambda$execute$0(ThreadUtil.java:64)
	at java.base/java.util.concurrent.FutureTask.run(FutureTask.java:264)
	at java.base/java.util.concurrent.ThreadPoolExecutor.runWorker(ThreadPoolExecutor.java:1136)
	at java.base/java.util.concurrent.ThreadPoolExecutor$Worker.run(ThreadPoolExecutor.java:635)
	at java.base/java.lang.Thread.run(Thread.java:842)
Caused by: java.lang.ExceptionInInitializerError: Exception java.lang.RuntimeException: config.properties file not found at resources/Config.properties [in thread &quot;TestNG-tests-1&quot;]
	at utils.ConfigReader.&lt;clinit&gt;(ConfigReader.java:19)
	at managers.DriverManager.getDriver(DriverManager.java:24)
	at test.HomePageTests.setup(HomePageTests.java:23)
	... 26 more
</pre></div></td>
<td>0</td>
<td>test.CheckoutTests@477b4cdf</td></tr>
<tr>
<td title='test.HomePageTests.testHomePageLoads()'><b>testHomePageLoads</b><br>Test class: test.HomePageTests<br>Test method: Verify homepage loads correctly</td>
<td><div><pre>java.lang.ExceptionInInitializerError
	at managers.DriverManager.getDriver(DriverManager.java:24)
	at test.HomePageTests.setup(HomePageTests.java:23)
	at java.base/java.util.ArrayList.forEach(ArrayList.java:1511)
	at java.base/java.util.concurrent.FutureTask.run(FutureTask.java:264)
	at java.base/java.util.concurrent.ThreadPoolExecutor.runWorker(ThreadPoolExecutor.java:1136)
	at java.base/java.util.concurrent.ThreadPoolExecutor$Worker.run(ThreadPoolExecutor.java:635)
	at java.base/java.lang.Thread.run(Thread.java:842)
Caused by: java.lang.RuntimeException: config.properties file not found at resources/Config.properties
	at utils.ConfigReader.&lt;clinit&gt;(ConfigReader.java:19)
	... 28 more
... Removed 21 stack frames</pre></div><a href='#' onClick='toggleBox("stack-trace359891284", this, "Click to show all stack frames", "Click to hide stack frames")'>Click to show all stack frames</a>
<div class='stack-trace' id='stack-trace359891284'><pre>java.lang.ExceptionInInitializerError
	at managers.DriverManager.getDriver(DriverManager.java:24)
	at test.HomePageTests.setup(HomePageTests.java:23)
	at java.base/jdk.internal.reflect.NativeMethodAccessorImpl.invoke0(Native Method)
	at java.base/jdk.internal.reflect.NativeMethodAccessorImpl.invoke(NativeMethodAccessorImpl.java:77)
	at java.base/jdk.internal.reflect.DelegatingMethodAccessorImpl.invoke(DelegatingMethodAccessorImpl.java:43)
	at java.base/java.lang.reflect.Method.invoke(Method.java:568)
	at org.testng.internal.invokers.MethodInvocationHelper.invokeMethod(MethodInvocationHelper.java:141)
	at org.testng.internal.invokers.MethodInvocationHelper.invokeMethodConsideringTimeout(MethodInvocationHelper.java:71)
	at org.testng.internal.invokers.ConfigInvoker.invokeConfigurationMethod(ConfigInvoker.java:400)
	at org.testng.internal.invokers.ConfigInvoker.invokeConfigurations(ConfigInvoker.java:333)
	at org.testng.internal.invokers.TestInvoker.runConfigMethods(TestInvoker.java:836)
	at org.testng.internal.invokers.TestInvoker.invokeMethod(TestInvoker.java:601)
	at org.testng.internal.invokers.TestInvoker.invokeTestMethod(TestInvoker.java:230)
	at org.testng.internal.invokers.MethodRunner.runInSequence(MethodRunner.java:63)
	at org.testng.internal.invokers.TestInvoker$MethodInvocationAgent.invoke(TestInvoker.java:995)
	at org.testng.internal.invokers.TestInvoker.invokeTestMethods(TestInvoker.java:203)
	at org.testng.internal.invokers.TestMethodWorker.invokeTestMethods(TestMethodWorker.java:154)
	at org.testng.internal.invokers.TestMethodWorker.run(TestMethodWorker.java:134)
	at java.base/java.util.ArrayList.forEach(ArrayList.java:1511)
	at org.testng.TestRunner.privateRun(TestRunner.java:741)
	at org.testng.TestRunner.run(TestRunner.java:616)
	at org.testng.SuiteRunner.runTest(SuiteRunner.java:421)
	at org.testng.SuiteRunner$SuiteWorker.run(SuiteRunner.java:463)
	at org.testng.internal.thread.ThreadUtil.lambda$execute$0(ThreadUtil.java:64)
	at java.base/java.util.concurrent.FutureTask.run(FutureTask.java:264)
	at java.base/java.util.concurrent.ThreadPoolExecutor.runWorker(ThreadPoolExecutor.java:1136)
	at java.base/java.util.concurrent.ThreadPoolExecutor$Worker.run(ThreadPoolExecutor.java:635)
	at java.base/java.lang.Thread.run(Thread.java:842)
Caused by: java.lang.RuntimeException: config.properties file not found at resources/Config.properties
	at utils.ConfigReader.&lt;clinit&gt;(ConfigReader.java:19)
	... 28 more
</pre></div></td>
<td>0</td>
<td>test.HomePageTests@28701274</td></tr>
<tr>
<td title='test.HomePageTests.testFeaturedProductsDisplay()'><b>testFeaturedProductsDisplay</b><br>Test class: test.HomePageTests<br>Test method: Verify featured products section</td>
<td><div><pre>java.lang.ExceptionInInitializerError
	at managers.DriverManager.getDriver(DriverManager.java:24)
	at test.HomePageTests.setup(HomePageTests.java:23)
	at java.base/java.util.ArrayList.forEach(ArrayList.java:1511)
	at java.base/java.util.concurrent.FutureTask.run(FutureTask.java:264)
	at java.base/java.util.concurrent.ThreadPoolExecutor.runWorker(ThreadPoolExecutor.java:1136)
	at java.base/java.util.concurrent.ThreadPoolExecutor$Worker.run(ThreadPoolExecutor.java:635)
	at java.base/java.lang.Thread.run(Thread.java:842)
Caused by: java.lang.RuntimeException: config.properties file not found at resources/Config.properties
	at utils.ConfigReader.&lt;clinit&gt;(ConfigReader.java:19)
	... 28 more
... Removed 21 stack frames</pre></div><a href='#' onClick='toggleBox("stack-trace1536975727", this, "Click to show all stack frames", "Click to hide stack frames")'>Click to show all stack frames</a>
<div class='stack-trace' id='stack-trace1536975727'><pre>java.lang.ExceptionInInitializerError
	at managers.DriverManager.getDriver(DriverManager.java:24)
	at test.HomePageTests.setup(HomePageTests.java:23)
	at java.base/jdk.internal.reflect.NativeMethodAccessorImpl.invoke0(Native Method)
	at java.base/jdk.internal.reflect.NativeMethodAccessorImpl.invoke(NativeMethodAccessorImpl.java:77)
	at java.base/jdk.internal.reflect.DelegatingMethodAccessorImpl.invoke(DelegatingMethodAccessorImpl.java:43)
	at java.base/java.lang.reflect.Method.invoke(Method.java:568)
	at org.testng.internal.invokers.MethodInvocationHelper.invokeMethod(MethodInvocationHelper.java:141)
	at org.testng.internal.invokers.MethodInvocationHelper.invokeMethodConsideringTimeout(MethodInvocationHelper.java:71)
	at org.testng.internal.invokers.ConfigInvoker.invokeConfigurationMethod(ConfigInvoker.java:400)
	at org.testng.internal.invokers.ConfigInvoker.invokeConfigurations(ConfigInvoker.java:333)
	at org.testng.internal.invokers.TestInvoker.runConfigMethods(TestInvoker.java:836)
	at org.testng.internal.invokers.TestInvoker.invokeMethod(TestInvoker.java:601)
	at org.testng.internal.invokers.TestInvoker.invokeTestMethod(TestInvoker.java:230)
	at org.testng.internal.invokers.MethodRunner.runInSequence(MethodRunner.java:63)
	at org.testng.internal.invokers.TestInvoker$MethodInvocationAgent.invoke(TestInvoker.java:995)
	at org.testng.internal.invokers.TestInvoker.invokeTestMethods(TestInvoker.java:203)
	at org.testng.internal.invokers.TestMethodWorker.invokeTestMethods(TestMethodWorker.java:154)
	at org.testng.internal.invokers.TestMethodWorker.run(TestMethodWorker.java:134)
	at java.base/java.util.ArrayList.forEach(ArrayList.java:1511)
	at org.testng.TestRunner.privateRun(TestRunner.java:741)
	at org.testng.TestRunner.run(TestRunner.java:616)
	at org.testng.SuiteRunner.runTest(SuiteRunner.java:421)
	at org.testng.SuiteRunner$SuiteWorker.run(SuiteRunner.java:463)
	at org.testng.internal.thread.ThreadUtil.lambda$execute$0(ThreadUtil.java:64)
	at java.base/java.util.concurrent.FutureTask.run(FutureTask.java:264)
	at java.base/java.util.concurrent.ThreadPoolExecutor.runWorker(ThreadPoolExecutor.java:1136)
	at java.base/java.util.concurrent.ThreadPoolExecutor$Worker.run(ThreadPoolExecutor.java:635)
	at java.base/java.lang.Thread.run(Thread.java:842)
Caused by: java.lang.RuntimeException: config.properties file not found at resources/Config.properties
	at utils.ConfigReader.&lt;clinit&gt;(ConfigReader.java:19)
	... 28 more
</pre></div></td>
<td>0</td>
<td>test.HomePageTests@28701274</td></tr>
<tr>
<td title='test.ProductTests.testProductDetailPageElements()'><b>testProductDetailPageElements</b><br>Test class: test.ProductTests<br>Test method: Verify product details page elements (Title, Price, Add to Cart)</td>
<td><div><pre>java.lang.NoClassDefFoundError: Could not initialize class utils.ConfigReader
	at managers.DriverManager.getDriver(DriverManager.java:24)
	at test.ProductTests.setup(ProductTests.java:28)
	at java.base/java.util.ArrayList.forEach(ArrayList.java:1511)
	at java.base/java.util.concurrent.FutureTask.run(FutureTask.java:264)
	at java.base/java.util.concurrent.ThreadPoolExecutor.runWorker(ThreadPoolExecutor.java:1136)
	at java.base/java.util.concurrent.ThreadPoolExecutor$Worker.run(ThreadPoolExecutor.java:635)
	at java.base/java.lang.Thread.run(Thread.java:842)
Caused by: java.lang.ExceptionInInitializerError: Exception java.lang.RuntimeException: config.properties file not found at resources/Config.properties [in thread &quot;TestNG-tests-1&quot;]
	at utils.ConfigReader.&lt;clinit&gt;(ConfigReader.java:19)
	at managers.DriverManager.getDriver(DriverManager.java:24)
	at test.HomePageTests.setup(HomePageTests.java:23)
	... 26 more
... Removed 21 stack frames</pre></div><a href='#' onClick='toggleBox("stack-trace777431077", this, "Click to show all stack frames", "Click to hide stack frames")'>Click to show all stack frames</a>
<div class='stack-trace' id='stack-trace777431077'><pre>java.lang.NoClassDefFoundError: Could not initialize class utils.ConfigReader
	at managers.DriverManager.getDriver(DriverManager.java:24)
	at test.ProductTests.setup(ProductTests.java:28)
	at java.base/jdk.internal.reflect.NativeMethodAccessorImpl.invoke0(Native Method)
	at java.base/jdk.internal.reflect.NativeMethodAccessorImpl.invoke(NativeMethodAccessorImpl.java:77)
	at java.base/jdk.internal.reflect.DelegatingMethodAccessorImpl.invoke(DelegatingMethodAccessorImpl.java:43)
	at java.base/java.lang.reflect.Method.invoke(Method.java:568)
	at org.testng.internal.invokers.MethodInvocationHelper.invokeMethod(MethodInvocationHelper.java:141)
	at org.testng.internal.invokers.MethodInvocationHelper.invokeMethodConsideringTimeout(MethodInvocationHelper.java:71)
	at org.testng.internal.invokers.ConfigInvoker.invokeConfigurationMethod(ConfigInvoker.java:400)
	at org.testng.internal.invokers.ConfigInvoker.invokeConfigurations(ConfigInvoker.java:333)
	at org.testng.internal.invokers.TestInvoker.runConfigMethods(TestInvoker.java:836)
	at org.testng.internal.invokers.TestInvoker.invokeMethod(TestInvoker.java:601)
	at org.testng.internal.invokers.TestInvoker.invokeTestMethod(TestInvoker.java:230)
	at org.testng.internal.invokers.MethodRunner.runInSequence(MethodRunner.java:63)
	at org.testng.internal.invokers.TestInvoker$MethodInvocationAgent.invoke(TestInvoker.java:995)
	at org.testng.internal.invokers.TestInvoker.invokeTestMethods(TestInvoker.java:203)
	at org.testng.internal.invokers.TestMethodWorker.invokeTestMethods(TestMethodWorker.java:154)
	at org.testng.internal.invokers.TestMethodWorker.run(TestMethodWorker.java:134)
	at java.base/java.util.ArrayList.forEach(ArrayList.java:1511)
	at org.testng.TestRunner.privateRun(TestRunner.java:741)
	at org.testng.TestRunner.run(TestRunner.java:616)
	at org.testng.SuiteRunner.runTest(SuiteRunner.java:421)
	at org.testng.SuiteRunner$SuiteWorker.run(SuiteRunner.java:463)
	at org.testng.internal.thread.ThreadUtil.lambda$execute$0(ThreadUtil.java:64)
	at java.base/java.util.concurrent.FutureTask.run(FutureTask.java:264)
	at java.base/java.util.concurrent.ThreadPoolExecutor.runWorker(ThreadPoolExecutor.java:1136)
	at java.base/java.util.concurrent.ThreadPoolExecutor$Worker.run(ThreadPoolExecutor.java:635)
	at java.base/java.lang.Thread.run(Thread.java:842)
Caused by: java.lang.ExceptionInInitializerError: Exception java.lang.RuntimeException: config.properties file not found at resources/Config.properties [in thread &quot;TestNG-tests-1&quot;]
	at utils.ConfigReader.&lt;clinit&gt;(ConfigReader.java:19)
	at managers.DriverManager.getDriver(DriverManager.java:24)
	at test.HomePageTests.setup(HomePageTests.java:23)
	... 26 more
</pre></div></td>
<td>0</td>
<td>test.ProductTests@6743e411</td></tr>
<tr>
<td title='test.HomePageTests.testNavigationMenuPresence()'><b>testNavigationMenuPresence</b><br>Test class: test.HomePageTests<br>Test method: Verify navigation menu items</td>
<td><div><pre>java.lang.ExceptionInInitializerError
	at managers.DriverManager.getDriver(DriverManager.java:24)
	at test.HomePageTests.setup(HomePageTests.java:23)
	at java.base/java.util.ArrayList.forEach(ArrayList.java:1511)
	at java.base/java.util.concurrent.FutureTask.run(FutureTask.java:264)
	at java.base/java.util.concurrent.ThreadPoolExecutor.runWorker(ThreadPoolExecutor.java:1136)
	at java.base/java.util.concurrent.ThreadPoolExecutor$Worker.run(ThreadPoolExecutor.java:635)
	at java.base/java.lang.Thread.run(Thread.java:842)
Caused by: java.lang.RuntimeException: config.properties file not found at resources/Config.properties
	at utils.ConfigReader.&lt;clinit&gt;(ConfigReader.java:19)
	... 28 more
... Removed 21 stack frames</pre></div><a href='#' onClick='toggleBox("stack-trace259240325", this, "Click to show all stack frames", "Click to hide stack frames")'>Click to show all stack frames</a>
<div class='stack-trace' id='stack-trace259240325'><pre>java.lang.ExceptionInInitializerError
	at managers.DriverManager.getDriver(DriverManager.java:24)
	at test.HomePageTests.setup(HomePageTests.java:23)
	at java.base/jdk.internal.reflect.NativeMethodAccessorImpl.invoke0(Native Method)
	at java.base/jdk.internal.reflect.NativeMethodAccessorImpl.invoke(NativeMethodAccessorImpl.java:77)
	at java.base/jdk.internal.reflect.DelegatingMethodAccessorImpl.invoke(DelegatingMethodAccessorImpl.java:43)
	at java.base/java.lang.reflect.Method.invoke(Method.java:568)
	at org.testng.internal.invokers.MethodInvocationHelper.invokeMethod(MethodInvocationHelper.java:141)
	at org.testng.internal.invokers.MethodInvocationHelper.invokeMethodConsideringTimeout(MethodInvocationHelper.java:71)
	at org.testng.internal.invokers.ConfigInvoker.invokeConfigurationMethod(ConfigInvoker.java:400)
	at org.testng.internal.invokers.ConfigInvoker.invokeConfigurations(ConfigInvoker.java:333)
	at org.testng.internal.invokers.TestInvoker.runConfigMethods(TestInvoker.java:836)
	at org.testng.internal.invokers.TestInvoker.invokeMethod(TestInvoker.java:601)
	at org.testng.internal.invokers.TestInvoker.invokeTestMethod(TestInvoker.java:230)
	at org.testng.internal.invokers.MethodRunner.runInSequence(MethodRunner.java:63)
	at org.testng.internal.invokers.TestInvoker$MethodInvocationAgent.invoke(TestInvoker.java:995)
	at org.testng.internal.invokers.TestInvoker.invokeTestMethods(TestInvoker.java:203)
	at org.testng.internal.invokers.TestMethodWorker.invokeTestMethods(TestMethodWorker.java:154)
	at org.testng.internal.invokers.TestMethodWorker.run(TestMethodWorker.java:134)
	at java.base/java.util.ArrayList.forEach(ArrayList.java:1511)
	at org.testng.TestRunner.privateRun(TestRunner.java:741)
	at org.testng.TestRunner.run(TestRunner.java:616)
	at org.testng.SuiteRunner.runTest(SuiteRunner.java:421)
	at org.testng.SuiteRunner$SuiteWorker.run(SuiteRunner.java:463)
	at org.testng.internal.thread.ThreadUtil.lambda$execute$0(ThreadUtil.java:64)
	at java.base/java.util.concurrent.FutureTask.run(FutureTask.java:264)
	at java.base/java.util.concurrent.ThreadPoolExecutor.runWorker(ThreadPoolExecutor.java:1136)
	at java.base/java.util.concurrent.ThreadPoolExecutor$Worker.run(ThreadPoolExecutor.java:635)
	at java.base/java.lang.Thread.run(Thread.java:842)
Caused by: java.lang.RuntimeException: config.properties file not found at resources/Config.properties
	at utils.ConfigReader.&lt;clinit&gt;(ConfigReader.java:19)
	... 28 more
</pre></div></td>
<td>0</td>
<td>test.HomePageTests@28701274</td></tr>
<tr>
<td title='test.ProductTests.testProductSortingOptions()'><b>testProductSortingOptions</b><br>Test class: test.ProductTests<br>Test method: Verify product sorting options (Test skipped)</td>
<td><div><pre>java.lang.NoClassDefFoundError: Could not initialize class utils.ConfigReader
	at managers.DriverManager.getDriver(DriverManager.java:24)
	at test.ProductTests.setup(ProductTests.java:28)
	at java.base/java.util.ArrayList.forEach(ArrayList.java:1511)
	at java.base/java.util.concurrent.FutureTask.run(FutureTask.java:264)
	at java.base/java.util.concurrent.ThreadPoolExecutor.runWorker(ThreadPoolExecutor.java:1136)
	at java.base/java.util.concurrent.ThreadPoolExecutor$Worker.run(ThreadPoolExecutor.java:635)
	at java.base/java.lang.Thread.run(Thread.java:842)
Caused by: java.lang.ExceptionInInitializerError: Exception java.lang.RuntimeException: config.properties file not found at resources/Config.properties [in thread &quot;TestNG-tests-1&quot;]
	at utils.ConfigReader.&lt;clinit&gt;(ConfigReader.java:19)
	at managers.DriverManager.getDriver(DriverManager.java:24)
	at test.HomePageTests.setup(HomePageTests.java:23)
	... 26 more
... Removed 21 stack frames</pre></div><a href='#' onClick='toggleBox("stack-trace481595791", this, "Click to show all stack frames", "Click to hide stack frames")'>Click to show all stack frames</a>
<div class='stack-trace' id='stack-trace481595791'><pre>java.lang.NoClassDefFoundError: Could not initialize class utils.ConfigReader
	at managers.DriverManager.getDriver(DriverManager.java:24)
	at test.ProductTests.setup(ProductTests.java:28)
	at java.base/jdk.internal.reflect.NativeMethodAccessorImpl.invoke0(Native Method)
	at java.base/jdk.internal.reflect.NativeMethodAccessorImpl.invoke(NativeMethodAccessorImpl.java:77)
	at java.base/jdk.internal.reflect.DelegatingMethodAccessorImpl.invoke(DelegatingMethodAccessorImpl.java:43)
	at java.base/java.lang.reflect.Method.invoke(Method.java:568)
	at org.testng.internal.invokers.MethodInvocationHelper.invokeMethod(MethodInvocationHelper.java:141)
	at org.testng.internal.invokers.MethodInvocationHelper.invokeMethodConsideringTimeout(MethodInvocationHelper.java:71)
	at org.testng.internal.invokers.ConfigInvoker.invokeConfigurationMethod(ConfigInvoker.java:400)
	at org.testng.internal.invokers.ConfigInvoker.invokeConfigurations(ConfigInvoker.java:333)
	at org.testng.internal.invokers.TestInvoker.runConfigMethods(TestInvoker.java:836)
	at org.testng.internal.invokers.TestInvoker.invokeMethod(TestInvoker.java:601)
	at org.testng.internal.invokers.TestInvoker.invokeTestMethod(TestInvoker.java:230)
	at org.testng.internal.invokers.MethodRunner.runInSequence(MethodRunner.java:63)
	at org.testng.internal.invokers.TestInvoker$MethodInvocationAgent.invoke(TestInvoker.java:995)
	at org.testng.internal.invokers.TestInvoker.invokeTestMethods(TestInvoker.java:203)
	at org.testng.internal.invokers.TestMethodWorker.invokeTestMethods(TestMethodWorker.java:154)
	at org.testng.internal.invokers.TestMethodWorker.run(TestMethodWorker.java:134)
	at java.base/java.util.ArrayList.forEach(ArrayList.java:1511)
	at org.testng.TestRunner.privateRun(TestRunner.java:741)
	at org.testng.TestRunner.run(TestRunner.java:616)
	at org.testng.SuiteRunner.runTest(SuiteRunner.java:421)
	at org.testng.SuiteRunner$SuiteWorker.run(SuiteRunner.java:463)
	at org.testng.internal.thread.ThreadUtil.lambda$execute$0(ThreadUtil.java:64)
	at java.base/java.util.concurrent.FutureTask.run(FutureTask.java:264)
	at java.base/java.util.concurrent.ThreadPoolExecutor.runWorker(ThreadPoolExecutor.java:1136)
	at java.base/java.util.concurrent.ThreadPoolExecutor$Worker.run(ThreadPoolExecutor.java:635)
	at java.base/java.lang.Thread.run(Thread.java:842)
Caused by: java.lang.ExceptionInInitializerError: Exception java.lang.RuntimeException: config.properties file not found at resources/Config.properties [in thread &quot;TestNG-tests-1&quot;]
	at utils.ConfigReader.&lt;clinit&gt;(ConfigReader.java:19)
	at managers.DriverManager.getDriver(DriverManager.java:24)
	at test.HomePageTests.setup(HomePageTests.java:23)
	... 26 more
</pre></div></td>
<td>0</td>
<td>test.ProductTests@6743e411</td></tr>
</table><p>
</body>
</html>