<html>
<head>
<title>TestNG:  Regression Tests</title>
<link href="../testng.css" rel="stylesheet" type="text/css" />
<link href="../my-testng.css" rel="stylesheet" type="text/css" />

<style type="text/css">
.log { display: none;} 
.stack-trace { display: none;} 
</style>
<script type="text/javascript">
<!--
function flip(e) {
  current = e.style.display;
  if (current == 'block') {
    e.style.display = 'none';
    return 0;
  }
  else {
    e.style.display = 'block';
    return 1;
  }
}

function toggleBox(szDivId, elem, msg1, msg2)
{
  var res = -1;  if (document.getElementById) {
    res = flip(document.getElementById(szDivId));
  }
  else if (document.all) {
    // this is the way old msie versions work
    res = flip(document.all[szDivId]);
  }
  if(elem) {
    if(res == 0) elem.innerHTML = msg1; else elem.innerHTML = msg2;
  }

}

function toggleAllBoxes() {
  if (document.getElementsByTagName) {
    d = document.getElementsByTagName('div');
    for (i = 0; i < d.length; i++) {
      if (d[i].className == 'log') {
        flip(d[i]);
      }
    }
  }
}

// -->
</script>

</head>
<body>
<h2 align='center'>Regression Tests</h2><table border='1' align="center">
<tr>
<td>Tests passed/Failed/Skipped:</td><td>19/2/0</td>
</tr><tr>
<td>Started on:</td><td>Tue Oct 07 18:36:14 IST 2025</td>
</tr>
<tr><td>Total time:</td><td>386 seconds (386693 ms)</td>
</tr><tr>
<td>Included groups:</td><td></td>
</tr><tr>
<td>Excluded groups:</td><td></td>
</tr>
</table><p/>
<small><i>(Hover the method name to see the test class name)</i></small><p/>
<table width='100%' border='1' class='invocation-failed'>
<tr><td colspan='4' align='center'><b>FAILED TESTS</b></td></tr>
<tr><td><b>Test method</b></td>
<td><b>Attribute(s)</b></td>
<td width="30%"><b>Exception</b></td>
<td width="10%"><b>Time (seconds)</b></td>
<td><b>Instance</b></td>
</tr>
<tr>
<td title='test.InvalidFeatureTests.testProductSortingOptions()'><b>testProductSortingOptions</b><br>Test class: test.InvalidFeatureTests<br>Test method: INVALID: Product sorting feature does not exist</td>
<td><div><pre>java.lang.AssertionError: EXPECTED FAILURE: Product sorting feature is not implemented on Polymer Shop
	at test.InvalidFeatureTests.testProductSortingOptions(InvalidFeatureTests.java:49)
	at java.base/java.util.ArrayList.forEach(ArrayList.java:1511)
... Removed 32 stack frames</pre></div><a href='#' onClick='toggleBox("stack-trace545851930", this, "Click to show all stack frames", "Click to hide stack frames")'>Click to show all stack frames</a>
<div class='stack-trace' id='stack-trace545851930'><pre>java.lang.AssertionError: EXPECTED FAILURE: Product sorting feature is not implemented on Polymer Shop
	at org.testng.Assert.fail(Assert.java:111)
	at test.InvalidFeatureTests.testProductSortingOptions(InvalidFeatureTests.java:49)
	at java.base/jdk.internal.reflect.NativeMethodAccessorImpl.invoke0(Native Method)
	at java.base/jdk.internal.reflect.NativeMethodAccessorImpl.invoke(NativeMethodAccessorImpl.java:77)
	at java.base/jdk.internal.reflect.DelegatingMethodAccessorImpl.invoke(DelegatingMethodAccessorImpl.java:43)
	at java.base/java.lang.reflect.Method.invoke(Method.java:568)
	at org.testng.internal.invokers.MethodInvocationHelper.invokeMethod(MethodInvocationHelper.java:139)
	at org.testng.internal.invokers.TestInvoker.invokeMethod(TestInvoker.java:664)
	at org.testng.internal.invokers.TestInvoker.invokeTestMethod(TestInvoker.java:227)
	at org.testng.internal.invokers.MethodRunner.runInSequence(MethodRunner.java:50)
	at org.testng.internal.invokers.TestInvoker$MethodInvocationAgent.invoke(TestInvoker.java:957)
	at org.testng.internal.invokers.TestInvoker.invokeTestMethods(TestInvoker.java:200)
	at org.testng.internal.invokers.TestMethodWorker.invokeTestMethods(TestMethodWorker.java:148)
	at org.testng.internal.invokers.TestMethodWorker.run(TestMethodWorker.java:128)
	at java.base/java.util.ArrayList.forEach(ArrayList.java:1511)
	at org.testng.TestRunner.privateRun(TestRunner.java:848)
	at org.testng.TestRunner.run(TestRunner.java:621)
	at org.testng.SuiteRunner.runTest(SuiteRunner.java:443)
	at org.testng.SuiteRunner.runSequentially(SuiteRunner.java:437)
	at org.testng.SuiteRunner.privateRun(SuiteRunner.java:397)
	at org.testng.SuiteRunner.run(SuiteRunner.java:336)
	at org.testng.SuiteRunnerWorker.runSuite(SuiteRunnerWorker.java:52)
	at org.testng.SuiteRunnerWorker.run(SuiteRunnerWorker.java:95)
	at org.testng.TestNG.runSuitesSequentially(TestNG.java:1280)
	at org.testng.TestNG.runSuitesLocally(TestNG.java:1200)
	at org.testng.TestNG.runSuites(TestNG.java:1114)
	at org.testng.TestNG.run(TestNG.java:1082)
	at org.apache.maven.surefire.testng.TestNGExecutor.run(TestNGExecutor.java:308)
	at org.apache.maven.surefire.testng.TestNGXmlTestSuite.execute(TestNGXmlTestSuite.java:71)
	at org.apache.maven.surefire.testng.TestNGProvider.invoke(TestNGProvider.java:113)
	at org.apache.maven.surefire.booter.ForkedBooter.runSuitesInProcess(ForkedBooter.java:385)
	at org.apache.maven.surefire.booter.ForkedBooter.execute(ForkedBooter.java:162)
	at org.apache.maven.surefire.booter.ForkedBooter.run(ForkedBooter.java:507)
	at org.apache.maven.surefire.booter.ForkedBooter.main(ForkedBooter.java:495)
</pre></div></td>
<td>0</td>
<td>test.InvalidFeatureTests@478190fc</td></tr>
<tr>
<td title='test.InvalidFeatureTests.testProductPagination()'><b>testProductPagination</b><br>Test class: test.InvalidFeatureTests<br>Test method: INVALID: Pagination does not exist</td>
<td><div><pre>java.lang.AssertionError: EXPECTED FAILURE: Pagination feature is not implemented on Polymer Shop
	at test.InvalidFeatureTests.testProductPagination(InvalidFeatureTests.java:77)
	at java.base/java.util.ArrayList.forEach(ArrayList.java:1511)
... Removed 32 stack frames</pre></div><a href='#' onClick='toggleBox("stack-trace2108777202", this, "Click to show all stack frames", "Click to hide stack frames")'>Click to show all stack frames</a>
<div class='stack-trace' id='stack-trace2108777202'><pre>java.lang.AssertionError: EXPECTED FAILURE: Pagination feature is not implemented on Polymer Shop
	at org.testng.Assert.fail(Assert.java:111)
	at test.InvalidFeatureTests.testProductPagination(InvalidFeatureTests.java:77)
	at java.base/jdk.internal.reflect.NativeMethodAccessorImpl.invoke0(Native Method)
	at java.base/jdk.internal.reflect.NativeMethodAccessorImpl.invoke(NativeMethodAccessorImpl.java:77)
	at java.base/jdk.internal.reflect.DelegatingMethodAccessorImpl.invoke(DelegatingMethodAccessorImpl.java:43)
	at java.base/java.lang.reflect.Method.invoke(Method.java:568)
	at org.testng.internal.invokers.MethodInvocationHelper.invokeMethod(MethodInvocationHelper.java:139)
	at org.testng.internal.invokers.TestInvoker.invokeMethod(TestInvoker.java:664)
	at org.testng.internal.invokers.TestInvoker.invokeTestMethod(TestInvoker.java:227)
	at org.testng.internal.invokers.MethodRunner.runInSequence(MethodRunner.java:50)
	at org.testng.internal.invokers.TestInvoker$MethodInvocationAgent.invoke(TestInvoker.java:957)
	at org.testng.internal.invokers.TestInvoker.invokeTestMethods(TestInvoker.java:200)
	at org.testng.internal.invokers.TestMethodWorker.invokeTestMethods(TestMethodWorker.java:148)
	at org.testng.internal.invokers.TestMethodWorker.run(TestMethodWorker.java:128)
	at java.base/java.util.ArrayList.forEach(ArrayList.java:1511)
	at org.testng.TestRunner.privateRun(TestRunner.java:848)
	at org.testng.TestRunner.run(TestRunner.java:621)
	at org.testng.SuiteRunner.runTest(SuiteRunner.java:443)
	at org.testng.SuiteRunner.runSequentially(SuiteRunner.java:437)
	at org.testng.SuiteRunner.privateRun(SuiteRunner.java:397)
	at org.testng.SuiteRunner.run(SuiteRunner.java:336)
	at org.testng.SuiteRunnerWorker.runSuite(SuiteRunnerWorker.java:52)
	at org.testng.SuiteRunnerWorker.run(SuiteRunnerWorker.java:95)
	at org.testng.TestNG.runSuitesSequentially(TestNG.java:1280)
	at org.testng.TestNG.runSuitesLocally(TestNG.java:1200)
	at org.testng.TestNG.runSuites(TestNG.java:1114)
	at org.testng.TestNG.run(TestNG.java:1082)
	at org.apache.maven.surefire.testng.TestNGExecutor.run(TestNGExecutor.java:308)
	at org.apache.maven.surefire.testng.TestNGXmlTestSuite.execute(TestNGXmlTestSuite.java:71)
	at org.apache.maven.surefire.testng.TestNGProvider.invoke(TestNGProvider.java:113)
	at org.apache.maven.surefire.booter.ForkedBooter.runSuitesInProcess(ForkedBooter.java:385)
	at org.apache.maven.surefire.booter.ForkedBooter.execute(ForkedBooter.java:162)
	at org.apache.maven.surefire.booter.ForkedBooter.run(ForkedBooter.java:507)
	at org.apache.maven.surefire.booter.ForkedBooter.main(ForkedBooter.java:495)
</pre></div></td>
<td>0</td>
<td>test.InvalidFeatureTests@478190fc</td></tr>
</table><p>
<table width='100%' border='1' class='invocation-passed'>
<tr><td colspan='4' align='center'><b>PASSED TESTS</b></td></tr>
<tr><td><b>Test method</b></td>
<td><b>Attribute(s)</b></td>
<td width="30%"><b>Exception</b></td>
<td width="10%"><b>Time (seconds)</b></td>
<td><b>Instance</b></td>
</tr>
<tr>
<td title='test.ProductTests.testProductPriceDisplay()'><b>testProductPriceDisplay</b><br>Test class: test.ProductTests<br>Test method: Verify product price is displayed correctly</td>
<td></td>
<td>11</td>
<td>test.ProductTests@399f45b1</td></tr>
<tr>
<td title='test.HomePageTests.testProductCategoriesDisplay()'><b>testProductCategoriesDisplay</b><br>Test class: test.HomePageTests<br>Test method: Verify product categories are accessible</td>
<td></td>
<td>15</td>
<td>test.HomePageTests@3ce1e309</td></tr>
<tr>
<td title='test.ProductTests.testProductGridDisplay()'><b>testProductGridDisplay</b><br>Test class: test.ProductTests<br>Test method: Verify product grid displays products</td>
<td></td>
<td>10</td>
<td>test.ProductTests@399f45b1</td></tr>
<tr>
<td title='test.ProductTests.testProductDetailsPageElements()'><b>testProductDetailsPageElements</b><br>Test class: test.ProductTests<br>Test method: Verify all product detail page elements are displayed</td>
<td></td>
<td>11</td>
<td>test.ProductTests@399f45b1</td></tr>
<tr>
<td title='test.ProductTests.testProductDescriptionAndSpecs()'><b>testProductDescriptionAndSpecs</b><br>Test class: test.ProductTests<br>Test method: Verify product description and specifications</td>
<td></td>
<td>11</td>
<td>test.ProductTests@399f45b1</td></tr>
<tr>
<td title='test.ProductTests.testProductSizeSelection()'><b>testProductSizeSelection</b><br>Test class: test.ProductTests<br>Test method: Verify product size can be selected</td>
<td></td>
<td>13</td>
<td>test.ProductTests@399f45b1</td></tr>
<tr>
<td title='test.CartTests.testEmptyCartMessage()'><b>testEmptyCartMessage</b><br>Test class: test.CartTests<br>Test method: TC-20: Verify empty cart message is displayed</td>
<td></td>
<td>6</td>
<td>test.CartTests@38c6f217</td></tr>
<tr>
<td title='test.ProductTests.testProductFilteringByCategory()'><b>testProductFilteringByCategory</b><br>Test class: test.ProductTests<br>Test method: Verify products can be filtered by category</td>
<td></td>
<td>15</td>
<td>test.ProductTests@399f45b1</td></tr>
<tr>
<td title='test.ProductTests.testAddToCartFunctionality()'><b>testAddToCartFunctionality</b><br>Test class: test.ProductTests<br>Test method: Verify add to cart button functionality</td>
<td></td>
<td>23</td>
<td>test.ProductTests@399f45b1</td></tr>
<tr>
<td title='test.ProductTests.testProductImageGallery()'><b>testProductImageGallery</b><br>Test class: test.ProductTests<br>Test method: Verify product image is displayed</td>
<td></td>
<td>11</td>
<td>test.ProductTests@399f45b1</td></tr>
<tr>
<td title='test.CartTests.testUpdatingProductQuantityInCart()'><b>testUpdatingProductQuantityInCart</b><br>Test class: test.CartTests<br>Test method: Verify product quantity can be updated in cart</td>
<td></td>
<td>25</td>
<td>test.CartTests@38c6f217</td></tr>
<tr>
<td title='test.CartTests.testCartIconBadgeUpdate()'><b>testCartIconBadgeUpdate</b><br>Test class: test.CartTests<br>Test method: Verify cart icon badge updates when items are added</td>
<td></td>
<td>23</td>
<td>test.CartTests@38c6f217</td></tr>
<tr>
<td title='test.CartTests.testAddingProductsToCart()'><b>testAddingProductsToCart</b><br>Test class: test.CartTests<br>Test method: TC-16: Verify products can be added to cart</td>
<td></td>
<td>22</td>
<td>test.CartTests@38c6f217</td></tr>
<tr>
<td title='test.HomePageTests.testNavigationMenuItems()'><b>testNavigationMenuItems</b><br>Test class: test.HomePageTests<br>Test method: Verify navigation menu items are displayed</td>
<td></td>
<td>8</td>
<td>test.HomePageTests@3ce1e309</td></tr>
<tr>
<td title='test.CartTests.testRemovingProductsFromCart()'><b>testRemovingProductsFromCart</b><br>Test class: test.CartTests<br>Test method: Verify products can be removed from cart</td>
<td></td>
<td>25</td>
<td>test.CartTests@38c6f217</td></tr>
<tr>
<td title='test.CartTests.testCartTotalCalculation()'><b>testCartTotalCalculation</b><br>Test class: test.CartTests<br>Test method:  Verify cart total is calculated correctly</td>
<td></td>
<td>22</td>
<td>test.CartTests@38c6f217</td></tr>
<tr>
<td title='test.HomePageTests.testHomepageLoadsCorrectly()'><b>testHomepageLoadsCorrectly</b><br>Test class: test.HomePageTests<br>Test method: Verify homepage loads correctly</td>
<td></td>
<td>4</td>
<td>test.HomePageTests@3ce1e309</td></tr>
<tr>
<td title='test.ProductTests.testQuantitySelection()'><b>testQuantitySelection</b><br>Test class: test.ProductTests<br>Test method: Verify quantity can be selected</td>
<td></td>
<td>13</td>
<td>test.ProductTests@399f45b1</td></tr>
<tr>
<td title='test.InvalidFeatureTests.reportInvalidFeatures()'><b>reportInvalidFeatures</b><br>Test class: test.InvalidFeatureTests<br>Test method: Report invalid features found</td>
<td></td>
<td>0</td>
<td>test.InvalidFeatureTests@478190fc</td></tr>
</table><p>
</body>
</html>