<?xml version="1.0" encoding="UTF-8"?>
<testng-results ignored="0" total="21" passed="19" failed="2" skipped="0">
  <reporter-output>
  </reporter-output>
  <suite started-at="2025-10-07T18:36:14 IST" name="Polymer Shop Automation Suite" finished-at="2025-10-07T18:42:41 IST" duration-ms="386693">
    <groups>
    </groups>
    <test started-at="2025-10-07T18:36:14 IST" name="Regression Tests" finished-at="2025-10-07T18:42:41 IST" duration-ms="386693">
      <class name="test.InvalidFeatureTests">
        <test-method is-config="true" signature="setUp()[pri:0, instance:test.InvalidFeatureTests@478190fc]" started-at="2025-10-07T18:42:30 IST" name="setUp" finished-at="2025-10-07T18:42:33 IST" duration-ms="3156" status="PASS">
          <reporter-output>
          </reporter-output>
        </test-method> <!-- setUp -->
        <test-method signature="testProductSortingOptions()[pri:1, instance:test.InvalidFeatureTests@478190fc]" started-at="2025-10-07T18:42:33 IST" name="testProductSortingOptions" description="INVALID: Product sorting feature does not exist" finished-at="2025-10-07T18:42:33 IST" duration-ms="1" status="FAIL">
          <exception class="java.lang.AssertionError">
            <message>
              <![CDATA[EXPECTED FAILURE: Product sorting feature is not implemented on Polymer Shop]]>
            </message>
            <full-stacktrace>
              <![CDATA[java.lang.AssertionError: EXPECTED FAILURE: Product sorting feature is not implemented on Polymer Shop
at org.testng.Assert.fail(Assert.java:111)
at test.InvalidFeatureTests.testProductSortingOptions(InvalidFeatureTests.java:49)
at java.base/jdk.internal.reflect.NativeMethodAccessorImpl.invoke0(Native Method)
at java.base/jdk.internal.reflect.NativeMethodAccessorImpl.invoke(NativeMethodAccessorImpl.java:77)
at java.base/jdk.internal.reflect.DelegatingMethodAccessorImpl.invoke(DelegatingMethodAccessorImpl.java:43)
at java.base/java.lang.reflect.Method.invoke(Method.java:568)
at org.testng.internal.invokers.MethodInvocationHelper.invokeMethod(MethodInvocationHelper.java:139)
at org.testng.internal.invokers.TestInvoker.invokeMethod(TestInvoker.java:664)
at org.testng.internal.invokers.TestInvoker.invokeTestMethod(TestInvoker.java:227)
at org.testng.internal.invokers.MethodRunner.runInSequence(MethodRunner.java:50)
at org.testng.internal.invokers.TestInvoker$MethodInvocationAgent.invoke(TestInvoker.java:957)
at org.testng.internal.invokers.TestInvoker.invokeTestMethods(TestInvoker.java:200)
at org.testng.internal.invokers.TestMethodWorker.invokeTestMethods(TestMethodWorker.java:148)
at org.testng.internal.invokers.TestMethodWorker.run(TestMethodWorker.java:128)
at java.base/java.util.ArrayList.forEach(ArrayList.java:1511)
at org.testng.TestRunner.privateRun(TestRunner.java:848)
at org.testng.TestRunner.run(TestRunner.java:621)
at org.testng.SuiteRunner.runTest(SuiteRunner.java:443)
at org.testng.SuiteRunner.runSequentially(SuiteRunner.java:437)
at org.testng.SuiteRunner.privateRun(SuiteRunner.java:397)
at org.testng.SuiteRunner.run(SuiteRunner.java:336)
at org.testng.SuiteRunnerWorker.runSuite(SuiteRunnerWorker.java:52)
at org.testng.SuiteRunnerWorker.run(SuiteRunnerWorker.java:95)
at org.testng.TestNG.runSuitesSequentially(TestNG.java:1280)
at org.testng.TestNG.runSuitesLocally(TestNG.java:1200)
at org.testng.TestNG.runSuites(TestNG.java:1114)
at org.testng.TestNG.run(TestNG.java:1082)
at org.apache.maven.surefire.testng.TestNGExecutor.run(TestNGExecutor.java:308)
at org.apache.maven.surefire.testng.TestNGXmlTestSuite.execute(TestNGXmlTestSuite.java:71)
at org.apache.maven.surefire.testng.TestNGProvider.invoke(TestNGProvider.java:113)
at org.apache.maven.surefire.booter.ForkedBooter.runSuitesInProcess(ForkedBooter.java:385)
at org.apache.maven.surefire.booter.ForkedBooter.execute(ForkedBooter.java:162)
at org.apache.maven.surefire.booter.ForkedBooter.run(ForkedBooter.java:507)
at org.apache.maven.surefire.booter.ForkedBooter.main(ForkedBooter.java:495)
]]>
            </full-stacktrace>
          </exception> <!-- java.lang.AssertionError -->
          <reporter-output>
          </reporter-output>
        </test-method> <!-- testProductSortingOptions -->
        <test-method is-config="true" signature="tearDown()[pri:0, instance:test.InvalidFeatureTests@478190fc]" started-at="2025-10-07T18:42:34 IST" name="tearDown" finished-at="2025-10-07T18:42:34 IST" duration-ms="206" status="PASS">
          <reporter-output>
          </reporter-output>
        </test-method> <!-- tearDown -->
        <test-method is-config="true" signature="setUp()[pri:0, instance:test.InvalidFeatureTests@478190fc]" started-at="2025-10-07T18:42:34 IST" name="setUp" finished-at="2025-10-07T18:42:37 IST" duration-ms="3128" status="PASS">
          <reporter-output>
          </reporter-output>
        </test-method> <!-- setUp -->
        <test-method signature="testProductPagination()[pri:3, instance:test.InvalidFeatureTests@478190fc]" started-at="2025-10-07T18:42:37 IST" name="testProductPagination" description="INVALID: Pagination does not exist" finished-at="2025-10-07T18:42:37 IST" duration-ms="0" status="FAIL">
          <exception class="java.lang.AssertionError">
            <message>
              <![CDATA[EXPECTED FAILURE: Pagination feature is not implemented on Polymer Shop]]>
            </message>
            <full-stacktrace>
              <![CDATA[java.lang.AssertionError: EXPECTED FAILURE: Pagination feature is not implemented on Polymer Shop
at org.testng.Assert.fail(Assert.java:111)
at test.InvalidFeatureTests.testProductPagination(InvalidFeatureTests.java:77)
at java.base/jdk.internal.reflect.NativeMethodAccessorImpl.invoke0(Native Method)
at java.base/jdk.internal.reflect.NativeMethodAccessorImpl.invoke(NativeMethodAccessorImpl.java:77)
at java.base/jdk.internal.reflect.DelegatingMethodAccessorImpl.invoke(DelegatingMethodAccessorImpl.java:43)
at java.base/java.lang.reflect.Method.invoke(Method.java:568)
at org.testng.internal.invokers.MethodInvocationHelper.invokeMethod(MethodInvocationHelper.java:139)
at org.testng.internal.invokers.TestInvoker.invokeMethod(TestInvoker.java:664)
at org.testng.internal.invokers.TestInvoker.invokeTestMethod(TestInvoker.java:227)
at org.testng.internal.invokers.MethodRunner.runInSequence(MethodRunner.java:50)
at org.testng.internal.invokers.TestInvoker$MethodInvocationAgent.invoke(TestInvoker.java:957)
at org.testng.internal.invokers.TestInvoker.invokeTestMethods(TestInvoker.java:200)
at org.testng.internal.invokers.TestMethodWorker.invokeTestMethods(TestMethodWorker.java:148)
at org.testng.internal.invokers.TestMethodWorker.run(TestMethodWorker.java:128)
at java.base/java.util.ArrayList.forEach(ArrayList.java:1511)
at org.testng.TestRunner.privateRun(TestRunner.java:848)
at org.testng.TestRunner.run(TestRunner.java:621)
at org.testng.SuiteRunner.runTest(SuiteRunner.java:443)
at org.testng.SuiteRunner.runSequentially(SuiteRunner.java:437)
at org.testng.SuiteRunner.privateRun(SuiteRunner.java:397)
at org.testng.SuiteRunner.run(SuiteRunner.java:336)
at org.testng.SuiteRunnerWorker.runSuite(SuiteRunnerWorker.java:52)
at org.testng.SuiteRunnerWorker.run(SuiteRunnerWorker.java:95)
at org.testng.TestNG.runSuitesSequentially(TestNG.java:1280)
at org.testng.TestNG.runSuitesLocally(TestNG.java:1200)
at org.testng.TestNG.runSuites(TestNG.java:1114)
at org.testng.TestNG.run(TestNG.java:1082)
at org.apache.maven.surefire.testng.TestNGExecutor.run(TestNGExecutor.java:308)
at org.apache.maven.surefire.testng.TestNGXmlTestSuite.execute(TestNGXmlTestSuite.java:71)
at org.apache.maven.surefire.testng.TestNGProvider.invoke(TestNGProvider.java:113)
at org.apache.maven.surefire.booter.ForkedBooter.runSuitesInProcess(ForkedBooter.java:385)
at org.apache.maven.surefire.booter.ForkedBooter.execute(ForkedBooter.java:162)
at org.apache.maven.surefire.booter.ForkedBooter.run(ForkedBooter.java:507)
at org.apache.maven.surefire.booter.ForkedBooter.main(ForkedBooter.java:495)
]]>
            </full-stacktrace>
          </exception> <!-- java.lang.AssertionError -->
          <reporter-output>
          </reporter-output>
        </test-method> <!-- testProductPagination -->
        <test-method is-config="true" signature="tearDown()[pri:0, instance:test.InvalidFeatureTests@478190fc]" started-at="2025-10-07T18:42:38 IST" name="tearDown" finished-at="2025-10-07T18:42:38 IST" duration-ms="205" status="PASS">
          <reporter-output>
          </reporter-output>
        </test-method> <!-- tearDown -->
        <test-method is-config="true" signature="setUp()[pri:0, instance:test.InvalidFeatureTests@478190fc]" started-at="2025-10-07T18:42:38 IST" name="setUp" finished-at="2025-10-07T18:42:41 IST" duration-ms="3088" status="PASS">
          <reporter-output>
          </reporter-output>
        </test-method> <!-- setUp -->
        <test-method signature="reportInvalidFeatures()[pri:4, instance:test.InvalidFeatureTests@478190fc]" started-at="2025-10-07T18:42:41 IST" name="reportInvalidFeatures" description="Report invalid features found" finished-at="2025-10-07T18:42:41 IST" duration-ms="0" status="PASS">
          <reporter-output>
          </reporter-output>
        </test-method> <!-- reportInvalidFeatures -->
        <test-method is-config="true" signature="tearDown()[pri:0, instance:test.InvalidFeatureTests@478190fc]" started-at="2025-10-07T18:42:41 IST" name="tearDown" finished-at="2025-10-07T18:42:41 IST" duration-ms="201" status="PASS">
          <reporter-output>
          </reporter-output>
        </test-method> <!-- tearDown -->
      </class> <!-- test.InvalidFeatureTests -->
      <class name="test.CartTests">
        <test-method is-config="true" signature="setUp()[pri:0, instance:test.CartTests@38c6f217]" started-at="2025-10-07T18:39:52 IST" name="setUp" finished-at="2025-10-07T18:39:57 IST" duration-ms="5232" status="PASS">
          <reporter-output>
          </reporter-output>
        </test-method> <!-- setUp -->
        <test-method signature="testAddingProductsToCart()[pri:1, instance:test.CartTests@38c6f217]" started-at="2025-10-07T18:39:57 IST" name="testAddingProductsToCart" description="TC-16: Verify products can be added to cart" finished-at="2025-10-07T18:40:19 IST" duration-ms="22200" status="PASS">
          <reporter-output>
          </reporter-output>
        </test-method> <!-- testAddingProductsToCart -->
        <test-method is-config="true" signature="tearDown()[pri:0, instance:test.CartTests@38c6f217]" started-at="2025-10-07T18:40:19 IST" name="tearDown" finished-at="2025-10-07T18:40:20 IST" duration-ms="281" status="PASS">
          <reporter-output>
          </reporter-output>
        </test-method> <!-- tearDown -->
        <test-method is-config="true" signature="setUp()[pri:0, instance:test.CartTests@38c6f217]" started-at="2025-10-07T18:40:20 IST" name="setUp" finished-at="2025-10-07T18:40:25 IST" duration-ms="5079" status="PASS">
          <reporter-output>
          </reporter-output>
        </test-method> <!-- setUp -->
        <test-method signature="testUpdatingProductQuantityInCart()[pri:2, instance:test.CartTests@38c6f217]" started-at="2025-10-07T18:40:25 IST" name="testUpdatingProductQuantityInCart" description="Verify product quantity can be updated in cart" finished-at="2025-10-07T18:40:50 IST" duration-ms="25264" status="PASS">
          <reporter-output>
          </reporter-output>
        </test-method> <!-- testUpdatingProductQuantityInCart -->
        <test-method is-config="true" signature="tearDown()[pri:0, instance:test.CartTests@38c6f217]" started-at="2025-10-07T18:40:50 IST" name="tearDown" finished-at="2025-10-07T18:40:50 IST" duration-ms="270" status="PASS">
          <reporter-output>
          </reporter-output>
        </test-method> <!-- tearDown -->
        <test-method is-config="true" signature="setUp()[pri:0, instance:test.CartTests@38c6f217]" started-at="2025-10-07T18:40:50 IST" name="setUp" finished-at="2025-10-07T18:40:55 IST" duration-ms="5090" status="PASS">
          <reporter-output>
          </reporter-output>
        </test-method> <!-- setUp -->
        <test-method signature="testRemovingProductsFromCart()[pri:3, instance:test.CartTests@38c6f217]" started-at="2025-10-07T18:40:55 IST" name="testRemovingProductsFromCart" description="Verify products can be removed from cart" finished-at="2025-10-07T18:41:21 IST" duration-ms="25397" status="PASS">
          <reporter-output>
          </reporter-output>
        </test-method> <!-- testRemovingProductsFromCart -->
        <test-method is-config="true" signature="tearDown()[pri:0, instance:test.CartTests@38c6f217]" started-at="2025-10-07T18:41:21 IST" name="tearDown" finished-at="2025-10-07T18:41:21 IST" duration-ms="237" status="PASS">
          <reporter-output>
          </reporter-output>
        </test-method> <!-- tearDown -->
        <test-method is-config="true" signature="setUp()[pri:0, instance:test.CartTests@38c6f217]" started-at="2025-10-07T18:41:21 IST" name="setUp" finished-at="2025-10-07T18:41:26 IST" duration-ms="4990" status="PASS">
          <reporter-output>
          </reporter-output>
        </test-method> <!-- setUp -->
        <test-method signature="testCartTotalCalculation()[pri:4, instance:test.CartTests@38c6f217]" started-at="2025-10-07T18:41:26 IST" name="testCartTotalCalculation" description=" Verify cart total is calculated correctly" finished-at="2025-10-07T18:41:48 IST" duration-ms="22214" status="PASS">
          <reporter-output>
          </reporter-output>
        </test-method> <!-- testCartTotalCalculation -->
        <test-method is-config="true" signature="tearDown()[pri:0, instance:test.CartTests@38c6f217]" started-at="2025-10-07T18:41:48 IST" name="tearDown" finished-at="2025-10-07T18:41:49 IST" duration-ms="254" status="PASS">
          <reporter-output>
          </reporter-output>
        </test-method> <!-- tearDown -->
        <test-method is-config="true" signature="setUp()[pri:0, instance:test.CartTests@38c6f217]" started-at="2025-10-07T18:41:49 IST" name="setUp" finished-at="2025-10-07T18:41:55 IST" duration-ms="6099" status="PASS">
          <reporter-output>
          </reporter-output>
        </test-method> <!-- setUp -->
        <test-method signature="testEmptyCartMessage()[pri:5, instance:test.CartTests@38c6f217]" started-at="2025-10-07T18:41:55 IST" name="testEmptyCartMessage" description="TC-20: Verify empty cart message is displayed" finished-at="2025-10-07T18:42:01 IST" duration-ms="6265" status="PASS">
          <reporter-output>
          </reporter-output>
        </test-method> <!-- testEmptyCartMessage -->
        <test-method is-config="true" signature="tearDown()[pri:0, instance:test.CartTests@38c6f217]" started-at="2025-10-07T18:42:01 IST" name="tearDown" finished-at="2025-10-07T18:42:01 IST" duration-ms="317" status="PASS">
          <reporter-output>
          </reporter-output>
        </test-method> <!-- tearDown -->
        <test-method is-config="true" signature="setUp()[pri:0, instance:test.CartTests@38c6f217]" started-at="2025-10-07T18:42:01 IST" name="setUp" finished-at="2025-10-07T18:42:06 IST" duration-ms="5148" status="PASS">
          <reporter-output>
          </reporter-output>
        </test-method> <!-- setUp -->
        <test-method signature="testCartIconBadgeUpdate()[pri:6, instance:test.CartTests@38c6f217]" started-at="2025-10-07T18:42:06 IST" name="testCartIconBadgeUpdate" description="Verify cart icon badge updates when items are added" finished-at="2025-10-07T18:42:30 IST" duration-ms="23198" status="PASS">
          <reporter-output>
          </reporter-output>
        </test-method> <!-- testCartIconBadgeUpdate -->
        <test-method is-config="true" signature="tearDown()[pri:0, instance:test.CartTests@38c6f217]" started-at="2025-10-07T18:42:30 IST" name="tearDown" finished-at="2025-10-07T18:42:30 IST" duration-ms="281" status="PASS">
          <reporter-output>
          </reporter-output>
        </test-method> <!-- tearDown -->
      </class> <!-- test.CartTests -->
      <class name="test.HomePageTests">
        <test-method is-config="true" signature="setUp()[pri:0, instance:test.HomePageTests@3ce1e309]" started-at="2025-10-07T18:36:15 IST" name="setUp" finished-at="2025-10-07T18:36:21 IST" duration-ms="6491" status="PASS">
          <reporter-output>
          </reporter-output>
        </test-method> <!-- setUp -->
        <test-method signature="testHomepageLoadsCorrectly()[pri:1, instance:test.HomePageTests@3ce1e309]" started-at="2025-10-07T18:36:21 IST" name="testHomepageLoadsCorrectly" description="Verify homepage loads correctly" finished-at="2025-10-07T18:36:26 IST" duration-ms="4634" status="PASS">
          <reporter-output>
          </reporter-output>
        </test-method> <!-- testHomepageLoadsCorrectly -->
        <test-method is-config="true" signature="tearDown()[pri:0, instance:test.HomePageTests@3ce1e309]" started-at="2025-10-07T18:36:26 IST" name="tearDown" finished-at="2025-10-07T18:36:26 IST" duration-ms="251" status="PASS">
          <reporter-output>
          </reporter-output>
        </test-method> <!-- tearDown -->
        <test-method is-config="true" signature="setUp()[pri:0, instance:test.HomePageTests@3ce1e309]" started-at="2025-10-07T18:36:26 IST" name="setUp" finished-at="2025-10-07T18:36:31 IST" duration-ms="5305" status="PASS">
          <reporter-output>
          </reporter-output>
        </test-method> <!-- setUp -->
        <test-method signature="testNavigationMenuItems()[pri:2, instance:test.HomePageTests@3ce1e309]" started-at="2025-10-07T18:36:31 IST" name="testNavigationMenuItems" description="Verify navigation menu items are displayed" finished-at="2025-10-07T18:36:40 IST" duration-ms="8774" status="PASS">
          <reporter-output>
          </reporter-output>
        </test-method> <!-- testNavigationMenuItems -->
        <test-method is-config="true" signature="tearDown()[pri:0, instance:test.HomePageTests@3ce1e309]" started-at="2025-10-07T18:36:40 IST" name="tearDown" finished-at="2025-10-07T18:36:41 IST" duration-ms="413" status="PASS">
          <reporter-output>
          </reporter-output>
        </test-method> <!-- tearDown -->
        <test-method is-config="true" signature="setUp()[pri:0, instance:test.HomePageTests@3ce1e309]" started-at="2025-10-07T18:36:41 IST" name="setUp" finished-at="2025-10-07T18:36:46 IST" duration-ms="5267" status="PASS">
          <reporter-output>
          </reporter-output>
        </test-method> <!-- setUp -->
        <test-method signature="testProductCategoriesDisplay()[pri:3, instance:test.HomePageTests@3ce1e309]" started-at="2025-10-07T18:36:46 IST" name="testProductCategoriesDisplay" description="Verify product categories are accessible" finished-at="2025-10-07T18:37:01 IST" duration-ms="15524" status="PASS">
          <reporter-output>
          </reporter-output>
        </test-method> <!-- testProductCategoriesDisplay -->
        <test-method is-config="true" signature="tearDown()[pri:0, instance:test.HomePageTests@3ce1e309]" started-at="2025-10-07T18:37:01 IST" name="tearDown" finished-at="2025-10-07T18:37:02 IST" duration-ms="301" status="PASS">
          <reporter-output>
          </reporter-output>
        </test-method> <!-- tearDown -->
      </class> <!-- test.HomePageTests -->
      <class name="test.ProductTests">
        <test-method is-config="true" signature="setUp()[pri:0, instance:test.ProductTests@399f45b1]" started-at="2025-10-07T18:37:02 IST" name="setUp" finished-at="2025-10-07T18:37:07 IST" duration-ms="5111" status="PASS">
          <reporter-output>
          </reporter-output>
        </test-method> <!-- setUp -->
        <test-method signature="testProductGridDisplay()[pri:1, instance:test.ProductTests@399f45b1]" started-at="2025-10-07T18:37:07 IST" name="testProductGridDisplay" description="Verify product grid displays products" finished-at="2025-10-07T18:37:18 IST" duration-ms="10859" status="PASS">
          <reporter-output>
          </reporter-output>
        </test-method> <!-- testProductGridDisplay -->
        <test-method is-config="true" signature="tearDown()[pri:0, instance:test.ProductTests@399f45b1]" started-at="2025-10-07T18:37:18 IST" name="tearDown" finished-at="2025-10-07T18:37:18 IST" duration-ms="271" status="PASS">
          <reporter-output>
          </reporter-output>
        </test-method> <!-- tearDown -->
        <test-method is-config="true" signature="setUp()[pri:0, instance:test.ProductTests@399f45b1]" started-at="2025-10-07T18:37:18 IST" name="setUp" finished-at="2025-10-07T18:37:23 IST" duration-ms="5306" status="PASS">
          <reporter-output>
          </reporter-output>
        </test-method> <!-- setUp -->
        <test-method signature="testProductFilteringByCategory()[pri:2, instance:test.ProductTests@399f45b1]" started-at="2025-10-07T18:37:23 IST" name="testProductFilteringByCategory" description="Verify products can be filtered by category" finished-at="2025-10-07T18:37:39 IST" duration-ms="15517" status="PASS">
          <reporter-output>
          </reporter-output>
        </test-method> <!-- testProductFilteringByCategory -->
        <test-method is-config="true" signature="tearDown()[pri:0, instance:test.ProductTests@399f45b1]" started-at="2025-10-07T18:37:39 IST" name="tearDown" finished-at="2025-10-07T18:37:39 IST" duration-ms="278" status="PASS">
          <reporter-output>
          </reporter-output>
        </test-method> <!-- tearDown -->
        <test-method is-config="true" signature="setUp()[pri:0, instance:test.ProductTests@399f45b1]" started-at="2025-10-07T18:37:39 IST" name="setUp" finished-at="2025-10-07T18:37:44 IST" duration-ms="5141" status="PASS">
          <reporter-output>
          </reporter-output>
        </test-method> <!-- setUp -->
        <test-method signature="testProductDetailsPageElements()[pri:3, instance:test.ProductTests@399f45b1]" started-at="2025-10-07T18:37:44 IST" name="testProductDetailsPageElements" description="Verify all product detail page elements are displayed" finished-at="2025-10-07T18:37:56 IST" duration-ms="11548" status="PASS">
          <reporter-output>
          </reporter-output>
        </test-method> <!-- testProductDetailsPageElements -->
        <test-method is-config="true" signature="tearDown()[pri:0, instance:test.ProductTests@399f45b1]" started-at="2025-10-07T18:37:56 IST" name="tearDown" finished-at="2025-10-07T18:37:56 IST" duration-ms="271" status="PASS">
          <reporter-output>
          </reporter-output>
        </test-method> <!-- tearDown -->
        <test-method is-config="true" signature="setUp()[pri:0, instance:test.ProductTests@399f45b1]" started-at="2025-10-07T18:37:56 IST" name="setUp" finished-at="2025-10-07T18:38:01 IST" duration-ms="5168" status="PASS">
          <reporter-output>
          </reporter-output>
        </test-method> <!-- setUp -->
        <test-method signature="testProductImageGallery()[pri:4, instance:test.ProductTests@399f45b1]" started-at="2025-10-07T18:38:01 IST" name="testProductImageGallery" description="Verify product image is displayed" finished-at="2025-10-07T18:38:13 IST" duration-ms="11442" status="PASS">
          <reporter-output>
          </reporter-output>
        </test-method> <!-- testProductImageGallery -->
        <test-method is-config="true" signature="tearDown()[pri:0, instance:test.ProductTests@399f45b1]" started-at="2025-10-07T18:38:13 IST" name="tearDown" finished-at="2025-10-07T18:38:13 IST" duration-ms="266" status="PASS">
          <reporter-output>
          </reporter-output>
        </test-method> <!-- tearDown -->
        <test-method is-config="true" signature="setUp()[pri:0, instance:test.ProductTests@399f45b1]" started-at="2025-10-07T18:38:13 IST" name="setUp" finished-at="2025-10-07T18:38:18 IST" duration-ms="5129" status="PASS">
          <reporter-output>
          </reporter-output>
        </test-method> <!-- setUp -->
        <test-method signature="testProductDescriptionAndSpecs()[pri:5, instance:test.ProductTests@399f45b1]" started-at="2025-10-07T18:38:18 IST" name="testProductDescriptionAndSpecs" description="Verify product description and specifications" finished-at="2025-10-07T18:38:29 IST" duration-ms="11493" status="PASS">
          <reporter-output>
          </reporter-output>
        </test-method> <!-- testProductDescriptionAndSpecs -->
        <test-method is-config="true" signature="tearDown()[pri:0, instance:test.ProductTests@399f45b1]" started-at="2025-10-07T18:38:29 IST" name="tearDown" finished-at="2025-10-07T18:38:30 IST" duration-ms="283" status="PASS">
          <reporter-output>
          </reporter-output>
        </test-method> <!-- tearDown -->
        <test-method is-config="true" signature="setUp()[pri:0, instance:test.ProductTests@399f45b1]" started-at="2025-10-07T18:38:30 IST" name="setUp" finished-at="2025-10-07T18:38:35 IST" duration-ms="5120" status="PASS">
          <reporter-output>
          </reporter-output>
        </test-method> <!-- setUp -->
        <test-method signature="testQuantitySelection()[pri:6, instance:test.ProductTests@399f45b1]" started-at="2025-10-07T18:38:35 IST" name="testQuantitySelection" description="Verify quantity can be selected" finished-at="2025-10-07T18:38:48 IST" duration-ms="13062" status="PASS">
          <reporter-output>
          </reporter-output>
        </test-method> <!-- testQuantitySelection -->
        <test-method is-config="true" signature="tearDown()[pri:0, instance:test.ProductTests@399f45b1]" started-at="2025-10-07T18:38:48 IST" name="tearDown" finished-at="2025-10-07T18:38:48 IST" duration-ms="275" status="PASS">
          <reporter-output>
          </reporter-output>
        </test-method> <!-- tearDown -->
        <test-method is-config="true" signature="setUp()[pri:0, instance:test.ProductTests@399f45b1]" started-at="2025-10-07T18:38:48 IST" name="setUp" finished-at="2025-10-07T18:38:53 IST" duration-ms="5149" status="PASS">
          <reporter-output>
          </reporter-output>
        </test-method> <!-- setUp -->
        <test-method signature="testAddToCartFunctionality()[pri:7, instance:test.ProductTests@399f45b1]" started-at="2025-10-07T18:38:53 IST" name="testAddToCartFunctionality" description="Verify add to cart button functionality" finished-at="2025-10-07T18:39:17 IST" duration-ms="23242" status="PASS">
          <reporter-output>
          </reporter-output>
        </test-method> <!-- testAddToCartFunctionality -->
        <test-method is-config="true" signature="tearDown()[pri:0, instance:test.ProductTests@399f45b1]" started-at="2025-10-07T18:39:17 IST" name="tearDown" finished-at="2025-10-07T18:39:17 IST" duration-ms="277" status="PASS">
          <reporter-output>
          </reporter-output>
        </test-method> <!-- tearDown -->
        <test-method is-config="true" signature="setUp()[pri:0, instance:test.ProductTests@399f45b1]" started-at="2025-10-07T18:39:17 IST" name="setUp" finished-at="2025-10-07T18:39:22 IST" duration-ms="5133" status="PASS">
          <reporter-output>
          </reporter-output>
        </test-method> <!-- setUp -->
        <test-method signature="testProductPriceDisplay()[pri:8, instance:test.ProductTests@399f45b1]" started-at="2025-10-07T18:39:22 IST" name="testProductPriceDisplay" description="Verify product price is displayed correctly" finished-at="2025-10-07T18:39:33 IST" duration-ms="11390" status="PASS">
          <reporter-output>
          </reporter-output>
        </test-method> <!-- testProductPriceDisplay -->
        <test-method is-config="true" signature="tearDown()[pri:0, instance:test.ProductTests@399f45b1]" started-at="2025-10-07T18:39:33 IST" name="tearDown" finished-at="2025-10-07T18:39:34 IST" duration-ms="269" status="PASS">
          <reporter-output>
          </reporter-output>
        </test-method> <!-- tearDown -->
        <test-method is-config="true" signature="setUp()[pri:0, instance:test.ProductTests@399f45b1]" started-at="2025-10-07T18:39:34 IST" name="setUp" finished-at="2025-10-07T18:39:39 IST" duration-ms="5126" status="PASS">
          <reporter-output>
          </reporter-output>
        </test-method> <!-- setUp -->
        <test-method signature="testProductSizeSelection()[pri:9, instance:test.ProductTests@399f45b1]" started-at="2025-10-07T18:39:39 IST" name="testProductSizeSelection" description="Verify product size can be selected" finished-at="2025-10-07T18:39:52 IST" duration-ms="13000" status="PASS">
          <reporter-output>
          </reporter-output>
        </test-method> <!-- testProductSizeSelection -->
        <test-method is-config="true" signature="tearDown()[pri:0, instance:test.ProductTests@399f45b1]" started-at="2025-10-07T18:39:52 IST" name="tearDown" finished-at="2025-10-07T18:39:52 IST" duration-ms="255" status="PASS">
          <reporter-output>
          </reporter-output>
        </test-method> <!-- tearDown -->
      </class> <!-- test.ProductTests -->
    </test> <!-- Regression Tests -->
  </suite> <!-- Polymer Shop Automation Suite -->
</testng-results>
