<?xml version="1.0" encoding="UTF-8"?>
<!-- Generated by org.testng.reporters.JUnitReportReporter -->
<testsuite hostname="LAPTOP-JMEP1M58" failures="0" tests="12" name="test.HomePageTests" time="0.039" errors="2" timestamp="2025-10-03T16:39:38 IST" skipped="10">
  <testcase classname="test.HomePageTests" name="testFeaturedProductsDisplay" time="0.000">
    <skipped/>
  </testcase> <!-- testFeaturedProductsDisplay -->
  <testcase classname="test.HomePageTests" name="testHomePageLoads" time="0.000">
    <skipped/>
  </testcase> <!-- testHomePageLoads -->
  <testcase classname="test.HomePageTests" name="testFeaturedProductsDisplay" time="0.000">
    <skipped/>
  </testcase> <!-- testFeaturedProductsDisplay -->
  <testcase classname="test.HomePageTests" name="testNavigationMenuPresence" time="0.000">
    <skipped/>
  </testcase> <!-- testNavigationMenuPresence -->
  <testcase classname="test.HomePageTests" name="testNavigationMenuPresence" time="0.000">
    <skipped/>
  </testcase> <!-- testNavigationMenuPresence -->
  <testcase classname="test.HomePageTests" name="testSearchFunctionality" time="0.000">
    <skipped/>
  </testcase> <!-- testSearchFunctionality -->
  <testcase classname="test.HomePageTests" name="testHomePageLoads" time="0.000">
    <skipped/>
  </testcase> <!-- testHomePageLoads -->
  <testcase classname="test.HomePageTests" name="testProductCategoriesDisplay" time="0.000">
    <skipped/>
  </testcase> <!-- testProductCategoriesDisplay -->
  <testcase classname="test.HomePageTests" name="setup" time="0.019">
    <error message="Could not initialize class utils.ConfigReader" type="java.lang.NoClassDefFoundError">
      <![CDATA[java.lang.NoClassDefFoundError: Could not initialize class utils.ConfigReader
at managers.DriverManager.getDriver(DriverManager.java:24)
at test.HomePageTests.setup(HomePageTests.java:23)
at java.base/jdk.internal.reflect.NativeMethodAccessorImpl.invoke0(Native Method)
at java.base/jdk.internal.reflect.NativeMethodAccessorImpl.invoke(NativeMethodAccessorImpl.java:77)
at java.base/jdk.internal.reflect.DelegatingMethodAccessorImpl.invoke(DelegatingMethodAccessorImpl.java:43)
at java.base/java.lang.reflect.Method.invoke(Method.java:568)
at org.testng.internal.invokers.MethodInvocationHelper.invokeMethod(MethodInvocationHelper.java:141)
at org.testng.internal.invokers.MethodInvocationHelper.invokeMethodConsideringTimeout(MethodInvocationHelper.java:71)
at org.testng.internal.invokers.ConfigInvoker.invokeConfigurationMethod(ConfigInvoker.java:400)
at org.testng.internal.invokers.ConfigInvoker.invokeConfigurations(ConfigInvoker.java:333)
at org.testng.internal.invokers.TestInvoker.runConfigMethods(TestInvoker.java:836)
at org.testng.internal.invokers.TestInvoker.invokeMethod(TestInvoker.java:601)
at org.testng.internal.invokers.TestInvoker.invokeTestMethod(TestInvoker.java:230)
at org.testng.internal.invokers.MethodRunner.runInSequence(MethodRunner.java:63)
at org.testng.internal.invokers.TestInvoker$MethodInvocationAgent.invoke(TestInvoker.java:995)
at org.testng.internal.invokers.TestInvoker.invokeTestMethods(TestInvoker.java:203)
at org.testng.internal.invokers.TestMethodWorker.invokeTestMethods(TestMethodWorker.java:154)
at org.testng.internal.invokers.TestMethodWorker.run(TestMethodWorker.java:134)
at java.base/java.util.ArrayList.forEach(ArrayList.java:1511)
at org.testng.TestRunner.privateRun(TestRunner.java:741)
at org.testng.TestRunner.run(TestRunner.java:616)
at org.testng.SuiteRunner.runTest(SuiteRunner.java:421)
at org.testng.SuiteRunner$SuiteWorker.run(SuiteRunner.java:463)
at org.testng.internal.thread.ThreadUtil.lambda$execute$0(ThreadUtil.java:64)
at java.base/java.util.concurrent.FutureTask.run(FutureTask.java:264)
at java.base/java.util.concurrent.ThreadPoolExecutor.runWorker(ThreadPoolExecutor.java:1136)
at java.base/java.util.concurrent.ThreadPoolExecutor$Worker.run(ThreadPoolExecutor.java:635)
at java.base/java.lang.Thread.run(Thread.java:842)
Caused by: java.lang.ExceptionInInitializerError: Exception java.lang.RuntimeException: config.properties file not found at resources/Config.properties [in thread "TestNG-tests-1"]
at utils.ConfigReader.<clinit>(ConfigReader.java:19)
... 28 more
]]>
    </error>
  </testcase> <!-- setup -->
  <testcase classname="test.HomePageTests" name="testProductCategoriesDisplay" time="0.001">
    <skipped/>
  </testcase> <!-- testProductCategoriesDisplay -->
  <testcase classname="test.HomePageTests" name="testSearchFunctionality" time="0.000">
    <skipped/>
  </testcase> <!-- testSearchFunctionality -->
  <testcase classname="test.HomePageTests" name="setup" time="0.019">
    <error type="java.lang.ExceptionInInitializerError">
      <![CDATA[java.lang.ExceptionInInitializerError
at managers.DriverManager.getDriver(DriverManager.java:24)
at test.HomePageTests.setup(HomePageTests.java:23)
at java.base/jdk.internal.reflect.NativeMethodAccessorImpl.invoke0(Native Method)
at java.base/jdk.internal.reflect.NativeMethodAccessorImpl.invoke(NativeMethodAccessorImpl.java:77)
at java.base/jdk.internal.reflect.DelegatingMethodAccessorImpl.invoke(DelegatingMethodAccessorImpl.java:43)
at java.base/java.lang.reflect.Method.invoke(Method.java:568)
at org.testng.internal.invokers.MethodInvocationHelper.invokeMethod(MethodInvocationHelper.java:141)
at org.testng.internal.invokers.MethodInvocationHelper.invokeMethodConsideringTimeout(MethodInvocationHelper.java:71)
at org.testng.internal.invokers.ConfigInvoker.invokeConfigurationMethod(ConfigInvoker.java:400)
at org.testng.internal.invokers.ConfigInvoker.invokeConfigurations(ConfigInvoker.java:333)
at org.testng.internal.invokers.TestInvoker.runConfigMethods(TestInvoker.java:836)
at org.testng.internal.invokers.TestInvoker.invokeMethod(TestInvoker.java:601)
at org.testng.internal.invokers.TestInvoker.invokeTestMethod(TestInvoker.java:230)
at org.testng.internal.invokers.MethodRunner.runInSequence(MethodRunner.java:63)
at org.testng.internal.invokers.TestInvoker$MethodInvocationAgent.invoke(TestInvoker.java:995)
at org.testng.internal.invokers.TestInvoker.invokeTestMethods(TestInvoker.java:203)
at org.testng.internal.invokers.TestMethodWorker.invokeTestMethods(TestMethodWorker.java:154)
at org.testng.internal.invokers.TestMethodWorker.run(TestMethodWorker.java:134)
at java.base/java.util.ArrayList.forEach(ArrayList.java:1511)
at org.testng.TestRunner.privateRun(TestRunner.java:741)
at org.testng.TestRunner.run(TestRunner.java:616)
at org.testng.SuiteRunner.runTest(SuiteRunner.java:421)
at org.testng.SuiteRunner$SuiteWorker.run(SuiteRunner.java:463)
at org.testng.internal.thread.ThreadUtil.lambda$execute$0(ThreadUtil.java:64)
at java.base/java.util.concurrent.FutureTask.run(FutureTask.java:264)
at java.base/java.util.concurrent.ThreadPoolExecutor.runWorker(ThreadPoolExecutor.java:1136)
at java.base/java.util.concurrent.ThreadPoolExecutor$Worker.run(ThreadPoolExecutor.java:635)
at java.base/java.lang.Thread.run(Thread.java:842)
Caused by: java.lang.RuntimeException: config.properties file not found at resources/Config.properties
at utils.ConfigReader.<clinit>(ConfigReader.java:19)
... 28 more
]]>
    </error>
  </testcase> <!-- setup -->
</testsuite> <!-- test.HomePageTests -->
